13:11:08.596 [main                     ] DEBUG Logger               - Configured Logger
13:11:08.615 [main                     ] DEBUG GameApplication      - Logging settings
Title: Pong
Version: 1.0
Width: 800
Height: 600
Fullscreen: false
Intro: false
Profiling: false
Single step:false
App Mode: DEBUG
Menu Key: ESCAPE
Stage Style: DECORATED
Scene Factory: class com.almasb.fxgl.app.scene.SceneFactory

13:11:08.895 [JavaFX Application Thread] DEBUG FXGLApplication      - Initializing FXGL
13:11:08.898 [JavaFX Application Thread] INFO  Engine               - FXGL-dev-SNAPSHOT (29.08.2020 12.19) on WINDOWS (J:12 FX:14)
13:11:08.899 [JavaFX Application Thread] DEBUG Engine               - JRE Vendor Name: Oracle Corporation
13:11:08.899 [JavaFX Application Thread] DEBUG Engine               - Running on OS: Windows 10 version 10.0
13:11:08.899 [JavaFX Application Thread] DEBUG Engine               - Architecture: amd64
13:11:08.900 [JavaFX Application Thread] INFO  Engine               - Source code and latest versions at: https://github.com/AlmasB/FXGL
13:11:08.900 [JavaFX Application Thread] INFO  Engine               -              Join the FXGL chat at: https://gitter.im/AlmasB/FXGL
13:11:08.960 [JavaFX Application Thread] DEBUG MainWindow           - Creating a JavaFX scene
13:11:09.001 [JavaFX Application Thread] DEBUG MainWindow           - Target settings size: 800.0 x 600.0
13:11:09.002 [JavaFX Application Thread] DEBUG MainWindow           - Scaled scene size:    800.0 x 600.0
13:11:09.002 [JavaFX Application Thread] DEBUG MainWindow           - Scaled ratio: (1.0, 1.0)
13:11:09.003 [JavaFX Application Thread] DEBUG MainWindow           - Set initial scene to StartupScene
13:11:09.007 [JavaFX Application Thread] DEBUG MainWindow           - Opening main window
13:11:09.068 [JavaFX Application Thread] DEBUG MainWindow           - Window border size: (14.66668701171875, 37.33331298828125)
13:11:09.071 [JavaFX Application Thread] DEBUG MainWindow           - Scaled size: 800.0 x 600.0
13:11:09.072 [JavaFX Application Thread] DEBUG MainWindow           - Scaled ratio: (1.0, 1.0)
13:11:09.073 [JavaFX Application Thread] DEBUG MainWindow           - Scene size: 800.0 x 600.0
13:11:09.075 [JavaFX Application Thread] DEBUG MainWindow           - Stage size: 814.6666870117188 x 637.3333129882812
13:11:09.081 [FXGL Background Thread 1 ] DEBUG Engine               - Initializing environment variables
13:11:09.098 [FXGL Background Thread 1 ] DEBUG GameApplicationServi - Applying CSS: fxgl_dark.css
13:11:09.098 [FXGL Background Thread 1 ] DEBUG FXGLAssetLoaderServi - Loading from file system: /assets/ui/css/fxgl_dark.css
13:11:09.128 [FXGL Background Thread 1 ] DEBUG GameApplicationServi - Initializing application scenes
13:11:09.149 [FXGL Background Thread 1 ] DEBUG GameWorld            - Game world initialized
13:11:09.183 [FXGL Background Thread 1 ] DEBUG PhysicsWorld         - Physics world initialized: appHeight=600, physics.ppm=50.0
13:11:09.186 [FXGL Background Thread 1 ] DEBUG GameScene            - Game scene initialized: 800x600
13:11:09.202 [FXGL Background Thread 1 ] DEBUG FXGLAssetLoaderServi - Loading from file system: /assets/textures/particles/trace_horizontal.png
13:11:09.236 [FXGL Background Thread 1 ] DEBUG FXGL.DefaultMenu     - createMenuBodyGameMenu()
13:11:09.245 [FXGL Background Thread 1 ] DEBUG FXGL.DefaultMenu     - createOptionsMenu()
13:11:09.248 [FXGL Background Thread 1 ] DEBUG FXGLAssetLoaderServi - Loading from file system: /assets/textures/particles/smoke.png
13:11:09.296 [FXGL Background Thread 1 ] DEBUG GameApplicationServi - Application scenes initialized
13:11:09.304 [FXGL Background Thread 1 ] DEBUG SystemBundleService  - Loading FXGL system data
13:11:09.308 [FXGL Background Thread 1 ] DEBUG FileSystemAccess     - Reading from: C:\Users\Stephens\Documents\University of Brighton\Year 3 2021-2022\Semester 1\Multiplayer Game Development\ci628server-win\bin\system\fxgl.bundle
13:11:09.313 [FXGL Background Thread 1 ] DEBUG SystemBundleService  - Bundle FXGL: {}
13:11:09.313 [FXGL Background Thread 1 ] DEBUG UpdaterService       - Checking for updates
13:11:09.316 [FXGL Background Thread 1 ] DEBUG FXGLApplication      - Loading default localization
13:11:09.316 [FXGL Background Thread 4 ] DEBUG FXGLApplication      - Loading fonts
13:11:09.317 [FXGL Background Thread 1 ] DEBUG FXGLAssetLoaderServi - Loading from file system: /assets/languages/english.lang
13:11:09.317 [FXGL Background Thread 4 ] DEBUG FXGLAssetLoaderServi - Loading from file system: /assets/ui/fonts/pong.ttf
13:11:09.327 [FXGL Background Thread 1 ] INFO  FXGLApplication      - FXGL initialization took: 0.246 sec
13:11:09.334 [JavaFX Application Thread] DEBUG Input                - Registered new binding: Up1 - W
13:11:09.335 [JavaFX Application Thread] DEBUG Input                - Registered new binding: Down1 - S
13:11:09.335 [JavaFX Application Thread] DEBUG Input                - Registered new binding: Up2 - I
13:11:09.336 [JavaFX Application Thread] DEBUG Input                - Registered new binding: Down2 - K
13:11:09.336 [JavaFX Application Thread] DEBUG FXGLAssetLoaderServi - Loading from file system: /assets/textures/fxgl_icon.png
13:11:09.350 [JavaFX Application Thread] DEBUG FXGLAssetLoaderServi - Loading from file system: /assets/ui/cursors/fxgl_default.png
13:11:09.352 [JavaFX Application Thread] DEBUG Input                - Registered new binding: Screenshot - P
13:11:09.353 [JavaFX Application Thread] DEBUG Input                - Registered new binding: System info dump - CTRL+9
13:11:09.353 [JavaFX Application Thread] DEBUG Input                - Registered new binding: Restart - CTRL+R
13:11:09.355 [JavaFX Application Thread] DEBUG Input                - Registered new binding: Toggle Debug Camera - CTRL+C
13:11:09.358 [JavaFX Application Thread] DEBUG LoopRunner           - Starting loop
13:11:09.359 [JavaFX Application Thread] DEBUG GameApplicationServi - Starting new game
13:11:09.360 [JavaFX Application Thread] DEBUG Input                - Clearing active input actions
13:11:09.370 [JavaFX Application Thread] DEBUG GameApplicationServi - Removing overlay from StartupScene and adding to FXGLLoadingScene
13:11:09.375 [JavaFX Application Thread] DEBUG MainWindow           - StartupScene -> FXGLLoadingScene
13:11:09.375 [JavaFX Application Thread] DEBUG GameApplicationServi - Clearing previous game
13:11:09.375 [JavaFX Application Thread] DEBUG GameScene            - Clearing game scene
13:11:09.376 [JavaFX Application Thread] DEBUG GameWorld            - Clearing game world
13:11:09.376 [JavaFX Application Thread] DEBUG PhysicsWorld         - Clearing physics world
13:11:09.378 [FXGL Background Thread 1 ] DEBUG FXGLApplication      - Initializing game
13:11:09.403 [FXGL Background Thread 1 ] DEBUG FXGLAssetLoaderServi - Loading from file system: /assets/ui/main.fxml
13:11:09.412 [Thread-3                 ] DEBUG TCPServer            - Starting to listen at: 55555 type: class java.lang.String
13:11:09.447 [FXGL Background Thread 1 ] INFO  FXGLApplication      - Game initialization took: 0.070 sec
13:11:09.460 [JavaFX Application Thread] DEBUG Input                - Clearing active input actions
13:11:09.469 [JavaFX Application Thread] DEBUG GameApplicationServi - Removing overlay from FXGLLoadingScene and adding to GameScene
13:11:09.470 [JavaFX Application Thread] DEBUG MainWindow           - FXGLLoadingScene -> GameScene
13:11:09.471 [FXGL Background Thread 4 ] DEBUG FXGLAssetLoaderServi - Loading from file system: /assets/ui/fonts/Abel-Regular.ttf
13:11:09.481 [FXGL Background Thread 4 ] DEBUG FXGLAssetLoaderServi - Loading from file system: /assets/ui/fonts/lucida_console.ttf
13:11:09.492 [FXGL Background Thread 4 ] DEBUG FXGLAssetLoaderServi - Loading from file system: /assets/ui/fonts/Courier-Prime.ttf
13:11:09.506 [JavaFX Application Thread] DEBUG FXGLApplication      - Registering font factories with UI factory
13:11:09.591 [FXGL Background Thread 2 ] WARN  UpdaterService       - Failed to find updates: javax.net.ssl.SSLHandshakeException: Received fatal alert: handshake_failure
13:11:12.316 [FXGL Background Thread 3 ] DEBUG Engine               - Logging environment variables
13:11:12.316 [FXGL Background Thread 3 ] DEBUG Engine               - achievements: []
13:11:12.317 [FXGL Background Thread 3 ] DEBUG Engine               - appIcon: fxgl_icon.png
13:11:12.318 [FXGL Background Thread 3 ] DEBUG Engine               - applicationMode: DEBUG
13:11:12.318 [FXGL Background Thread 3 ] DEBUG Engine               - cSSList: [fxgl_dark.css]
13:11:12.319 [FXGL Background Thread 3 ] DEBUG Engine               - configClass: Optional.empty
13:11:12.320 [FXGL Background Thread 3 ] DEBUG Engine               - credits: []
13:11:12.321 [FXGL Background Thread 3 ] DEBUG Engine               - devBBoxColorProperty: ObjectProperty [value: 0xff0000ff]
13:11:12.322 [FXGL Background Thread 3 ] DEBUG Engine               - devEnableDebugCameraProperty: BooleanProperty [value: false]
13:11:12.323 [FXGL Background Thread 3 ] DEBUG Engine               - devSensorColorProperty: ObjectProperty [value: 0xffff00ff]
13:11:12.325 [FXGL Background Thread 3 ] DEBUG Engine               - devShowBBoxProperty: BooleanProperty [value: false]
13:11:12.326 [FXGL Background Thread 3 ] DEBUG Engine               - devShowPositionProperty: BooleanProperty [value: false]
13:11:12.328 [FXGL Background Thread 3 ] DEBUG Engine               - enabledMenuItems: []
13:11:12.329 [FXGL Background Thread 3 ] DEBUG Engine               - engineServices: [class com.almasb.fxgl.app.FXGLApplication$GameApplicationService, class com.almasb.fxgl.app.services.FXGLDialogService, class com.almasb.fxgl.app.services.IOTaskExecutorService, class com.almasb.fxgl.event.EventBusService, class com.almasb.fxgl.io.FileSystemService, class com.almasb.fxgl.localization.LocalizationService, class com.almasb.fxgl.app.services.FXGLAssetLoaderService, class com.almasb.fxgl.app.services.SystemBundleService, class com.almasb.fxgl.profile.SaveLoadService, class com.almasb.fxgl.ui.FXGLUIFactoryServiceProvider, class com.almasb.fxgl.ui.FXGLDialogFactoryServiceProvider, class com.almasb.fxgl.audio.AudioPlayer, class com.almasb.fxgl.notification.impl.NotificationServiceProvider, class com.almasb.fxgl.achievement.AchievementService, class com.almasb.fxgl.cutscene.CutsceneService, class com.almasb.fxgl.minigames.MiniGameService, class com.almasb.fxgl.net.NetService, class com.almasb.fxgl.app.services.UpdaterService, class com.almasb.fxgl.dev.DevService]
13:11:12.330 [FXGL Background Thread 3 ] DEBUG Engine               - fontGame: Abel-Regular.ttf
13:11:12.331 [FXGL Background Thread 3 ] DEBUG Engine               - fontMono: lucida_console.ttf
13:11:12.331 [FXGL Background Thread 3 ] DEBUG Engine               - fontText: Courier-Prime.ttf
13:11:12.332 [FXGL Background Thread 3 ] DEBUG Engine               - fontUI: pong.ttf
13:11:12.333 [FXGL Background Thread 3 ] DEBUG Engine               - fullScreen: BooleanProperty [value: false]
13:11:12.334 [FXGL Background Thread 3 ] DEBUG Engine               - gameDifficulty: MEDIUM
13:11:12.334 [FXGL Background Thread 3 ] DEBUG Engine               - gameDifficultyProperty: ObjectProperty [value: MEDIUM]
13:11:12.336 [FXGL Background Thread 3 ] DEBUG Engine               - globalMusicVolume: 0.5
13:11:12.339 [FXGL Background Thread 3 ] DEBUG Engine               - globalMusicVolumeProperty: DoubleProperty [value: 0.5]
13:11:12.340 [FXGL Background Thread 3 ] DEBUG Engine               - globalSoundVolume: 0.5
13:11:12.341 [FXGL Background Thread 3 ] DEBUG Engine               - globalSoundVolumeProperty: DoubleProperty [value: 0.5]
13:11:12.342 [FXGL Background Thread 3 ] DEBUG Engine               - height: 600
13:11:12.343 [FXGL Background Thread 3 ] DEBUG Engine               - isAndroid: false
13:11:12.344 [FXGL Background Thread 3 ] DEBUG Engine               - isBrowser: false
13:11:12.345 [FXGL Background Thread 3 ] DEBUG Engine               - isClickFeedbackEnabled: false
13:11:12.345 [FXGL Background Thread 3 ] DEBUG Engine               - isCloseConfirmation: false
13:11:12.346 [FXGL Background Thread 3 ] DEBUG Engine               - isDesktop: true
13:11:12.347 [FXGL Background Thread 3 ] DEBUG Engine               - isDeveloperMenuEnabled: false
13:11:12.347 [FXGL Background Thread 3 ] DEBUG Engine               - isEntityPreloadEnabled: true
13:11:12.348 [FXGL Background Thread 3 ] DEBUG Engine               - isExperimentalNative: false
13:11:12.349 [FXGL Background Thread 3 ] DEBUG Engine               - isExperimentalTiledLargeMap: false
13:11:12.350 [FXGL Background Thread 3 ] DEBUG Engine               - isFileSystemWriteAllowed: true
13:11:12.350 [FXGL Background Thread 3 ] DEBUG Engine               - isFullScreenAllowed: false
13:11:12.351 [FXGL Background Thread 3 ] DEBUG Engine               - isFullScreenFromStart: false
13:11:12.354 [FXGL Background Thread 3 ] DEBUG Engine               - isGameMenuEnabled: true
13:11:12.355 [FXGL Background Thread 3 ] DEBUG Engine               - isIOS: false
13:11:12.356 [FXGL Background Thread 3 ] DEBUG Engine               - isIntroEnabled: false
13:11:12.356 [FXGL Background Thread 3 ] DEBUG Engine               - isLinux: false
13:11:12.357 [FXGL Background Thread 3 ] DEBUG Engine               - isMac: false
13:11:12.358 [FXGL Background Thread 3 ] DEBUG Engine               - isMainMenuEnabled: false
13:11:12.359 [FXGL Background Thread 3 ] DEBUG Engine               - isManualResizeEnabled: false
13:11:12.359 [FXGL Background Thread 3 ] DEBUG Engine               - isMobile: false
13:11:12.360 [FXGL Background Thread 3 ] DEBUG Engine               - isPreserveResizeRatio: false
13:11:12.361 [FXGL Background Thread 3 ] DEBUG Engine               - isProfilingEnabled: false
13:11:12.361 [FXGL Background Thread 3 ] DEBUG Engine               - isSingleStep: false
13:11:12.362 [FXGL Background Thread 3 ] DEBUG Engine               - isUserProfileEnabled: false
13:11:12.363 [FXGL Background Thread 3 ] DEBUG Engine               - isWindows: true
13:11:12.363 [FXGL Background Thread 3 ] DEBUG Engine               - language: ObjectProperty [value: ENGLISH]
13:11:12.364 [FXGL Background Thread 3 ] DEBUG Engine               - menuKey: ESCAPE
13:11:12.365 [FXGL Background Thread 3 ] DEBUG Engine               - notificationViewClass: class com.almasb.fxgl.notification.view.XboxNotificationView
13:11:12.366 [FXGL Background Thread 3 ] DEBUG Engine               - pixelsPerMeter: 50.0
13:11:12.366 [FXGL Background Thread 3 ] DEBUG Engine               - platform: WINDOWS
13:11:12.370 [FXGL Background Thread 3 ] DEBUG Engine               - profileDir: profiles/
13:11:12.371 [FXGL Background Thread 3 ] DEBUG Engine               - profileName: StringProperty [value: DEFAULT]
13:11:12.372 [FXGL Background Thread 3 ] DEBUG Engine               - randomSeed: -1
13:11:12.372 [FXGL Background Thread 3 ] DEBUG Engine               - runtimeInfo: RuntimeInfo(platform=WINDOWS, version=dev-SNAPSHOT, build=29.08.2020 12.19)
13:11:12.374 [FXGL Background Thread 3 ] DEBUG Engine               - saveFileExt: sav
13:11:12.375 [FXGL Background Thread 3 ] DEBUG Engine               - sceneFactory: com.almasb.fxgl.app.scene.SceneFactory@65cb4a20
13:11:12.376 [FXGL Background Thread 3 ] DEBUG Engine               - secondsIn24h: 60
13:11:12.377 [FXGL Background Thread 3 ] DEBUG Engine               - soundMenuBack: menu/back.wav
13:11:12.377 [FXGL Background Thread 3 ] DEBUG Engine               - soundMenuPress: menu/press.wav
13:11:12.378 [FXGL Background Thread 3 ] DEBUG Engine               - soundMenuSelect: menu/select.wav
13:11:12.379 [FXGL Background Thread 3 ] DEBUG Engine               - soundNotification: core/notification.wav
13:11:12.379 [FXGL Background Thread 3 ] DEBUG Engine               - stageStyle: DECORATED
13:11:12.380 [FXGL Background Thread 3 ] DEBUG Engine               - supportedLanguages: [ENGLISH, FRENCH, GERMAN, HUNGARIAN, RUSSIAN]
13:11:12.381 [FXGL Background Thread 3 ] DEBUG Engine               - title: Pong
13:11:12.383 [FXGL Background Thread 3 ] DEBUG Engine               - urlGithub: https://github.com/AlmasB/FXGL
13:11:12.384 [FXGL Background Thread 3 ] DEBUG Engine               - urlLeaderboard: http://fxgl-top.herokuapp.com/
13:11:12.385 [FXGL Background Thread 3 ] DEBUG Engine               - urlPOM: https://raw.githubusercontent.com/AlmasB/FXGL/master/pom.xml
13:11:12.386 [FXGL Background Thread 3 ] DEBUG Engine               - version: 1.0
13:11:12.387 [FXGL Background Thread 3 ] DEBUG Engine               - versionCheckDays: 7
13:11:12.388 [FXGL Background Thread 3 ] DEBUG Engine               - width: 800
13:11:12.389 [FXGL Background Thread 3 ] DEBUG Engine               - Logging services
13:11:12.389 [FXGL Background Thread 3 ] DEBUG Engine               - class com.almasb.fxgl.app.FXGLApplication$GameApplicationService
13:11:12.391 [FXGL Background Thread 3 ] DEBUG Engine               - class com.almasb.fxgl.app.services.FXGLDialogService
13:11:12.392 [FXGL Background Thread 3 ] DEBUG Engine               - class com.almasb.fxgl.app.services.IOTaskExecutorService
13:11:12.393 [FXGL Background Thread 3 ] DEBUG Engine               - class com.almasb.fxgl.event.EventBusService
13:11:12.394 [FXGL Background Thread 3 ] DEBUG Engine               - class com.almasb.fxgl.io.FileSystemService
13:11:12.394 [FXGL Background Thread 3 ] DEBUG Engine               - class com.almasb.fxgl.localization.LocalizationService
13:11:12.396 [FXGL Background Thread 3 ] DEBUG Engine               - class com.almasb.fxgl.app.services.FXGLAssetLoaderService
13:11:12.397 [FXGL Background Thread 3 ] DEBUG Engine               - class com.almasb.fxgl.app.services.SystemBundleService
13:11:12.400 [FXGL Background Thread 3 ] DEBUG Engine               - class com.almasb.fxgl.profile.SaveLoadService
13:11:12.401 [FXGL Background Thread 3 ] DEBUG Engine               - class com.almasb.fxgl.ui.FXGLUIFactoryServiceProvider
13:11:12.403 [FXGL Background Thread 3 ] DEBUG Engine               - class com.almasb.fxgl.ui.FXGLDialogFactoryServiceProvider
13:11:12.404 [FXGL Background Thread 3 ] DEBUG Engine               - class com.almasb.fxgl.audio.AudioPlayer
13:11:12.405 [FXGL Background Thread 3 ] DEBUG Engine               - class com.almasb.fxgl.notification.impl.NotificationServiceProvider
13:11:12.407 [FXGL Background Thread 3 ] DEBUG Engine               - class com.almasb.fxgl.achievement.AchievementService
13:11:12.408 [FXGL Background Thread 3 ] DEBUG Engine               - class com.almasb.fxgl.cutscene.CutsceneService
13:11:12.409 [FXGL Background Thread 3 ] DEBUG Engine               - class com.almasb.fxgl.minigames.MiniGameService
13:11:12.410 [FXGL Background Thread 3 ] DEBUG Engine               - class com.almasb.fxgl.net.NetService
13:11:12.410 [FXGL Background Thread 3 ] DEBUG Engine               - class com.almasb.fxgl.app.services.UpdaterService
13:11:12.411 [FXGL Background Thread 3 ] DEBUG Engine               - class com.almasb.fxgl.dev.DevService
13:11:13.670 [Thread-3                 ] DEBUG Endpoint             - TCPServer opening new connection (1) from /127.0.0.1:50520 type: class java.lang.String
13:11:13.674 [Thread-3                 ] DEBUG Endpoint             - TCPServer successfully opened connection (1)
13:11:13.676 [TCPServer_SendThread-1   ] DEBUG Writers              - Getting MessageWriter for TCP-class java.lang.String
13:11:13.683 [TCPServer_SendThread-1   ] DEBUG Writers              - Constructed MessageWriter for class java.lang.String: 
13:11:13.684 [TCPServer_RecvThread-1   ] DEBUG Readers              - Getting MessageReader for class java.lang.String
13:11:13.691 [TCPServer_RecvThread-1   ] DEBUG Readers              - Constructed MessageReader for class java.lang.String: MessageReaderS
13:11:41.235 [JavaFX Application Thread] DEBUG FXGLApplication      - Exiting FXGL
13:11:41.235 [JavaFX Application Thread] DEBUG LoopRunner           - Stopping loop
13:11:41.236 [JavaFX Application Thread] DEBUG SystemBundleService  - Saving FXGL system data
13:11:41.237 [JavaFX Application Thread] DEBUG FileSystemAccess     - Writing to: C:\Users\Stephens\Documents\University of Brighton\Year 3 2021-2022\Semester 1\Multiplayer Game Development\ci628server-win\bin\system\fxgl.bundle
13:11:41.240 [JavaFX Application Thread] DEBUG Async                - Shutting down background threads
13:11:41.240 [JavaFX Application Thread] DEBUG MainWindow           - Closing main window
13:11:41.251 [JavaFX Application Thread] DEBUG Logger               - Closing Logger
