12:57:39.059 [main                     ] DEBUG Logger               - Configured Logger
12:57:39.080 [main                     ] DEBUG GameApplication      - Logging settings
Title: Pong
Version: 1.0
Width: 800
Height: 600
Fullscreen: false
Intro: false
Profiling: false
Single step:false
App Mode: DEBUG
Menu Key: ESCAPE
Stage Style: DECORATED
Scene Factory: class com.almasb.fxgl.app.scene.SceneFactory

12:57:39.407 [JavaFX Application Thread] DEBUG FXGLApplication      - Initializing FXGL
12:57:39.411 [JavaFX Application Thread] INFO  Engine               - FXGL-dev-SNAPSHOT (29.08.2020 12.19) on WINDOWS (J:12 FX:14)
12:57:39.411 [JavaFX Application Thread] DEBUG Engine               - JRE Vendor Name: Oracle Corporation
12:57:39.411 [JavaFX Application Thread] DEBUG Engine               - Running on OS: Windows 10 version 10.0
12:57:39.411 [JavaFX Application Thread] DEBUG Engine               - Architecture: amd64
12:57:39.412 [JavaFX Application Thread] INFO  Engine               - Source code and latest versions at: https://github.com/AlmasB/FXGL
12:57:39.412 [JavaFX Application Thread] INFO  Engine               -              Join the FXGL chat at: https://gitter.im/AlmasB/FXGL
12:57:39.469 [JavaFX Application Thread] DEBUG MainWindow           - Creating a JavaFX scene
12:57:39.522 [JavaFX Application Thread] DEBUG MainWindow           - Target settings size: 800.0 x 600.0
12:57:39.522 [JavaFX Application Thread] DEBUG MainWindow           - Scaled scene size:    800.0 x 600.0
12:57:39.523 [JavaFX Application Thread] DEBUG MainWindow           - Scaled ratio: (1.0, 1.0)
12:57:39.523 [JavaFX Application Thread] DEBUG MainWindow           - Set initial scene to StartupScene
12:57:39.527 [JavaFX Application Thread] DEBUG MainWindow           - Opening main window
12:57:39.602 [JavaFX Application Thread] DEBUG MainWindow           - Window border size: (14.66668701171875, 37.33331298828125)
12:57:39.604 [JavaFX Application Thread] DEBUG MainWindow           - Scaled size: 800.0 x 600.0
12:57:39.606 [JavaFX Application Thread] DEBUG MainWindow           - Scaled ratio: (1.0, 1.0)
12:57:39.607 [JavaFX Application Thread] DEBUG MainWindow           - Scene size: 800.0 x 600.0
12:57:39.608 [JavaFX Application Thread] DEBUG MainWindow           - Stage size: 814.6666870117188 x 637.3333129882812
12:57:39.614 [FXGL Background Thread 1 ] DEBUG Engine               - Initializing environment variables
12:57:39.631 [FXGL Background Thread 1 ] DEBUG GameApplicationServi - Applying CSS: fxgl_dark.css
12:57:39.632 [FXGL Background Thread 1 ] DEBUG FXGLAssetLoaderServi - Loading from file system: /assets/ui/css/fxgl_dark.css
12:57:39.662 [FXGL Background Thread 1 ] DEBUG GameApplicationServi - Initializing application scenes
12:57:39.681 [FXGL Background Thread 1 ] DEBUG GameWorld            - Game world initialized
12:57:39.714 [FXGL Background Thread 1 ] DEBUG PhysicsWorld         - Physics world initialized: appHeight=600, physics.ppm=50.0
12:57:39.717 [FXGL Background Thread 1 ] DEBUG GameScene            - Game scene initialized: 800x600
12:57:39.733 [FXGL Background Thread 1 ] DEBUG FXGLAssetLoaderServi - Loading from file system: /assets/textures/particles/trace_horizontal.png
12:57:39.765 [FXGL Background Thread 1 ] DEBUG FXGL.DefaultMenu     - createMenuBodyGameMenu()
12:57:39.774 [FXGL Background Thread 1 ] DEBUG FXGL.DefaultMenu     - createOptionsMenu()
12:57:39.778 [FXGL Background Thread 1 ] DEBUG FXGLAssetLoaderServi - Loading from file system: /assets/textures/particles/smoke.png
12:57:39.825 [FXGL Background Thread 1 ] DEBUG GameApplicationServi - Application scenes initialized
12:57:39.832 [FXGL Background Thread 1 ] DEBUG SystemBundleService  - Loading FXGL system data
12:57:39.834 [FXGL Background Thread 1 ] DEBUG FileSystemAccess     - Reading from: C:\Users\Stephens\OneDrive - University of Brighton\Year 3 2021-2022\Semester 1\Multiplayer Game Development\ci628server-win\bin\system\fxgl.bundle
12:57:39.839 [FXGL Background Thread 1 ] DEBUG SystemBundleService  - Bundle FXGL: {}
12:57:39.840 [FXGL Background Thread 1 ] DEBUG UpdaterService       - Checking for updates
12:57:39.842 [FXGL Background Thread 4 ] DEBUG FXGLApplication      - Loading fonts
12:57:39.842 [FXGL Background Thread 1 ] DEBUG FXGLApplication      - Loading default localization
12:57:39.842 [FXGL Background Thread 4 ] DEBUG FXGLAssetLoaderServi - Loading from file system: /assets/ui/fonts/pong.ttf
12:57:39.843 [FXGL Background Thread 1 ] DEBUG FXGLAssetLoaderServi - Loading from file system: /assets/languages/english.lang
12:57:39.852 [FXGL Background Thread 1 ] INFO  FXGLApplication      - FXGL initialization took: 0.238 sec
12:57:39.859 [JavaFX Application Thread] DEBUG Input                - Registered new binding: Up1 - W
12:57:39.859 [JavaFX Application Thread] DEBUG Input                - Registered new binding: Down1 - S
12:57:39.860 [JavaFX Application Thread] DEBUG Input                - Registered new binding: Up2 - I
12:57:39.860 [JavaFX Application Thread] DEBUG Input                - Registered new binding: Down2 - K
12:57:39.861 [JavaFX Application Thread] DEBUG FXGLAssetLoaderServi - Loading from file system: /assets/textures/fxgl_icon.png
12:57:39.877 [JavaFX Application Thread] DEBUG FXGLAssetLoaderServi - Loading from file system: /assets/ui/cursors/fxgl_default.png
12:57:39.879 [JavaFX Application Thread] DEBUG Input                - Registered new binding: Screenshot - P
12:57:39.879 [JavaFX Application Thread] DEBUG Input                - Registered new binding: System info dump - CTRL+9
12:57:39.880 [JavaFX Application Thread] DEBUG Input                - Registered new binding: Restart - CTRL+R
12:57:39.881 [JavaFX Application Thread] DEBUG Input                - Registered new binding: Toggle Debug Camera - CTRL+C
12:57:39.883 [JavaFX Application Thread] DEBUG LoopRunner           - Starting loop
12:57:39.885 [JavaFX Application Thread] DEBUG GameApplicationServi - Starting new game
12:57:39.885 [JavaFX Application Thread] DEBUG Input                - Clearing active input actions
12:57:39.894 [JavaFX Application Thread] DEBUG GameApplicationServi - Removing overlay from StartupScene and adding to FXGLLoadingScene
12:57:39.895 [JavaFX Application Thread] DEBUG MainWindow           - StartupScene -> FXGLLoadingScene
12:57:39.895 [JavaFX Application Thread] DEBUG GameApplicationServi - Clearing previous game
12:57:39.896 [JavaFX Application Thread] DEBUG GameScene            - Clearing game scene
12:57:39.896 [JavaFX Application Thread] DEBUG GameWorld            - Clearing game world
12:57:39.897 [JavaFX Application Thread] DEBUG PhysicsWorld         - Clearing physics world
12:57:39.898 [FXGL Background Thread 1 ] DEBUG FXGLApplication      - Initializing game
12:57:39.930 [FXGL Background Thread 1 ] DEBUG FXGLAssetLoaderServi - Loading from file system: /assets/ui/main.fxml
12:57:39.934 [Thread-3                 ] DEBUG TCPServer            - Starting to listen at: 55555 type: class java.lang.String
12:57:39.968 [FXGL Background Thread 1 ] INFO  FXGLApplication      - Game initialization took: 0.070 sec
12:57:39.969 [JavaFX Application Thread] DEBUG Input                - Clearing active input actions
12:57:39.976 [JavaFX Application Thread] DEBUG GameApplicationServi - Removing overlay from FXGLLoadingScene and adding to GameScene
12:57:39.977 [JavaFX Application Thread] DEBUG MainWindow           - FXGLLoadingScene -> GameScene
12:57:40.009 [FXGL Background Thread 4 ] DEBUG FXGLAssetLoaderServi - Loading from file system: /assets/ui/fonts/Abel-Regular.ttf
12:57:40.019 [FXGL Background Thread 4 ] DEBUG FXGLAssetLoaderServi - Loading from file system: /assets/ui/fonts/lucida_console.ttf
12:57:40.030 [FXGL Background Thread 4 ] DEBUG FXGLAssetLoaderServi - Loading from file system: /assets/ui/fonts/Courier-Prime.ttf
12:57:40.041 [JavaFX Application Thread] DEBUG FXGLApplication      - Registering font factories with UI factory
12:57:40.133 [FXGL Background Thread 2 ] WARN  UpdaterService       - Failed to find updates: javax.net.ssl.SSLHandshakeException: Received fatal alert: handshake_failure
12:57:42.842 [FXGL Background Thread 3 ] DEBUG Engine               - Logging environment variables
12:57:42.843 [FXGL Background Thread 3 ] DEBUG Engine               - achievements: []
12:57:42.844 [FXGL Background Thread 3 ] DEBUG Engine               - appIcon: fxgl_icon.png
12:57:42.846 [FXGL Background Thread 3 ] DEBUG Engine               - applicationMode: DEBUG
12:57:42.848 [FXGL Background Thread 3 ] DEBUG Engine               - cSSList: [fxgl_dark.css]
12:57:42.850 [FXGL Background Thread 3 ] DEBUG Engine               - configClass: Optional.empty
12:57:42.852 [FXGL Background Thread 3 ] DEBUG Engine               - credits: []
12:57:42.853 [FXGL Background Thread 3 ] DEBUG Engine               - devBBoxColorProperty: ObjectProperty [value: 0xff0000ff]
12:57:42.858 [FXGL Background Thread 3 ] DEBUG Engine               - devEnableDebugCameraProperty: BooleanProperty [value: false]
12:57:42.859 [FXGL Background Thread 3 ] DEBUG Engine               - devSensorColorProperty: ObjectProperty [value: 0xffff00ff]
12:57:42.863 [FXGL Background Thread 3 ] DEBUG Engine               - devShowBBoxProperty: BooleanProperty [value: false]
12:57:42.866 [FXGL Background Thread 3 ] DEBUG Engine               - devShowPositionProperty: BooleanProperty [value: false]
12:57:42.870 [FXGL Background Thread 3 ] DEBUG Engine               - enabledMenuItems: []
12:57:42.873 [FXGL Background Thread 3 ] DEBUG Engine               - engineServices: [class com.almasb.fxgl.app.FXGLApplication$GameApplicationService, class com.almasb.fxgl.app.services.FXGLDialogService, class com.almasb.fxgl.app.services.IOTaskExecutorService, class com.almasb.fxgl.event.EventBusService, class com.almasb.fxgl.io.FileSystemService, class com.almasb.fxgl.localization.LocalizationService, class com.almasb.fxgl.app.services.FXGLAssetLoaderService, class com.almasb.fxgl.app.services.SystemBundleService, class com.almasb.fxgl.profile.SaveLoadService, class com.almasb.fxgl.ui.FXGLUIFactoryServiceProvider, class com.almasb.fxgl.ui.FXGLDialogFactoryServiceProvider, class com.almasb.fxgl.audio.AudioPlayer, class com.almasb.fxgl.notification.impl.NotificationServiceProvider, class com.almasb.fxgl.achievement.AchievementService, class com.almasb.fxgl.cutscene.CutsceneService, class com.almasb.fxgl.minigames.MiniGameService, class com.almasb.fxgl.net.NetService, class com.almasb.fxgl.app.services.UpdaterService, class com.almasb.fxgl.dev.DevService]
12:57:42.876 [FXGL Background Thread 3 ] DEBUG Engine               - fontGame: Abel-Regular.ttf
12:57:42.879 [FXGL Background Thread 3 ] DEBUG Engine               - fontMono: lucida_console.ttf
12:57:42.880 [FXGL Background Thread 3 ] DEBUG Engine               - fontText: Courier-Prime.ttf
12:57:42.882 [FXGL Background Thread 3 ] DEBUG Engine               - fontUI: pong.ttf
12:57:42.883 [FXGL Background Thread 3 ] DEBUG Engine               - fullScreen: BooleanProperty [value: false]
12:57:42.887 [FXGL Background Thread 3 ] DEBUG Engine               - gameDifficulty: MEDIUM
12:57:42.888 [FXGL Background Thread 3 ] DEBUG Engine               - gameDifficultyProperty: ObjectProperty [value: MEDIUM]
12:57:42.892 [FXGL Background Thread 3 ] DEBUG Engine               - globalMusicVolume: 0.5
12:57:42.894 [FXGL Background Thread 3 ] DEBUG Engine               - globalMusicVolumeProperty: DoubleProperty [value: 0.5]
12:57:42.898 [FXGL Background Thread 3 ] DEBUG Engine               - globalSoundVolume: 0.5
12:57:42.900 [FXGL Background Thread 3 ] DEBUG Engine               - globalSoundVolumeProperty: DoubleProperty [value: 0.5]
12:57:42.904 [FXGL Background Thread 3 ] DEBUG Engine               - height: 600
12:57:42.906 [FXGL Background Thread 3 ] DEBUG Engine               - isAndroid: false
12:57:42.908 [FXGL Background Thread 3 ] DEBUG Engine               - isBrowser: false
12:57:42.909 [FXGL Background Thread 3 ] DEBUG Engine               - isClickFeedbackEnabled: false
12:57:42.911 [FXGL Background Thread 3 ] DEBUG Engine               - isCloseConfirmation: false
12:57:42.913 [FXGL Background Thread 3 ] DEBUG Engine               - isDesktop: true
12:57:42.915 [FXGL Background Thread 3 ] DEBUG Engine               - isDeveloperMenuEnabled: false
12:57:42.918 [FXGL Background Thread 3 ] DEBUG Engine               - isEntityPreloadEnabled: true
12:57:42.920 [FXGL Background Thread 3 ] DEBUG Engine               - isExperimentalNative: false
12:57:42.921 [FXGL Background Thread 3 ] DEBUG Engine               - isExperimentalTiledLargeMap: false
12:57:42.923 [FXGL Background Thread 3 ] DEBUG Engine               - isFileSystemWriteAllowed: true
12:57:42.925 [FXGL Background Thread 3 ] DEBUG Engine               - isFullScreenAllowed: false
12:57:42.927 [FXGL Background Thread 3 ] DEBUG Engine               - isFullScreenFromStart: false
12:57:42.929 [FXGL Background Thread 3 ] DEBUG Engine               - isGameMenuEnabled: true
12:57:42.930 [FXGL Background Thread 3 ] DEBUG Engine               - isIOS: false
12:57:42.933 [FXGL Background Thread 3 ] DEBUG Engine               - isIntroEnabled: false
12:57:42.935 [FXGL Background Thread 3 ] DEBUG Engine               - isLinux: false
12:57:42.937 [FXGL Background Thread 3 ] DEBUG Engine               - isMac: false
12:57:42.939 [FXGL Background Thread 3 ] DEBUG Engine               - isMainMenuEnabled: false
12:57:42.941 [FXGL Background Thread 3 ] DEBUG Engine               - isManualResizeEnabled: false
12:57:42.942 [FXGL Background Thread 3 ] DEBUG Engine               - isMobile: false
12:57:42.944 [FXGL Background Thread 3 ] DEBUG Engine               - isPreserveResizeRatio: false
12:57:42.946 [FXGL Background Thread 3 ] DEBUG Engine               - isProfilingEnabled: false
12:57:42.949 [FXGL Background Thread 3 ] DEBUG Engine               - isSingleStep: false
12:57:42.951 [FXGL Background Thread 3 ] DEBUG Engine               - isUserProfileEnabled: false
12:57:42.954 [FXGL Background Thread 3 ] DEBUG Engine               - isWindows: true
12:57:42.955 [FXGL Background Thread 3 ] DEBUG Engine               - language: ObjectProperty [value: ENGLISH]
12:57:42.957 [FXGL Background Thread 3 ] DEBUG Engine               - menuKey: ESCAPE
12:57:42.959 [FXGL Background Thread 3 ] DEBUG Engine               - notificationViewClass: class com.almasb.fxgl.notification.view.XboxNotificationView
12:57:42.962 [FXGL Background Thread 3 ] DEBUG Engine               - pixelsPerMeter: 50.0
12:57:42.965 [FXGL Background Thread 3 ] DEBUG Engine               - platform: WINDOWS
12:57:42.966 [FXGL Background Thread 3 ] DEBUG Engine               - profileDir: profiles/
12:57:42.968 [FXGL Background Thread 3 ] DEBUG Engine               - profileName: StringProperty [value: DEFAULT]
12:57:42.970 [FXGL Background Thread 3 ] DEBUG Engine               - randomSeed: -1
12:57:42.971 [FXGL Background Thread 3 ] DEBUG Engine               - runtimeInfo: RuntimeInfo(platform=WINDOWS, version=dev-SNAPSHOT, build=29.08.2020 12.19)
12:57:42.975 [FXGL Background Thread 3 ] DEBUG Engine               - saveFileExt: sav
12:57:42.977 [FXGL Background Thread 3 ] DEBUG Engine               - sceneFactory: com.almasb.fxgl.app.scene.SceneFactory@911de13
12:57:42.980 [FXGL Background Thread 3 ] DEBUG Engine               - secondsIn24h: 60
12:57:42.981 [FXGL Background Thread 3 ] DEBUG Engine               - soundMenuBack: menu/back.wav
12:57:42.983 [FXGL Background Thread 3 ] DEBUG Engine               - soundMenuPress: menu/press.wav
12:57:42.984 [FXGL Background Thread 3 ] DEBUG Engine               - soundMenuSelect: menu/select.wav
12:57:42.986 [FXGL Background Thread 3 ] DEBUG Engine               - soundNotification: core/notification.wav
12:57:42.988 [FXGL Background Thread 3 ] DEBUG Engine               - stageStyle: DECORATED
12:57:42.990 [FXGL Background Thread 3 ] DEBUG Engine               - supportedLanguages: [ENGLISH, FRENCH, GERMAN, HUNGARIAN, RUSSIAN]
12:57:42.994 [FXGL Background Thread 3 ] DEBUG Engine               - title: Pong
12:57:42.996 [FXGL Background Thread 3 ] DEBUG Engine               - urlGithub: https://github.com/AlmasB/FXGL
12:57:42.998 [FXGL Background Thread 3 ] DEBUG Engine               - urlLeaderboard: http://fxgl-top.herokuapp.com/
12:57:43.000 [FXGL Background Thread 3 ] DEBUG Engine               - urlPOM: https://raw.githubusercontent.com/AlmasB/FXGL/master/pom.xml
12:57:43.003 [FXGL Background Thread 3 ] DEBUG Engine               - version: 1.0
12:57:43.005 [FXGL Background Thread 3 ] DEBUG Engine               - versionCheckDays: 7
12:57:43.006 [FXGL Background Thread 3 ] DEBUG Engine               - width: 800
12:57:43.009 [FXGL Background Thread 3 ] DEBUG Engine               - Logging services
12:57:43.010 [FXGL Background Thread 3 ] DEBUG Engine               - class com.almasb.fxgl.app.FXGLApplication$GameApplicationService
12:57:43.012 [FXGL Background Thread 3 ] DEBUG Engine               - class com.almasb.fxgl.app.services.FXGLDialogService
12:57:43.016 [FXGL Background Thread 3 ] DEBUG Engine               - class com.almasb.fxgl.app.services.IOTaskExecutorService
12:57:43.018 [FXGL Background Thread 3 ] DEBUG Engine               - class com.almasb.fxgl.event.EventBusService
12:57:43.019 [FXGL Background Thread 3 ] DEBUG Engine               - class com.almasb.fxgl.io.FileSystemService
12:57:43.021 [FXGL Background Thread 3 ] DEBUG Engine               - class com.almasb.fxgl.localization.LocalizationService
12:57:43.026 [FXGL Background Thread 3 ] DEBUG Engine               - class com.almasb.fxgl.app.services.FXGLAssetLoaderService
12:57:43.029 [FXGL Background Thread 3 ] DEBUG Engine               - class com.almasb.fxgl.app.services.SystemBundleService
12:57:43.032 [FXGL Background Thread 3 ] DEBUG Engine               - class com.almasb.fxgl.profile.SaveLoadService
12:57:43.034 [FXGL Background Thread 3 ] DEBUG Engine               - class com.almasb.fxgl.ui.FXGLUIFactoryServiceProvider
12:57:43.037 [FXGL Background Thread 3 ] DEBUG Engine               - class com.almasb.fxgl.ui.FXGLDialogFactoryServiceProvider
12:57:43.042 [FXGL Background Thread 3 ] DEBUG Engine               - class com.almasb.fxgl.audio.AudioPlayer
12:57:43.044 [FXGL Background Thread 3 ] DEBUG Engine               - class com.almasb.fxgl.notification.impl.NotificationServiceProvider
12:57:43.047 [FXGL Background Thread 3 ] DEBUG Engine               - class com.almasb.fxgl.achievement.AchievementService
12:57:43.052 [FXGL Background Thread 3 ] DEBUG Engine               - class com.almasb.fxgl.cutscene.CutsceneService
12:57:43.055 [FXGL Background Thread 3 ] DEBUG Engine               - class com.almasb.fxgl.minigames.MiniGameService
12:57:43.057 [FXGL Background Thread 3 ] DEBUG Engine               - class com.almasb.fxgl.net.NetService
12:57:43.058 [FXGL Background Thread 3 ] DEBUG Engine               - class com.almasb.fxgl.app.services.UpdaterService
12:57:43.060 [FXGL Background Thread 3 ] DEBUG Engine               - class com.almasb.fxgl.dev.DevService
12:57:46.879 [JavaFX Application Thread] DEBUG FXGLApplication      - Exiting FXGL
12:57:46.880 [JavaFX Application Thread] DEBUG LoopRunner           - Stopping loop
12:57:46.880 [JavaFX Application Thread] DEBUG SystemBundleService  - Saving FXGL system data
12:57:46.882 [JavaFX Application Thread] DEBUG FileSystemAccess     - Writing to: C:\Users\Stephens\OneDrive - University of Brighton\Year 3 2021-2022\Semester 1\Multiplayer Game Development\ci628server-win\bin\system\fxgl.bundle
12:57:46.884 [JavaFX Application Thread] DEBUG Async                - Shutting down background threads
12:57:46.885 [JavaFX Application Thread] DEBUG MainWindow           - Closing main window
12:57:46.895 [JavaFX Application Thread] DEBUG Logger               - Closing Logger
