14:59:07.112 [main                     ] DEBUG Logger               - Configured Logger
14:59:07.132 [main                     ] DEBUG GameApplication      - Logging settings
Title: Pong
Version: 1.0
Width: 800
Height: 600
Fullscreen: false
Intro: false
Profiling: false
Single step:false
App Mode: DEBUG
Menu Key: ESCAPE
Stage Style: DECORATED
Scene Factory: class com.almasb.fxgl.app.scene.SceneFactory

14:59:07.468 [JavaFX Application Thread] DEBUG FXGLApplication      - Initializing FXGL
14:59:07.472 [JavaFX Application Thread] INFO  Engine               - FXGL-dev-SNAPSHOT (29.08.2020 12.19) on WINDOWS (J:12 FX:14)
14:59:07.472 [JavaFX Application Thread] DEBUG Engine               - JRE Vendor Name: Oracle Corporation
14:59:07.473 [JavaFX Application Thread] DEBUG Engine               - Running on OS: Windows 10 version 10.0
14:59:07.473 [JavaFX Application Thread] DEBUG Engine               - Architecture: amd64
14:59:07.473 [JavaFX Application Thread] INFO  Engine               - Source code and latest versions at: https://github.com/AlmasB/FXGL
14:59:07.473 [JavaFX Application Thread] INFO  Engine               -              Join the FXGL chat at: https://gitter.im/AlmasB/FXGL
14:59:07.533 [JavaFX Application Thread] DEBUG MainWindow           - Creating a JavaFX scene
14:59:07.592 [JavaFX Application Thread] DEBUG MainWindow           - Target settings size: 800.0 x 600.0
14:59:07.592 [JavaFX Application Thread] DEBUG MainWindow           - Scaled scene size:    800.0 x 600.0
14:59:07.592 [JavaFX Application Thread] DEBUG MainWindow           - Scaled ratio: (1.0, 1.0)
14:59:07.593 [JavaFX Application Thread] DEBUG MainWindow           - Set initial scene to StartupScene
14:59:07.597 [JavaFX Application Thread] DEBUG MainWindow           - Opening main window
14:59:07.681 [JavaFX Application Thread] DEBUG MainWindow           - Window border size: (14.66668701171875, 37.33331298828125)
14:59:07.684 [JavaFX Application Thread] DEBUG MainWindow           - Scaled size: 800.0 x 600.0
14:59:07.685 [JavaFX Application Thread] DEBUG MainWindow           - Scaled ratio: (1.0, 1.0)
14:59:07.687 [JavaFX Application Thread] DEBUG MainWindow           - Scene size: 800.0 x 600.0
14:59:07.688 [JavaFX Application Thread] DEBUG MainWindow           - Stage size: 814.6666870117188 x 637.3333129882812
14:59:07.694 [FXGL Background Thread 1 ] DEBUG Engine               - Initializing environment variables
14:59:07.713 [FXGL Background Thread 1 ] DEBUG GameApplicationServi - Applying CSS: fxgl_dark.css
14:59:07.714 [FXGL Background Thread 1 ] DEBUG FXGLAssetLoaderServi - Loading from file system: /assets/ui/css/fxgl_dark.css
14:59:07.746 [FXGL Background Thread 1 ] DEBUG GameApplicationServi - Initializing application scenes
14:59:07.767 [FXGL Background Thread 1 ] DEBUG GameWorld            - Game world initialized
14:59:07.802 [FXGL Background Thread 1 ] DEBUG PhysicsWorld         - Physics world initialized: appHeight=600, physics.ppm=50.0
14:59:07.805 [FXGL Background Thread 1 ] DEBUG GameScene            - Game scene initialized: 800x600
14:59:07.825 [FXGL Background Thread 1 ] DEBUG FXGLAssetLoaderServi - Loading from file system: /assets/textures/particles/trace_horizontal.png
14:59:07.857 [FXGL Background Thread 1 ] DEBUG FXGL.DefaultMenu     - createMenuBodyGameMenu()
14:59:07.872 [FXGL Background Thread 1 ] DEBUG FXGL.DefaultMenu     - createOptionsMenu()
14:59:07.883 [FXGL Background Thread 1 ] DEBUG FXGLAssetLoaderServi - Loading from file system: /assets/textures/particles/smoke.png
14:59:07.918 [FXGL Background Thread 1 ] DEBUG GameApplicationServi - Application scenes initialized
14:59:07.925 [FXGL Background Thread 1 ] DEBUG SystemBundleService  - Loading FXGL system data
14:59:07.932 [FXGL Background Thread 1 ] DEBUG FileSystemAccess     - Reading from: C:\Users\Stephens\Documents\University of Brighton\Year 3 2021-2022\Semester 1\Multiplayer Game Development\ci628server-win\bin\system\fxgl.bundle
14:59:07.938 [FXGL Background Thread 1 ] DEBUG SystemBundleService  - Bundle FXGL: {}
14:59:07.938 [FXGL Background Thread 1 ] DEBUG UpdaterService       - Checking for updates
14:59:07.941 [FXGL Background Thread 4 ] DEBUG FXGLApplication      - Loading fonts
14:59:07.941 [FXGL Background Thread 1 ] DEBUG FXGLApplication      - Loading default localization
14:59:07.941 [FXGL Background Thread 4 ] DEBUG FXGLAssetLoaderServi - Loading from file system: /assets/ui/fonts/pong.ttf
14:59:07.943 [FXGL Background Thread 1 ] DEBUG FXGLAssetLoaderServi - Loading from file system: /assets/languages/english.lang
14:59:07.952 [FXGL Background Thread 1 ] INFO  FXGLApplication      - FXGL initialization took: 0.258 sec
14:59:07.960 [JavaFX Application Thread] DEBUG Input                - Registered new binding: Up1 - W
14:59:07.960 [JavaFX Application Thread] DEBUG Input                - Registered new binding: Down1 - S
14:59:07.961 [JavaFX Application Thread] DEBUG Input                - Registered new binding: Up2 - I
14:59:07.961 [JavaFX Application Thread] DEBUG Input                - Registered new binding: Down2 - K
14:59:07.962 [JavaFX Application Thread] DEBUG FXGLAssetLoaderServi - Loading from file system: /assets/textures/fxgl_icon.png
14:59:07.979 [JavaFX Application Thread] DEBUG FXGLAssetLoaderServi - Loading from file system: /assets/ui/cursors/fxgl_default.png
14:59:07.981 [JavaFX Application Thread] DEBUG Input                - Registered new binding: Screenshot - P
14:59:07.982 [JavaFX Application Thread] DEBUG Input                - Registered new binding: System info dump - CTRL+9
14:59:07.982 [JavaFX Application Thread] DEBUG Input                - Registered new binding: Restart - CTRL+R
14:59:07.983 [JavaFX Application Thread] DEBUG Input                - Registered new binding: Toggle Debug Camera - CTRL+C
14:59:07.984 [JavaFX Application Thread] DEBUG LoopRunner           - Starting loop
14:59:07.985 [JavaFX Application Thread] DEBUG GameApplicationServi - Starting new game
14:59:07.986 [JavaFX Application Thread] DEBUG Input                - Clearing active input actions
14:59:07.995 [JavaFX Application Thread] DEBUG GameApplicationServi - Removing overlay from StartupScene and adding to FXGLLoadingScene
14:59:07.996 [JavaFX Application Thread] DEBUG MainWindow           - StartupScene -> FXGLLoadingScene
14:59:07.996 [JavaFX Application Thread] DEBUG GameApplicationServi - Clearing previous game
14:59:07.997 [JavaFX Application Thread] DEBUG GameScene            - Clearing game scene
14:59:07.997 [JavaFX Application Thread] DEBUG GameWorld            - Clearing game world
14:59:07.998 [JavaFX Application Thread] DEBUG PhysicsWorld         - Clearing physics world
14:59:07.999 [FXGL Background Thread 1 ] DEBUG FXGLApplication      - Initializing game
14:59:08.024 [FXGL Background Thread 1 ] DEBUG FXGLAssetLoaderServi - Loading from file system: /assets/ui/main.fxml
14:59:08.033 [Thread-3                 ] DEBUG TCPServer            - Starting to listen at: 55555 type: class java.lang.String
14:59:08.072 [FXGL Background Thread 1 ] INFO  FXGLApplication      - Game initialization took: 0.073 sec
14:59:08.082 [JavaFX Application Thread] DEBUG Input                - Clearing active input actions
14:59:08.091 [JavaFX Application Thread] DEBUG GameApplicationServi - Removing overlay from FXGLLoadingScene and adding to GameScene
14:59:08.092 [JavaFX Application Thread] DEBUG MainWindow           - FXGLLoadingScene -> GameScene
14:59:08.097 [FXGL Background Thread 4 ] DEBUG FXGLAssetLoaderServi - Loading from file system: /assets/ui/fonts/Abel-Regular.ttf
14:59:08.106 [FXGL Background Thread 4 ] DEBUG FXGLAssetLoaderServi - Loading from file system: /assets/ui/fonts/lucida_console.ttf
14:59:08.116 [FXGL Background Thread 4 ] DEBUG FXGLAssetLoaderServi - Loading from file system: /assets/ui/fonts/Courier-Prime.ttf
14:59:08.128 [JavaFX Application Thread] DEBUG FXGLApplication      - Registering font factories with UI factory
14:59:08.227 [FXGL Background Thread 2 ] WARN  UpdaterService       - Failed to find updates: javax.net.ssl.SSLHandshakeException: Received fatal alert: handshake_failure
14:59:10.942 [FXGL Background Thread 3 ] DEBUG Engine               - Logging environment variables
14:59:10.942 [FXGL Background Thread 3 ] DEBUG Engine               - achievements: []
14:59:10.943 [FXGL Background Thread 3 ] DEBUG Engine               - appIcon: fxgl_icon.png
14:59:10.943 [FXGL Background Thread 3 ] DEBUG Engine               - applicationMode: DEBUG
14:59:10.943 [FXGL Background Thread 3 ] DEBUG Engine               - cSSList: [fxgl_dark.css]
14:59:10.944 [FXGL Background Thread 3 ] DEBUG Engine               - configClass: Optional.empty
14:59:10.944 [FXGL Background Thread 3 ] DEBUG Engine               - credits: []
14:59:10.945 [FXGL Background Thread 3 ] DEBUG Engine               - devBBoxColorProperty: ObjectProperty [value: 0xff0000ff]
14:59:10.945 [FXGL Background Thread 3 ] DEBUG Engine               - devEnableDebugCameraProperty: BooleanProperty [value: false]
14:59:10.946 [FXGL Background Thread 3 ] DEBUG Engine               - devSensorColorProperty: ObjectProperty [value: 0xffff00ff]
14:59:10.946 [FXGL Background Thread 3 ] DEBUG Engine               - devShowBBoxProperty: BooleanProperty [value: false]
14:59:10.947 [FXGL Background Thread 3 ] DEBUG Engine               - devShowPositionProperty: BooleanProperty [value: false]
14:59:10.948 [FXGL Background Thread 3 ] DEBUG Engine               - enabledMenuItems: []
14:59:10.948 [FXGL Background Thread 3 ] DEBUG Engine               - engineServices: [class com.almasb.fxgl.app.FXGLApplication$GameApplicationService, class com.almasb.fxgl.app.services.FXGLDialogService, class com.almasb.fxgl.app.services.IOTaskExecutorService, class com.almasb.fxgl.event.EventBusService, class com.almasb.fxgl.io.FileSystemService, class com.almasb.fxgl.localization.LocalizationService, class com.almasb.fxgl.app.services.FXGLAssetLoaderService, class com.almasb.fxgl.app.services.SystemBundleService, class com.almasb.fxgl.profile.SaveLoadService, class com.almasb.fxgl.ui.FXGLUIFactoryServiceProvider, class com.almasb.fxgl.ui.FXGLDialogFactoryServiceProvider, class com.almasb.fxgl.audio.AudioPlayer, class com.almasb.fxgl.notification.impl.NotificationServiceProvider, class com.almasb.fxgl.achievement.AchievementService, class com.almasb.fxgl.cutscene.CutsceneService, class com.almasb.fxgl.minigames.MiniGameService, class com.almasb.fxgl.net.NetService, class com.almasb.fxgl.app.services.UpdaterService, class com.almasb.fxgl.dev.DevService]
14:59:10.949 [FXGL Background Thread 3 ] DEBUG Engine               - fontGame: Abel-Regular.ttf
14:59:10.949 [FXGL Background Thread 3 ] DEBUG Engine               - fontMono: lucida_console.ttf
14:59:10.950 [FXGL Background Thread 3 ] DEBUG Engine               - fontText: Courier-Prime.ttf
14:59:10.950 [FXGL Background Thread 3 ] DEBUG Engine               - fontUI: pong.ttf
14:59:10.950 [FXGL Background Thread 3 ] DEBUG Engine               - fullScreen: BooleanProperty [value: false]
14:59:10.951 [FXGL Background Thread 3 ] DEBUG Engine               - gameDifficulty: MEDIUM
14:59:10.951 [FXGL Background Thread 3 ] DEBUG Engine               - gameDifficultyProperty: ObjectProperty [value: MEDIUM]
14:59:10.952 [FXGL Background Thread 3 ] DEBUG Engine               - globalMusicVolume: 0.5
14:59:10.952 [FXGL Background Thread 3 ] DEBUG Engine               - globalMusicVolumeProperty: DoubleProperty [value: 0.5]
14:59:10.953 [FXGL Background Thread 3 ] DEBUG Engine               - globalSoundVolume: 0.5
14:59:10.953 [FXGL Background Thread 3 ] DEBUG Engine               - globalSoundVolumeProperty: DoubleProperty [value: 0.5]
14:59:10.954 [FXGL Background Thread 3 ] DEBUG Engine               - height: 600
14:59:10.954 [FXGL Background Thread 3 ] DEBUG Engine               - isAndroid: false
14:59:10.955 [FXGL Background Thread 3 ] DEBUG Engine               - isBrowser: false
14:59:10.955 [FXGL Background Thread 3 ] DEBUG Engine               - isClickFeedbackEnabled: false
14:59:10.955 [FXGL Background Thread 3 ] DEBUG Engine               - isCloseConfirmation: false
14:59:10.958 [FXGL Background Thread 3 ] DEBUG Engine               - isDesktop: true
14:59:10.959 [FXGL Background Thread 3 ] DEBUG Engine               - isDeveloperMenuEnabled: false
14:59:10.959 [FXGL Background Thread 3 ] DEBUG Engine               - isEntityPreloadEnabled: true
14:59:10.959 [FXGL Background Thread 3 ] DEBUG Engine               - isExperimentalNative: false
14:59:10.960 [FXGL Background Thread 3 ] DEBUG Engine               - isExperimentalTiledLargeMap: false
14:59:10.960 [FXGL Background Thread 3 ] DEBUG Engine               - isFileSystemWriteAllowed: true
14:59:10.961 [FXGL Background Thread 3 ] DEBUG Engine               - isFullScreenAllowed: false
14:59:10.961 [FXGL Background Thread 3 ] DEBUG Engine               - isFullScreenFromStart: false
14:59:10.961 [FXGL Background Thread 3 ] DEBUG Engine               - isGameMenuEnabled: true
14:59:10.962 [FXGL Background Thread 3 ] DEBUG Engine               - isIOS: false
14:59:10.962 [FXGL Background Thread 3 ] DEBUG Engine               - isIntroEnabled: false
14:59:10.962 [FXGL Background Thread 3 ] DEBUG Engine               - isLinux: false
14:59:10.963 [FXGL Background Thread 3 ] DEBUG Engine               - isMac: false
14:59:10.963 [FXGL Background Thread 3 ] DEBUG Engine               - isMainMenuEnabled: false
14:59:10.963 [FXGL Background Thread 3 ] DEBUG Engine               - isManualResizeEnabled: false
14:59:10.964 [FXGL Background Thread 3 ] DEBUG Engine               - isMobile: false
14:59:10.964 [FXGL Background Thread 3 ] DEBUG Engine               - isPreserveResizeRatio: false
14:59:10.964 [FXGL Background Thread 3 ] DEBUG Engine               - isProfilingEnabled: false
14:59:10.965 [FXGL Background Thread 3 ] DEBUG Engine               - isSingleStep: false
14:59:10.965 [FXGL Background Thread 3 ] DEBUG Engine               - isUserProfileEnabled: false
14:59:10.965 [FXGL Background Thread 3 ] DEBUG Engine               - isWindows: true
14:59:10.966 [FXGL Background Thread 3 ] DEBUG Engine               - language: ObjectProperty [value: ENGLISH]
14:59:10.966 [FXGL Background Thread 3 ] DEBUG Engine               - menuKey: ESCAPE
14:59:10.967 [FXGL Background Thread 3 ] DEBUG Engine               - notificationViewClass: class com.almasb.fxgl.notification.view.XboxNotificationView
14:59:10.967 [FXGL Background Thread 3 ] DEBUG Engine               - pixelsPerMeter: 50.0
14:59:10.967 [FXGL Background Thread 3 ] DEBUG Engine               - platform: WINDOWS
14:59:10.968 [FXGL Background Thread 3 ] DEBUG Engine               - profileDir: profiles/
14:59:10.968 [FXGL Background Thread 3 ] DEBUG Engine               - profileName: StringProperty [value: DEFAULT]
14:59:10.969 [FXGL Background Thread 3 ] DEBUG Engine               - randomSeed: -1
14:59:10.969 [FXGL Background Thread 3 ] DEBUG Engine               - runtimeInfo: RuntimeInfo(platform=WINDOWS, version=dev-SNAPSHOT, build=29.08.2020 12.19)
14:59:10.969 [FXGL Background Thread 3 ] DEBUG Engine               - saveFileExt: sav
14:59:10.970 [FXGL Background Thread 3 ] DEBUG Engine               - sceneFactory: com.almasb.fxgl.app.scene.SceneFactory@3e830985
14:59:10.970 [FXGL Background Thread 3 ] DEBUG Engine               - secondsIn24h: 60
14:59:10.971 [FXGL Background Thread 3 ] DEBUG Engine               - soundMenuBack: menu/back.wav
14:59:10.971 [FXGL Background Thread 3 ] DEBUG Engine               - soundMenuPress: menu/press.wav
14:59:10.971 [FXGL Background Thread 3 ] DEBUG Engine               - soundMenuSelect: menu/select.wav
14:59:10.974 [FXGL Background Thread 3 ] DEBUG Engine               - soundNotification: core/notification.wav
14:59:10.974 [FXGL Background Thread 3 ] DEBUG Engine               - stageStyle: DECORATED
14:59:10.974 [FXGL Background Thread 3 ] DEBUG Engine               - supportedLanguages: [ENGLISH, FRENCH, GERMAN, HUNGARIAN, RUSSIAN]
14:59:10.975 [FXGL Background Thread 3 ] DEBUG Engine               - title: Pong
14:59:10.975 [FXGL Background Thread 3 ] DEBUG Engine               - urlGithub: https://github.com/AlmasB/FXGL
14:59:10.976 [FXGL Background Thread 3 ] DEBUG Engine               - urlLeaderboard: http://fxgl-top.herokuapp.com/
14:59:10.976 [FXGL Background Thread 3 ] DEBUG Engine               - urlPOM: https://raw.githubusercontent.com/AlmasB/FXGL/master/pom.xml
14:59:10.977 [FXGL Background Thread 3 ] DEBUG Engine               - version: 1.0
14:59:10.977 [FXGL Background Thread 3 ] DEBUG Engine               - versionCheckDays: 7
14:59:10.978 [FXGL Background Thread 3 ] DEBUG Engine               - width: 800
14:59:10.978 [FXGL Background Thread 3 ] DEBUG Engine               - Logging services
14:59:10.978 [FXGL Background Thread 3 ] DEBUG Engine               - class com.almasb.fxgl.app.FXGLApplication$GameApplicationService
14:59:10.979 [FXGL Background Thread 3 ] DEBUG Engine               - class com.almasb.fxgl.app.services.FXGLDialogService
14:59:10.980 [FXGL Background Thread 3 ] DEBUG Engine               - class com.almasb.fxgl.app.services.IOTaskExecutorService
14:59:10.980 [FXGL Background Thread 3 ] DEBUG Engine               - class com.almasb.fxgl.event.EventBusService
14:59:10.981 [FXGL Background Thread 3 ] DEBUG Engine               - class com.almasb.fxgl.io.FileSystemService
14:59:10.981 [FXGL Background Thread 3 ] DEBUG Engine               - class com.almasb.fxgl.localization.LocalizationService
14:59:10.982 [FXGL Background Thread 3 ] DEBUG Engine               - class com.almasb.fxgl.app.services.FXGLAssetLoaderService
14:59:10.982 [FXGL Background Thread 3 ] DEBUG Engine               - class com.almasb.fxgl.app.services.SystemBundleService
14:59:10.983 [FXGL Background Thread 3 ] DEBUG Engine               - class com.almasb.fxgl.profile.SaveLoadService
14:59:10.983 [FXGL Background Thread 3 ] DEBUG Engine               - class com.almasb.fxgl.ui.FXGLUIFactoryServiceProvider
14:59:10.984 [FXGL Background Thread 3 ] DEBUG Engine               - class com.almasb.fxgl.ui.FXGLDialogFactoryServiceProvider
14:59:10.984 [FXGL Background Thread 3 ] DEBUG Engine               - class com.almasb.fxgl.audio.AudioPlayer
14:59:10.985 [FXGL Background Thread 3 ] DEBUG Engine               - class com.almasb.fxgl.notification.impl.NotificationServiceProvider
14:59:10.985 [FXGL Background Thread 3 ] DEBUG Engine               - class com.almasb.fxgl.achievement.AchievementService
14:59:10.986 [FXGL Background Thread 3 ] DEBUG Engine               - class com.almasb.fxgl.cutscene.CutsceneService
14:59:10.986 [FXGL Background Thread 3 ] DEBUG Engine               - class com.almasb.fxgl.minigames.MiniGameService
14:59:10.987 [FXGL Background Thread 3 ] DEBUG Engine               - class com.almasb.fxgl.net.NetService
14:59:10.987 [FXGL Background Thread 3 ] DEBUG Engine               - class com.almasb.fxgl.app.services.UpdaterService
14:59:10.988 [FXGL Background Thread 3 ] DEBUG Engine               - class com.almasb.fxgl.dev.DevService
14:59:32.367 [Thread-3                 ] DEBUG Endpoint             - TCPServer opening new connection (1) from /127.0.0.1:64704 type: class java.lang.String
14:59:32.370 [Thread-3                 ] DEBUG Endpoint             - TCPServer successfully opened connection (1)
14:59:32.374 [TCPServer_RecvThread-1   ] DEBUG Readers              - Getting MessageReader for class java.lang.String
14:59:32.374 [TCPServer_SendThread-1   ] DEBUG Writers              - Getting MessageWriter for TCP-class java.lang.String
14:59:32.375 [TCPServer_RecvThread-1   ] DEBUG Readers              - Constructed MessageReader for class java.lang.String: MessageReaderS
14:59:32.377 [TCPServer_SendThread-1   ] DEBUG Writers              - Constructed MessageWriter for class java.lang.String: 
14:59:33.161 [JavaFX Application Thread] DEBUG Input                - Mocking key press: W
14:59:33.377 [JavaFX Application Thread] DEBUG Input                - Mocking key release: W
14:59:33.441 [JavaFX Application Thread] DEBUG Input                - Mocking key press: S
14:59:34.011 [JavaFX Application Thread] DEBUG Input                - Mocking key release: S
14:59:34.066 [JavaFX Application Thread] DEBUG Input                - Mocking key press: W
14:59:34.608 [JavaFX Application Thread] DEBUG Input                - Mocking key press: S
14:59:34.608 [JavaFX Application Thread] DEBUG Input                - Mocking key release: W
14:59:34.931 [JavaFX Application Thread] DEBUG Input                - Mocking key press: W
14:59:34.932 [JavaFX Application Thread] DEBUG Input                - Mocking key release: S
14:59:35.257 [JavaFX Application Thread] DEBUG Input                - Mocking key press: S
14:59:35.291 [JavaFX Application Thread] DEBUG Input                - Mocking key release: W
14:59:35.757 [JavaFX Application Thread] DEBUG Input                - Mocking key release: S
14:59:35.758 [JavaFX Application Thread] DEBUG Input                - Mocking key press: W
14:59:36.045 [JavaFX Application Thread] DEBUG Input                - Mocking key release: W
14:59:36.141 [JavaFX Application Thread] DEBUG Input                - Mocking key press: S
14:59:36.291 [JavaFX Application Thread] DEBUG Input                - Mocking key release: S
14:59:36.324 [JavaFX Application Thread] DEBUG Input                - Mocking key press: W
14:59:36.824 [JavaFX Application Thread] DEBUG Input                - Mocking key release: W
14:59:36.877 [JavaFX Application Thread] DEBUG Input                - Mocking key press: S
14:59:37.041 [JavaFX Application Thread] DEBUG Input                - Mocking key release: S
15:04:44.872 [Thread-3                 ] DEBUG Endpoint             - TCPServer opening new connection (2) from /127.0.0.1:65009 type: class java.lang.String
15:04:44.873 [Thread-3                 ] DEBUG Endpoint             - TCPServer successfully opened connection (2)
15:04:44.877 [TCPServer_SendThread-2   ] DEBUG Writers              - Getting MessageWriter for TCP-class java.lang.String
15:04:44.877 [TCPServer_RecvThread-2   ] DEBUG Readers              - Getting MessageReader for class java.lang.String
15:04:44.877 [TCPServer_SendThread-2   ] DEBUG Writers              - Constructed MessageWriter for class java.lang.String: 
15:04:44.878 [TCPServer_RecvThread-2   ] DEBUG Readers              - Constructed MessageReader for class java.lang.String: MessageReaderS
15:04:51.395 [JavaFX Application Thread] DEBUG Input                - Mocking key press: S
15:04:51.649 [JavaFX Application Thread] DEBUG Input                - Mocking key release: S
15:04:51.906 [JavaFX Application Thread] DEBUG Input                - Mocking key press: W
15:04:52.207 [JavaFX Application Thread] DEBUG Input                - Mocking key release: W
15:04:52.323 [JavaFX Application Thread] DEBUG Input                - Mocking key press: S
15:04:52.607 [JavaFX Application Thread] DEBUG Input                - Mocking key release: S
15:04:52.706 [JavaFX Application Thread] DEBUG Input                - Mocking key press: W
15:04:52.897 [JavaFX Application Thread] DEBUG Input                - Mocking key release: W
15:04:53.025 [JavaFX Application Thread] DEBUG Input                - Mocking key press: W
15:04:53.169 [JavaFX Application Thread] DEBUG Input                - Mocking key release: W
15:04:53.315 [JavaFX Application Thread] DEBUG Input                - Mocking key press: S
15:05:23.484 [Thread-3                 ] DEBUG Endpoint             - TCPServer opening new connection (3) from /127.0.0.1:65107 type: class java.lang.String
15:05:23.485 [Thread-3                 ] DEBUG Endpoint             - TCPServer successfully opened connection (3)
15:05:23.487 [TCPServer_SendThread-3   ] DEBUG Writers              - Getting MessageWriter for TCP-class java.lang.String
15:05:23.487 [TCPServer_RecvThread-3   ] DEBUG Readers              - Getting MessageReader for class java.lang.String
15:05:23.487 [TCPServer_SendThread-3   ] DEBUG Writers              - Constructed MessageWriter for class java.lang.String: 
15:05:23.488 [TCPServer_RecvThread-3   ] DEBUG Readers              - Constructed MessageReader for class java.lang.String: MessageReaderS
15:05:33.483 [Thread-3                 ] DEBUG Endpoint             - TCPServer opening new connection (4) from /127.0.0.1:65167 type: class java.lang.String
15:05:33.485 [Thread-3                 ] DEBUG Endpoint             - TCPServer successfully opened connection (4)
15:05:33.486 [TCPServer_RecvThread-4   ] DEBUG Readers              - Getting MessageReader for class java.lang.String
15:05:33.486 [TCPServer_SendThread-4   ] DEBUG Writers              - Getting MessageWriter for TCP-class java.lang.String
15:05:33.486 [TCPServer_RecvThread-4   ] DEBUG Readers              - Constructed MessageReader for class java.lang.String: MessageReaderS
15:05:33.487 [TCPServer_SendThread-4   ] DEBUG Writers              - Constructed MessageWriter for class java.lang.String: 
15:05:35.283 [JavaFX Application Thread] DEBUG Input                - Mocking key press: W
15:05:35.923 [JavaFX Application Thread] DEBUG Input                - Mocking key release: W
15:05:36.239 [JavaFX Application Thread] DEBUG Input                - Mocking key press: W
15:05:36.409 [JavaFX Application Thread] DEBUG Input                - Mocking key release: W
15:05:37.173 [JavaFX Application Thread] DEBUG Input                - Mocking key press: W
15:05:37.331 [JavaFX Application Thread] DEBUG Input                - Mocking key release: W
15:05:37.457 [JavaFX Application Thread] DEBUG Input                - Mocking key press: S
15:05:37.556 [JavaFX Application Thread] DEBUG Input                - Mocking key release: S
15:05:37.691 [JavaFX Application Thread] DEBUG Input                - Mocking key press: W
15:05:38.089 [JavaFX Application Thread] DEBUG Input                - Mocking key release: W
15:05:38.429 [JavaFX Application Thread] DEBUG Input                - Mocking key press: W
15:05:38.973 [JavaFX Application Thread] DEBUG Input                - Mocking key release: W
15:05:39.139 [JavaFX Application Thread] DEBUG Input                - Mocking key press: S
15:05:39.331 [JavaFX Application Thread] DEBUG Input                - Mocking key release: S
15:05:39.539 [JavaFX Application Thread] DEBUG Input                - Mocking key press: W
15:05:39.657 [JavaFX Application Thread] DEBUG Input                - Mocking key release: W
15:05:39.906 [JavaFX Application Thread] DEBUG Input                - Mocking key press: S
15:05:40.080 [JavaFX Application Thread] DEBUG Input                - Mocking key release: S
15:05:40.479 [JavaFX Application Thread] DEBUG Input                - Mocking key press: W
15:05:40.523 [JavaFX Application Thread] DEBUG Input                - Mocking key release: W
15:05:40.707 [JavaFX Application Thread] DEBUG Input                - Mocking key press: S
15:05:40.851 [JavaFX Application Thread] DEBUG Input                - Mocking key release: S
15:05:49.892 [Thread-3                 ] DEBUG Endpoint             - TCPServer opening new connection (5) from /127.0.0.1:65249 type: class java.lang.String
15:05:49.894 [Thread-3                 ] DEBUG Endpoint             - TCPServer successfully opened connection (5)
15:05:49.896 [TCPServer_RecvThread-5   ] DEBUG Readers              - Getting MessageReader for class java.lang.String
15:05:49.896 [TCPServer_SendThread-5   ] DEBUG Writers              - Getting MessageWriter for TCP-class java.lang.String
15:05:49.896 [TCPServer_RecvThread-5   ] DEBUG Readers              - Constructed MessageReader for class java.lang.String: MessageReaderS
15:05:49.897 [TCPServer_SendThread-5   ] DEBUG Writers              - Constructed MessageWriter for class java.lang.String: 
15:06:00.263 [Thread-3                 ] DEBUG Endpoint             - TCPServer opening new connection (6) from /127.0.0.1:65329 type: class java.lang.String
15:06:00.264 [Thread-3                 ] DEBUG Endpoint             - TCPServer successfully opened connection (6)
15:06:00.266 [TCPServer_RecvThread-6   ] DEBUG Readers              - Getting MessageReader for class java.lang.String
15:06:00.266 [TCPServer_SendThread-6   ] DEBUG Writers              - Getting MessageWriter for TCP-class java.lang.String
15:06:00.267 [TCPServer_RecvThread-6   ] DEBUG Readers              - Constructed MessageReader for class java.lang.String: MessageReaderS
15:06:00.267 [TCPServer_SendThread-6   ] DEBUG Writers              - Constructed MessageWriter for class java.lang.String: 
15:06:02.173 [JavaFX Application Thread] DEBUG Input                - Mocking key press: S
15:06:02.389 [JavaFX Application Thread] DEBUG Input                - Mocking key press: W
15:06:02.407 [JavaFX Application Thread] DEBUG Input                - Mocking key release: S
15:06:02.823 [JavaFX Application Thread] DEBUG Input                - Mocking key release: W
15:06:02.823 [JavaFX Application Thread] DEBUG Input                - Mocking key press: S
15:06:02.972 [JavaFX Application Thread] DEBUG Input                - Mocking key press: W
15:06:03.022 [JavaFX Application Thread] DEBUG Input                - Mocking key release: S
15:06:03.184 [JavaFX Application Thread] DEBUG Input                - Mocking key press: S
15:06:03.222 [JavaFX Application Thread] DEBUG Input                - Mocking key release: W
15:06:03.330 [JavaFX Application Thread] DEBUG Input                - Mocking key press: W
15:06:03.607 [JavaFX Application Thread] DEBUG Input                - Mocking key release: W
15:06:03.607 [JavaFX Application Thread] DEBUG Input                - Mocking key release: S
15:06:38.145 [Thread-3                 ] DEBUG Endpoint             - TCPServer opening new connection (7) from /127.0.0.1:65417 type: class java.lang.String
15:06:38.146 [Thread-3                 ] DEBUG Endpoint             - TCPServer successfully opened connection (7)
15:06:38.148 [TCPServer_SendThread-7   ] DEBUG Writers              - Getting MessageWriter for TCP-class java.lang.String
15:06:38.148 [TCPServer_RecvThread-7   ] DEBUG Readers              - Getting MessageReader for class java.lang.String
15:06:38.148 [TCPServer_SendThread-7   ] DEBUG Writers              - Constructed MessageWriter for class java.lang.String: 
15:06:38.149 [TCPServer_RecvThread-7   ] DEBUG Readers              - Constructed MessageReader for class java.lang.String: MessageReaderS
15:06:46.440 [JavaFX Application Thread] DEBUG Input                - Mocking key press: W
15:06:46.530 [JavaFX Application Thread] DEBUG Input                - Mocking key release: W
15:06:55.523 [JavaFX Application Thread] DEBUG Input                - Mocking key press: S
15:06:55.699 [JavaFX Application Thread] DEBUG Input                - Mocking key release: S
15:06:56.672 [JavaFX Application Thread] DEBUG Input                - Mocking key press: S
15:06:56.773 [JavaFX Application Thread] DEBUG Input                - Mocking key release: S
15:06:57.907 [JavaFX Application Thread] DEBUG Input                - Mocking key press: S
15:06:57.974 [JavaFX Application Thread] DEBUG Input                - Mocking key release: S
15:06:58.907 [JavaFX Application Thread] DEBUG Input                - Mocking key press: S
15:06:58.956 [JavaFX Application Thread] DEBUG Input                - Mocking key release: S
15:06:59.340 [JavaFX Application Thread] DEBUG Input                - Mocking key press: S
15:06:59.373 [JavaFX Application Thread] DEBUG Input                - Mocking key release: S
15:06:59.760 [JavaFX Application Thread] DEBUG Input                - Mocking key press: S
15:06:59.796 [JavaFX Application Thread] DEBUG Input                - Mocking key release: S
15:07:00.426 [JavaFX Application Thread] DEBUG Input                - Mocking key press: S
15:07:00.480 [JavaFX Application Thread] DEBUG Input                - Mocking key release: S
15:07:00.858 [JavaFX Application Thread] DEBUG Input                - Mocking key press: W
15:07:00.912 [JavaFX Application Thread] DEBUG Input                - Mocking key release: W
15:07:01.272 [JavaFX Application Thread] DEBUG Input                - Mocking key press: S
15:07:01.326 [JavaFX Application Thread] DEBUG Input                - Mocking key release: S
15:07:01.489 [JavaFX Application Thread] DEBUG Input                - Mocking key press: W
15:07:01.539 [JavaFX Application Thread] DEBUG Input                - Mocking key release: W
15:07:01.939 [JavaFX Application Thread] DEBUG Input                - Mocking key press: S
15:07:01.992 [JavaFX Application Thread] DEBUG Input                - Mocking key release: S
15:07:02.373 [JavaFX Application Thread] DEBUG Input                - Mocking key press: W
15:07:02.623 [JavaFX Application Thread] DEBUG Input                - Mocking key release: W
15:07:02.813 [JavaFX Application Thread] DEBUG Input                - Mocking key press: S
15:07:02.849 [JavaFX Application Thread] DEBUG Input                - Mocking key release: S
15:07:03.227 [JavaFX Application Thread] DEBUG Input                - Mocking key press: W
15:07:03.281 [JavaFX Application Thread] DEBUG Input                - Mocking key release: W
15:07:03.425 [JavaFX Application Thread] DEBUG Input                - Mocking key press: S
15:07:03.490 [JavaFX Application Thread] DEBUG Input                - Mocking key release: S
15:07:03.840 [JavaFX Application Thread] DEBUG Input                - Mocking key press: W
15:07:03.875 [JavaFX Application Thread] DEBUG Input                - Mocking key release: W
15:07:04.290 [JavaFX Application Thread] DEBUG Input                - Mocking key press: S
15:07:04.340 [JavaFX Application Thread] DEBUG Input                - Mocking key release: S
15:07:04.506 [JavaFX Application Thread] DEBUG Input                - Mocking key press: W
15:07:04.559 [JavaFX Application Thread] DEBUG Input                - Mocking key release: W
15:07:04.939 [JavaFX Application Thread] DEBUG Input                - Mocking key press: S
15:07:05.027 [JavaFX Application Thread] DEBUG Input                - Mocking key release: S
15:07:05.356 [JavaFX Application Thread] DEBUG Input                - Mocking key press: W
15:07:05.407 [JavaFX Application Thread] DEBUG Input                - Mocking key release: W
15:07:09.923 [JavaFX Application Thread] DEBUG Input                - Mocking key press: S
15:07:09.980 [JavaFX Application Thread] DEBUG Input                - Mocking key release: S
15:07:10.356 [JavaFX Application Thread] DEBUG Input                - Mocking key press: W
15:07:10.430 [JavaFX Application Thread] DEBUG Input                - Mocking key release: W
15:07:10.773 [JavaFX Application Thread] DEBUG Input                - Mocking key press: S
15:07:10.826 [JavaFX Application Thread] DEBUG Input                - Mocking key release: S
15:07:10.989 [JavaFX Application Thread] DEBUG Input                - Mocking key press: W
15:07:11.073 [JavaFX Application Thread] DEBUG Input                - Mocking key release: W
15:07:11.424 [JavaFX Application Thread] DEBUG Input                - Mocking key press: S
15:07:11.648 [JavaFX Application Thread] DEBUG Input                - Mocking key release: S
15:07:11.907 [JavaFX Application Thread] DEBUG Input                - Mocking key press: W
15:07:11.940 [JavaFX Application Thread] DEBUG Input                - Mocking key release: W
15:07:12.116 [JavaFX Application Thread] DEBUG Input                - Mocking key press: S
15:07:12.189 [JavaFX Application Thread] DEBUG Input                - Mocking key release: S
15:07:12.573 [JavaFX Application Thread] DEBUG Input                - Mocking key press: W
15:07:12.639 [JavaFX Application Thread] DEBUG Input                - Mocking key release: W
15:07:13.322 [JavaFX Application Thread] DEBUG Input                - Mocking key press: W
15:07:13.376 [JavaFX Application Thread] DEBUG Input                - Mocking key release: W
15:07:13.956 [JavaFX Application Thread] DEBUG Input                - Mocking key press: S
15:07:14.006 [JavaFX Application Thread] DEBUG Input                - Mocking key release: S
15:07:14.340 [JavaFX Application Thread] DEBUG Input                - Mocking key press: W
15:07:14.384 [JavaFX Application Thread] DEBUG Input                - Mocking key release: W
15:07:14.658 [JavaFX Application Thread] DEBUG Input                - Mocking key press: S
15:07:14.659 [JavaFX Application Thread] DEBUG Input                - Mocking key release: S
15:07:14.973 [JavaFX Application Thread] DEBUG Input                - Mocking key press: W
15:07:15.023 [JavaFX Application Thread] DEBUG Input                - Mocking key release: W
15:07:15.360 [JavaFX Application Thread] DEBUG Input                - Mocking key press: S
15:07:15.422 [JavaFX Application Thread] DEBUG Input                - Mocking key release: S
15:07:15.594 [JavaFX Application Thread] DEBUG Input                - Mocking key press: W
15:07:15.630 [JavaFX Application Thread] DEBUG Input                - Mocking key release: W
15:07:16.801 [JavaFX Application Thread] DEBUG Input                - Mocking key press: S
15:07:16.891 [JavaFX Application Thread] DEBUG Input                - Mocking key release: S
15:07:17.359 [JavaFX Application Thread] DEBUG Input                - Mocking key press: W
15:07:17.423 [JavaFX Application Thread] DEBUG Input                - Mocking key release: W
15:07:18.042 [JavaFX Application Thread] DEBUG Input                - Mocking key press: S
15:07:18.116 [JavaFX Application Thread] DEBUG Input                - Mocking key release: S
15:09:10.954 [Thread-3                 ] DEBUG Endpoint             - TCPServer opening new connection (8) from /127.0.0.1:49209 type: class java.lang.String
15:09:10.959 [Thread-3                 ] DEBUG Endpoint             - TCPServer successfully opened connection (8)
15:09:10.961 [TCPServer_SendThread-8   ] DEBUG Writers              - Getting MessageWriter for TCP-class java.lang.String
15:09:10.961 [TCPServer_RecvThread-8   ] DEBUG Readers              - Getting MessageReader for class java.lang.String
15:09:10.962 [TCPServer_SendThread-8   ] DEBUG Writers              - Constructed MessageWriter for class java.lang.String: 
15:09:10.962 [TCPServer_RecvThread-8   ] DEBUG Readers              - Constructed MessageReader for class java.lang.String: MessageReaderS
15:14:05.509 [Thread-3                 ] DEBUG Endpoint             - TCPServer opening new connection (9) from /127.0.0.1:49426 type: class java.lang.String
15:14:05.511 [Thread-3                 ] DEBUG Endpoint             - TCPServer successfully opened connection (9)
15:14:05.512 [TCPServer_RecvThread-9   ] DEBUG Readers              - Getting MessageReader for class java.lang.String
15:14:05.512 [TCPServer_SendThread-9   ] DEBUG Writers              - Getting MessageWriter for TCP-class java.lang.String
15:14:05.512 [TCPServer_RecvThread-9   ] DEBUG Readers              - Constructed MessageReader for class java.lang.String: MessageReaderS
15:14:05.513 [TCPServer_SendThread-9   ] DEBUG Writers              - Constructed MessageWriter for class java.lang.String: 
15:14:10.839 [JavaFX Application Thread] DEBUG Input                - Mocking key press: S
15:14:11.055 [JavaFX Application Thread] DEBUG Input                - Mocking key release: S
15:14:11.089 [JavaFX Application Thread] DEBUG Input                - Mocking key press: W
15:14:11.251 [JavaFX Application Thread] DEBUG Input                - Mocking key press: S
15:14:11.272 [JavaFX Application Thread] DEBUG Input                - Mocking key release: W
15:14:11.289 [JavaFX Application Thread] DEBUG Input                - Mocking key press: W
15:14:11.289 [JavaFX Application Thread] DEBUG Input                - Mocking key release: S
15:14:11.455 [JavaFX Application Thread] DEBUG Input                - Mocking key release: W
15:14:11.472 [JavaFX Application Thread] DEBUG Input                - Mocking key press: S
15:14:11.615 [JavaFX Application Thread] DEBUG Input                - Mocking key release: S
15:14:11.672 [JavaFX Application Thread] DEBUG Input                - Mocking key press: W
15:14:11.889 [JavaFX Application Thread] DEBUG Input                - Mocking key release: W
15:14:31.820 [Thread-3                 ] DEBUG Endpoint             - TCPServer opening new connection (10) from /127.0.0.1:49517 type: class java.lang.String
15:14:31.821 [Thread-3                 ] DEBUG Endpoint             - TCPServer successfully opened connection (10)
15:14:31.824 [TCPServer_RecvThread-10  ] DEBUG Readers              - Getting MessageReader for class java.lang.String
15:14:31.824 [TCPServer_SendThread-10  ] DEBUG Writers              - Getting MessageWriter for TCP-class java.lang.String
15:14:31.824 [TCPServer_RecvThread-10  ] DEBUG Readers              - Constructed MessageReader for class java.lang.String: MessageReaderS
15:14:31.826 [TCPServer_SendThread-10  ] DEBUG Writers              - Constructed MessageWriter for class java.lang.String: 
15:14:58.997 [Thread-3                 ] DEBUG Endpoint             - TCPServer opening new connection (11) from /127.0.0.1:49626 type: class java.lang.String
15:14:58.998 [Thread-3                 ] DEBUG Endpoint             - TCPServer successfully opened connection (11)
15:14:59.000 [TCPServer_SendThread-11  ] DEBUG Writers              - Getting MessageWriter for TCP-class java.lang.String
15:14:59.000 [TCPServer_RecvThread-11  ] DEBUG Readers              - Getting MessageReader for class java.lang.String
15:14:59.000 [TCPServer_SendThread-11  ] DEBUG Writers              - Constructed MessageWriter for class java.lang.String: 
15:14:59.001 [TCPServer_RecvThread-11  ] DEBUG Readers              - Constructed MessageReader for class java.lang.String: MessageReaderS
15:15:09.289 [Thread-3                 ] DEBUG Endpoint             - TCPServer opening new connection (12) from /127.0.0.1:49755 type: class java.lang.String
15:15:09.291 [Thread-3                 ] DEBUG Endpoint             - TCPServer successfully opened connection (12)
15:15:09.295 [TCPServer_RecvThread-12  ] DEBUG Readers              - Getting MessageReader for class java.lang.String
15:15:09.295 [TCPServer_SendThread-12  ] DEBUG Writers              - Getting MessageWriter for TCP-class java.lang.String
15:15:09.296 [TCPServer_RecvThread-12  ] DEBUG Readers              - Constructed MessageReader for class java.lang.String: MessageReaderS
15:15:09.296 [TCPServer_SendThread-12  ] DEBUG Writers              - Constructed MessageWriter for class java.lang.String: 
15:37:34.855 [Thread-3                 ] DEBUG Endpoint             - TCPServer opening new connection (13) from /127.0.0.1:50998 type: class java.lang.String
15:37:34.856 [Thread-3                 ] DEBUG Endpoint             - TCPServer successfully opened connection (13)
15:37:34.860 [TCPServer_RecvThread-13  ] DEBUG Readers              - Getting MessageReader for class java.lang.String
15:37:34.860 [TCPServer_SendThread-13  ] DEBUG Writers              - Getting MessageWriter for TCP-class java.lang.String
15:37:34.860 [TCPServer_RecvThread-13  ] DEBUG Readers              - Constructed MessageReader for class java.lang.String: MessageReaderS
15:37:34.864 [TCPServer_SendThread-13  ] DEBUG Writers              - Constructed MessageWriter for class java.lang.String: 
15:37:42.587 [JavaFX Application Thread] DEBUG Input                - Mocking key press: W
15:37:42.857 [JavaFX Application Thread] DEBUG Input                - Mocking key release: W
15:37:51.987 [JavaFX Application Thread] DEBUG Input                - Mocking key press: S
15:37:52.353 [JavaFX Application Thread] DEBUG Input                - Mocking key release: S
15:37:52.574 [JavaFX Application Thread] DEBUG Input                - Mocking key press: W
15:37:52.592 [JavaFX Application Thread] DEBUG Input                - Mocking key press: S
15:37:52.670 [JavaFX Application Thread] DEBUG Input                - Mocking key release: S
15:37:52.703 [JavaFX Application Thread] DEBUG Input                - Mocking key release: W
15:37:53.024 [JavaFX Application Thread] DEBUG Input                - Mocking key press: W
15:37:53.303 [JavaFX Application Thread] DEBUG Input                - Mocking key release: W
15:37:54.004 [JavaFX Application Thread] DEBUG Input                - Mocking key press: S
15:37:54.076 [JavaFX Application Thread] DEBUG Input                - Mocking key release: S
15:37:54.421 [JavaFX Application Thread] DEBUG Input                - Mocking key press: S
15:37:54.526 [JavaFX Application Thread] DEBUG Input                - Mocking key release: S
15:37:55.554 [JavaFX Application Thread] DEBUG Input                - Mocking key press: W
15:37:55.870 [JavaFX Application Thread] DEBUG Input                - Mocking key release: W
15:37:56.320 [JavaFX Application Thread] DEBUG Input                - Mocking key press: S
15:37:56.387 [JavaFX Application Thread] DEBUG Input                - Mocking key release: S
15:37:56.724 [JavaFX Application Thread] DEBUG Input                - Mocking key press: S
15:37:57.070 [JavaFX Application Thread] DEBUG Input                - Mocking key release: S
15:40:28.369 [JavaFX Application Thread] DEBUG FXGLApplication      - Exiting FXGL
15:40:28.370 [JavaFX Application Thread] DEBUG LoopRunner           - Stopping loop
15:40:28.370 [JavaFX Application Thread] DEBUG SystemBundleService  - Saving FXGL system data
15:40:28.372 [JavaFX Application Thread] DEBUG FileSystemAccess     - Writing to: C:\Users\Stephens\Documents\University of Brighton\Year 3 2021-2022\Semester 1\Multiplayer Game Development\ci628server-win\bin\system\fxgl.bundle
15:40:28.375 [JavaFX Application Thread] DEBUG Async                - Shutting down background threads
15:40:28.375 [JavaFX Application Thread] DEBUG MainWindow           - Closing main window
15:40:28.385 [JavaFX Application Thread] DEBUG Logger               - Closing Logger
