13:09:06.088 [main                     ] DEBUG Logger               - Configured Logger
13:09:06.106 [main                     ] DEBUG GameApplication      - Logging settings
Title: Pong
Version: 1.0
Width: 800
Height: 600
Fullscreen: false
Intro: false
Profiling: false
Single step:false
App Mode: DEBUG
Menu Key: ESCAPE
Stage Style: DECORATED
Scene Factory: class com.almasb.fxgl.app.scene.SceneFactory

13:09:06.393 [JavaFX Application Thread] DEBUG FXGLApplication      - Initializing FXGL
13:09:06.396 [JavaFX Application Thread] INFO  Engine               - FXGL-dev-SNAPSHOT (29.08.2020 12.19) on WINDOWS (J:12 FX:14)
13:09:06.397 [JavaFX Application Thread] DEBUG Engine               - JRE Vendor Name: Oracle Corporation
13:09:06.397 [JavaFX Application Thread] DEBUG Engine               - Running on OS: Windows 10 version 10.0
13:09:06.397 [JavaFX Application Thread] DEBUG Engine               - Architecture: amd64
13:09:06.398 [JavaFX Application Thread] INFO  Engine               - Source code and latest versions at: https://github.com/AlmasB/FXGL
13:09:06.398 [JavaFX Application Thread] INFO  Engine               -              Join the FXGL chat at: https://gitter.im/AlmasB/FXGL
13:09:06.457 [JavaFX Application Thread] DEBUG MainWindow           - Creating a JavaFX scene
13:09:06.503 [JavaFX Application Thread] DEBUG MainWindow           - Target settings size: 800.0 x 600.0
13:09:06.504 [JavaFX Application Thread] DEBUG MainWindow           - Scaled scene size:    800.0 x 600.0
13:09:06.504 [JavaFX Application Thread] DEBUG MainWindow           - Scaled ratio: (1.0, 1.0)
13:09:06.505 [JavaFX Application Thread] DEBUG MainWindow           - Set initial scene to StartupScene
13:09:06.509 [JavaFX Application Thread] DEBUG MainWindow           - Opening main window
13:09:06.571 [JavaFX Application Thread] DEBUG MainWindow           - Window border size: (14.66668701171875, 37.33331298828125)
13:09:06.573 [JavaFX Application Thread] DEBUG MainWindow           - Scaled size: 800.0 x 600.0
13:09:06.575 [JavaFX Application Thread] DEBUG MainWindow           - Scaled ratio: (1.0, 1.0)
13:09:06.576 [JavaFX Application Thread] DEBUG MainWindow           - Scene size: 800.0 x 600.0
13:09:06.577 [JavaFX Application Thread] DEBUG MainWindow           - Stage size: 814.6666870117188 x 637.3333129882812
13:09:06.582 [FXGL Background Thread 1 ] DEBUG Engine               - Initializing environment variables
13:09:06.599 [FXGL Background Thread 1 ] DEBUG GameApplicationServi - Applying CSS: fxgl_dark.css
13:09:06.599 [FXGL Background Thread 1 ] DEBUG FXGLAssetLoaderServi - Loading from file system: /assets/ui/css/fxgl_dark.css
13:09:06.630 [FXGL Background Thread 1 ] DEBUG GameApplicationServi - Initializing application scenes
13:09:06.650 [FXGL Background Thread 1 ] DEBUG GameWorld            - Game world initialized
13:09:06.684 [FXGL Background Thread 1 ] DEBUG PhysicsWorld         - Physics world initialized: appHeight=600, physics.ppm=50.0
13:09:06.687 [FXGL Background Thread 1 ] DEBUG GameScene            - Game scene initialized: 800x600
13:09:06.703 [FXGL Background Thread 1 ] DEBUG FXGLAssetLoaderServi - Loading from file system: /assets/textures/particles/trace_horizontal.png
13:09:06.736 [FXGL Background Thread 1 ] DEBUG FXGL.DefaultMenu     - createMenuBodyGameMenu()
13:09:06.746 [FXGL Background Thread 1 ] DEBUG FXGL.DefaultMenu     - createOptionsMenu()
13:09:06.749 [FXGL Background Thread 1 ] DEBUG FXGLAssetLoaderServi - Loading from file system: /assets/textures/particles/smoke.png
13:09:06.797 [FXGL Background Thread 1 ] DEBUG GameApplicationServi - Application scenes initialized
13:09:06.803 [FXGL Background Thread 1 ] DEBUG SystemBundleService  - Loading FXGL system data
13:09:06.807 [FXGL Background Thread 1 ] DEBUG FileSystemAccess     - Reading from: C:\Users\Stephens\Documents\University of Brighton\Year 3 2021-2022\Semester 1\Multiplayer Game Development\ci628server-win\bin\system\fxgl.bundle
13:09:06.812 [FXGL Background Thread 1 ] DEBUG SystemBundleService  - Bundle FXGL: {}
13:09:06.812 [FXGL Background Thread 1 ] DEBUG UpdaterService       - Checking for updates
13:09:06.815 [FXGL Background Thread 1 ] DEBUG FXGLApplication      - Loading default localization
13:09:06.816 [FXGL Background Thread 4 ] DEBUG FXGLApplication      - Loading fonts
13:09:06.816 [FXGL Background Thread 1 ] DEBUG FXGLAssetLoaderServi - Loading from file system: /assets/languages/english.lang
13:09:06.816 [FXGL Background Thread 4 ] DEBUG FXGLAssetLoaderServi - Loading from file system: /assets/ui/fonts/pong.ttf
13:09:06.825 [FXGL Background Thread 1 ] INFO  FXGLApplication      - FXGL initialization took: 0.243 sec
13:09:06.832 [JavaFX Application Thread] DEBUG Input                - Registered new binding: Up1 - W
13:09:06.833 [JavaFX Application Thread] DEBUG Input                - Registered new binding: Down1 - S
13:09:06.834 [JavaFX Application Thread] DEBUG Input                - Registered new binding: Up2 - I
13:09:06.835 [JavaFX Application Thread] DEBUG Input                - Registered new binding: Down2 - K
13:09:06.835 [JavaFX Application Thread] DEBUG FXGLAssetLoaderServi - Loading from file system: /assets/textures/fxgl_icon.png
13:09:06.849 [JavaFX Application Thread] DEBUG FXGLAssetLoaderServi - Loading from file system: /assets/ui/cursors/fxgl_default.png
13:09:06.850 [JavaFX Application Thread] DEBUG Input                - Registered new binding: Screenshot - P
13:09:06.851 [JavaFX Application Thread] DEBUG Input                - Registered new binding: System info dump - CTRL+9
13:09:06.851 [JavaFX Application Thread] DEBUG Input                - Registered new binding: Restart - CTRL+R
13:09:06.852 [JavaFX Application Thread] DEBUG Input                - Registered new binding: Toggle Debug Camera - CTRL+C
13:09:06.854 [JavaFX Application Thread] DEBUG LoopRunner           - Starting loop
13:09:06.855 [JavaFX Application Thread] DEBUG GameApplicationServi - Starting new game
13:09:06.855 [JavaFX Application Thread] DEBUG Input                - Clearing active input actions
13:09:06.864 [JavaFX Application Thread] DEBUG GameApplicationServi - Removing overlay from StartupScene and adding to FXGLLoadingScene
13:09:06.867 [JavaFX Application Thread] DEBUG MainWindow           - StartupScene -> FXGLLoadingScene
13:09:06.867 [JavaFX Application Thread] DEBUG GameApplicationServi - Clearing previous game
13:09:06.868 [JavaFX Application Thread] DEBUG GameScene            - Clearing game scene
13:09:06.868 [JavaFX Application Thread] DEBUG GameWorld            - Clearing game world
13:09:06.869 [JavaFX Application Thread] DEBUG PhysicsWorld         - Clearing physics world
13:09:06.870 [FXGL Background Thread 1 ] DEBUG FXGLApplication      - Initializing game
13:09:06.895 [FXGL Background Thread 1 ] DEBUG FXGLAssetLoaderServi - Loading from file system: /assets/ui/main.fxml
13:09:06.898 [Thread-3                 ] DEBUG TCPServer            - Starting to listen at: 55555 type: class java.lang.String
13:09:06.942 [FXGL Background Thread 1 ] INFO  FXGLApplication      - Game initialization took: 0.072 sec
13:09:06.943 [JavaFX Application Thread] DEBUG Input                - Clearing active input actions
13:09:06.952 [JavaFX Application Thread] DEBUG GameApplicationServi - Removing overlay from FXGLLoadingScene and adding to GameScene
13:09:06.954 [JavaFX Application Thread] DEBUG MainWindow           - FXGLLoadingScene -> GameScene
13:09:06.971 [FXGL Background Thread 4 ] DEBUG FXGLAssetLoaderServi - Loading from file system: /assets/ui/fonts/Abel-Regular.ttf
13:09:06.980 [FXGL Background Thread 4 ] DEBUG FXGLAssetLoaderServi - Loading from file system: /assets/ui/fonts/lucida_console.ttf
13:09:06.991 [FXGL Background Thread 4 ] DEBUG FXGLAssetLoaderServi - Loading from file system: /assets/ui/fonts/Courier-Prime.ttf
13:09:07.001 [JavaFX Application Thread] DEBUG FXGLApplication      - Registering font factories with UI factory
13:09:07.084 [FXGL Background Thread 2 ] WARN  UpdaterService       - Failed to find updates: javax.net.ssl.SSLHandshakeException: Received fatal alert: handshake_failure
13:09:09.816 [FXGL Background Thread 3 ] DEBUG Engine               - Logging environment variables
13:09:09.816 [FXGL Background Thread 3 ] DEBUG Engine               - achievements: []
13:09:09.817 [FXGL Background Thread 3 ] DEBUG Engine               - appIcon: fxgl_icon.png
13:09:09.817 [FXGL Background Thread 3 ] DEBUG Engine               - applicationMode: DEBUG
13:09:09.818 [FXGL Background Thread 3 ] DEBUG Engine               - cSSList: [fxgl_dark.css]
13:09:09.818 [FXGL Background Thread 3 ] DEBUG Engine               - configClass: Optional.empty
13:09:09.819 [FXGL Background Thread 3 ] DEBUG Engine               - credits: []
13:09:09.820 [FXGL Background Thread 3 ] DEBUG Engine               - devBBoxColorProperty: ObjectProperty [value: 0xff0000ff]
13:09:09.821 [FXGL Background Thread 3 ] DEBUG Engine               - devEnableDebugCameraProperty: BooleanProperty [value: false]
13:09:09.822 [FXGL Background Thread 3 ] DEBUG Engine               - devSensorColorProperty: ObjectProperty [value: 0xffff00ff]
13:09:09.823 [FXGL Background Thread 3 ] DEBUG Engine               - devShowBBoxProperty: BooleanProperty [value: false]
13:09:09.824 [FXGL Background Thread 3 ] DEBUG Engine               - devShowPositionProperty: BooleanProperty [value: false]
13:09:09.825 [FXGL Background Thread 3 ] DEBUG Engine               - enabledMenuItems: []
13:09:09.826 [FXGL Background Thread 3 ] DEBUG Engine               - engineServices: [class com.almasb.fxgl.app.FXGLApplication$GameApplicationService, class com.almasb.fxgl.app.services.FXGLDialogService, class com.almasb.fxgl.app.services.IOTaskExecutorService, class com.almasb.fxgl.event.EventBusService, class com.almasb.fxgl.io.FileSystemService, class com.almasb.fxgl.localization.LocalizationService, class com.almasb.fxgl.app.services.FXGLAssetLoaderService, class com.almasb.fxgl.app.services.SystemBundleService, class com.almasb.fxgl.profile.SaveLoadService, class com.almasb.fxgl.ui.FXGLUIFactoryServiceProvider, class com.almasb.fxgl.ui.FXGLDialogFactoryServiceProvider, class com.almasb.fxgl.audio.AudioPlayer, class com.almasb.fxgl.notification.impl.NotificationServiceProvider, class com.almasb.fxgl.achievement.AchievementService, class com.almasb.fxgl.cutscene.CutsceneService, class com.almasb.fxgl.minigames.MiniGameService, class com.almasb.fxgl.net.NetService, class com.almasb.fxgl.app.services.UpdaterService, class com.almasb.fxgl.dev.DevService]
13:09:09.827 [FXGL Background Thread 3 ] DEBUG Engine               - fontGame: Abel-Regular.ttf
13:09:09.827 [FXGL Background Thread 3 ] DEBUG Engine               - fontMono: lucida_console.ttf
13:09:09.831 [FXGL Background Thread 3 ] DEBUG Engine               - fontText: Courier-Prime.ttf
13:09:09.831 [FXGL Background Thread 3 ] DEBUG Engine               - fontUI: pong.ttf
13:09:09.831 [FXGL Background Thread 3 ] DEBUG Engine               - fullScreen: BooleanProperty [value: false]
13:09:09.832 [FXGL Background Thread 3 ] DEBUG Engine               - gameDifficulty: MEDIUM
13:09:09.832 [FXGL Background Thread 3 ] DEBUG Engine               - gameDifficultyProperty: ObjectProperty [value: MEDIUM]
13:09:09.833 [FXGL Background Thread 3 ] DEBUG Engine               - globalMusicVolume: 0.5
13:09:09.833 [FXGL Background Thread 3 ] DEBUG Engine               - globalMusicVolumeProperty: DoubleProperty [value: 0.5]
13:09:09.834 [FXGL Background Thread 3 ] DEBUG Engine               - globalSoundVolume: 0.5
13:09:09.834 [FXGL Background Thread 3 ] DEBUG Engine               - globalSoundVolumeProperty: DoubleProperty [value: 0.5]
13:09:09.835 [FXGL Background Thread 3 ] DEBUG Engine               - height: 600
13:09:09.836 [FXGL Background Thread 3 ] DEBUG Engine               - isAndroid: false
13:09:09.836 [FXGL Background Thread 3 ] DEBUG Engine               - isBrowser: false
13:09:09.837 [FXGL Background Thread 3 ] DEBUG Engine               - isClickFeedbackEnabled: false
13:09:09.837 [FXGL Background Thread 3 ] DEBUG Engine               - isCloseConfirmation: false
13:09:09.838 [FXGL Background Thread 3 ] DEBUG Engine               - isDesktop: true
13:09:09.838 [FXGL Background Thread 3 ] DEBUG Engine               - isDeveloperMenuEnabled: false
13:09:09.838 [FXGL Background Thread 3 ] DEBUG Engine               - isEntityPreloadEnabled: true
13:09:09.839 [FXGL Background Thread 3 ] DEBUG Engine               - isExperimentalNative: false
13:09:09.839 [FXGL Background Thread 3 ] DEBUG Engine               - isExperimentalTiledLargeMap: false
13:09:09.839 [FXGL Background Thread 3 ] DEBUG Engine               - isFileSystemWriteAllowed: true
13:09:09.840 [FXGL Background Thread 3 ] DEBUG Engine               - isFullScreenAllowed: false
13:09:09.840 [FXGL Background Thread 3 ] DEBUG Engine               - isFullScreenFromStart: false
13:09:09.841 [FXGL Background Thread 3 ] DEBUG Engine               - isGameMenuEnabled: true
13:09:09.841 [FXGL Background Thread 3 ] DEBUG Engine               - isIOS: false
13:09:09.842 [FXGL Background Thread 3 ] DEBUG Engine               - isIntroEnabled: false
13:09:09.842 [FXGL Background Thread 3 ] DEBUG Engine               - isLinux: false
13:09:09.843 [FXGL Background Thread 3 ] DEBUG Engine               - isMac: false
13:09:09.843 [FXGL Background Thread 3 ] DEBUG Engine               - isMainMenuEnabled: false
13:09:09.846 [FXGL Background Thread 3 ] DEBUG Engine               - isManualResizeEnabled: false
13:09:09.847 [FXGL Background Thread 3 ] DEBUG Engine               - isMobile: false
13:09:09.847 [FXGL Background Thread 3 ] DEBUG Engine               - isPreserveResizeRatio: false
13:09:09.848 [FXGL Background Thread 3 ] DEBUG Engine               - isProfilingEnabled: false
13:09:09.848 [FXGL Background Thread 3 ] DEBUG Engine               - isSingleStep: false
13:09:09.849 [FXGL Background Thread 3 ] DEBUG Engine               - isUserProfileEnabled: false
13:09:09.849 [FXGL Background Thread 3 ] DEBUG Engine               - isWindows: true
13:09:09.850 [FXGL Background Thread 3 ] DEBUG Engine               - language: ObjectProperty [value: ENGLISH]
13:09:09.850 [FXGL Background Thread 3 ] DEBUG Engine               - menuKey: ESCAPE
13:09:09.850 [FXGL Background Thread 3 ] DEBUG Engine               - notificationViewClass: class com.almasb.fxgl.notification.view.XboxNotificationView
13:09:09.851 [FXGL Background Thread 3 ] DEBUG Engine               - pixelsPerMeter: 50.0
13:09:09.852 [FXGL Background Thread 3 ] DEBUG Engine               - platform: WINDOWS
13:09:09.852 [FXGL Background Thread 3 ] DEBUG Engine               - profileDir: profiles/
13:09:09.853 [FXGL Background Thread 3 ] DEBUG Engine               - profileName: StringProperty [value: DEFAULT]
13:09:09.853 [FXGL Background Thread 3 ] DEBUG Engine               - randomSeed: -1
13:09:09.854 [FXGL Background Thread 3 ] DEBUG Engine               - runtimeInfo: RuntimeInfo(platform=WINDOWS, version=dev-SNAPSHOT, build=29.08.2020 12.19)
13:09:09.854 [FXGL Background Thread 3 ] DEBUG Engine               - saveFileExt: sav
13:09:09.855 [FXGL Background Thread 3 ] DEBUG Engine               - sceneFactory: com.almasb.fxgl.app.scene.SceneFactory@16cd2412
13:09:09.855 [FXGL Background Thread 3 ] DEBUG Engine               - secondsIn24h: 60
13:09:09.856 [FXGL Background Thread 3 ] DEBUG Engine               - soundMenuBack: menu/back.wav
13:09:09.856 [FXGL Background Thread 3 ] DEBUG Engine               - soundMenuPress: menu/press.wav
13:09:09.857 [FXGL Background Thread 3 ] DEBUG Engine               - soundMenuSelect: menu/select.wav
13:09:09.858 [FXGL Background Thread 3 ] DEBUG Engine               - soundNotification: core/notification.wav
13:09:09.858 [FXGL Background Thread 3 ] DEBUG Engine               - stageStyle: DECORATED
13:09:09.861 [FXGL Background Thread 3 ] DEBUG Engine               - supportedLanguages: [ENGLISH, FRENCH, GERMAN, HUNGARIAN, RUSSIAN]
13:09:09.862 [FXGL Background Thread 3 ] DEBUG Engine               - title: Pong
13:09:09.862 [FXGL Background Thread 3 ] DEBUG Engine               - urlGithub: https://github.com/AlmasB/FXGL
13:09:09.863 [FXGL Background Thread 3 ] DEBUG Engine               - urlLeaderboard: http://fxgl-top.herokuapp.com/
13:09:09.863 [FXGL Background Thread 3 ] DEBUG Engine               - urlPOM: https://raw.githubusercontent.com/AlmasB/FXGL/master/pom.xml
13:09:09.864 [FXGL Background Thread 3 ] DEBUG Engine               - version: 1.0
13:09:09.864 [FXGL Background Thread 3 ] DEBUG Engine               - versionCheckDays: 7
13:09:09.865 [FXGL Background Thread 3 ] DEBUG Engine               - width: 800
13:09:09.865 [FXGL Background Thread 3 ] DEBUG Engine               - Logging services
13:09:09.865 [FXGL Background Thread 3 ] DEBUG Engine               - class com.almasb.fxgl.app.FXGLApplication$GameApplicationService
13:09:09.866 [FXGL Background Thread 3 ] DEBUG Engine               - class com.almasb.fxgl.app.services.FXGLDialogService
13:09:09.867 [FXGL Background Thread 3 ] DEBUG Engine               - class com.almasb.fxgl.app.services.IOTaskExecutorService
13:09:09.868 [FXGL Background Thread 3 ] DEBUG Engine               - class com.almasb.fxgl.event.EventBusService
13:09:09.868 [FXGL Background Thread 3 ] DEBUG Engine               - class com.almasb.fxgl.io.FileSystemService
13:09:09.869 [FXGL Background Thread 3 ] DEBUG Engine               - class com.almasb.fxgl.localization.LocalizationService
13:09:09.869 [FXGL Background Thread 3 ] DEBUG Engine               - class com.almasb.fxgl.app.services.FXGLAssetLoaderService
13:09:09.870 [FXGL Background Thread 3 ] DEBUG Engine               - class com.almasb.fxgl.app.services.SystemBundleService
13:09:09.872 [FXGL Background Thread 3 ] DEBUG Engine               - class com.almasb.fxgl.profile.SaveLoadService
13:09:09.872 [FXGL Background Thread 3 ] DEBUG Engine               - class com.almasb.fxgl.ui.FXGLUIFactoryServiceProvider
13:09:09.873 [FXGL Background Thread 3 ] DEBUG Engine               - class com.almasb.fxgl.ui.FXGLDialogFactoryServiceProvider
13:09:09.874 [FXGL Background Thread 3 ] DEBUG Engine               - class com.almasb.fxgl.audio.AudioPlayer
13:09:09.877 [FXGL Background Thread 3 ] DEBUG Engine               - class com.almasb.fxgl.notification.impl.NotificationServiceProvider
13:09:09.878 [FXGL Background Thread 3 ] DEBUG Engine               - class com.almasb.fxgl.achievement.AchievementService
13:09:09.879 [FXGL Background Thread 3 ] DEBUG Engine               - class com.almasb.fxgl.cutscene.CutsceneService
13:09:09.880 [FXGL Background Thread 3 ] DEBUG Engine               - class com.almasb.fxgl.minigames.MiniGameService
13:09:09.880 [FXGL Background Thread 3 ] DEBUG Engine               - class com.almasb.fxgl.net.NetService
13:09:09.880 [FXGL Background Thread 3 ] DEBUG Engine               - class com.almasb.fxgl.app.services.UpdaterService
13:09:09.881 [FXGL Background Thread 3 ] DEBUG Engine               - class com.almasb.fxgl.dev.DevService
13:09:15.082 [Thread-3                 ] DEBUG Endpoint             - TCPServer opening new connection (1) from /127.0.0.1:50370 type: class java.lang.String
13:09:15.085 [Thread-3                 ] DEBUG Endpoint             - TCPServer successfully opened connection (1)
13:09:15.094 [TCPServer_RecvThread-1   ] DEBUG Readers              - Getting MessageReader for class java.lang.String
13:09:15.094 [TCPServer_SendThread-1   ] DEBUG Writers              - Getting MessageWriter for TCP-class java.lang.String
13:09:15.096 [TCPServer_RecvThread-1   ] DEBUG Readers              - Constructed MessageReader for class java.lang.String: MessageReaderS
13:09:15.106 [TCPServer_SendThread-1   ] DEBUG Writers              - Constructed MessageWriter for class java.lang.String: 
13:09:37.224 [JavaFX Application Thread] DEBUG FXGLApplication      - Exiting FXGL
13:09:37.225 [JavaFX Application Thread] DEBUG LoopRunner           - Stopping loop
13:09:37.225 [JavaFX Application Thread] DEBUG SystemBundleService  - Saving FXGL system data
13:09:37.227 [JavaFX Application Thread] DEBUG FileSystemAccess     - Writing to: C:\Users\Stephens\Documents\University of Brighton\Year 3 2021-2022\Semester 1\Multiplayer Game Development\ci628server-win\bin\system\fxgl.bundle
13:09:37.230 [JavaFX Application Thread] DEBUG Async                - Shutting down background threads
13:09:37.230 [JavaFX Application Thread] DEBUG MainWindow           - Closing main window
13:09:37.240 [JavaFX Application Thread] DEBUG Logger               - Closing Logger
