17:40:44.080 [main                     ] DEBUG Logger               - Configured Logger
17:40:44.098 [main                     ] DEBUG GameApplication      - Logging settings
Title: Pong
Version: 1.0
Width: 800
Height: 600
Fullscreen: false
Intro: false
Profiling: false
Single step:false
App Mode: DEBUG
Menu Key: ESCAPE
Stage Style: DECORATED
Scene Factory: class com.almasb.fxgl.app.scene.SceneFactory

17:40:44.368 [JavaFX Application Thread] DEBUG FXGLApplication      - Initializing FXGL
17:40:44.372 [JavaFX Application Thread] INFO  Engine               - FXGL-dev-SNAPSHOT (29.08.2020 12.19) on WINDOWS (J:12 FX:14)
17:40:44.372 [JavaFX Application Thread] DEBUG Engine               - JRE Vendor Name: Oracle Corporation
17:40:44.372 [JavaFX Application Thread] DEBUG Engine               - Running on OS: Windows 10 version 10.0
17:40:44.372 [JavaFX Application Thread] DEBUG Engine               - Architecture: amd64
17:40:44.373 [JavaFX Application Thread] INFO  Engine               - Source code and latest versions at: https://github.com/AlmasB/FXGL
17:40:44.373 [JavaFX Application Thread] INFO  Engine               -              Join the FXGL chat at: https://gitter.im/AlmasB/FXGL
17:40:44.434 [JavaFX Application Thread] DEBUG MainWindow           - Creating a JavaFX scene
17:40:44.476 [JavaFX Application Thread] DEBUG MainWindow           - Target settings size: 800.0 x 600.0
17:40:44.476 [JavaFX Application Thread] DEBUG MainWindow           - Scaled scene size:    800.0 x 600.0
17:40:44.476 [JavaFX Application Thread] DEBUG MainWindow           - Scaled ratio: (1.0, 1.0)
17:40:44.477 [JavaFX Application Thread] DEBUG MainWindow           - Set initial scene to StartupScene
17:40:44.481 [JavaFX Application Thread] DEBUG MainWindow           - Opening main window
17:40:44.543 [JavaFX Application Thread] DEBUG MainWindow           - Window border size: (14.66668701171875, 37.33331298828125)
17:40:44.545 [JavaFX Application Thread] DEBUG MainWindow           - Scaled size: 800.0 x 600.0
17:40:44.546 [JavaFX Application Thread] DEBUG MainWindow           - Scaled ratio: (1.0, 1.0)
17:40:44.546 [JavaFX Application Thread] DEBUG MainWindow           - Scene size: 800.0 x 600.0
17:40:44.547 [JavaFX Application Thread] DEBUG MainWindow           - Stage size: 814.6666870117188 x 637.3333129882812
17:40:44.552 [FXGL Background Thread 1 ] DEBUG Engine               - Initializing environment variables
17:40:44.569 [FXGL Background Thread 1 ] DEBUG GameApplicationServi - Applying CSS: fxgl_dark.css
17:40:44.569 [FXGL Background Thread 1 ] DEBUG FXGLAssetLoaderServi - Loading from file system: /assets/ui/css/fxgl_dark.css
17:40:44.600 [FXGL Background Thread 1 ] DEBUG GameApplicationServi - Initializing application scenes
17:40:44.620 [FXGL Background Thread 1 ] DEBUG GameWorld            - Game world initialized
17:40:44.656 [FXGL Background Thread 1 ] DEBUG PhysicsWorld         - Physics world initialized: appHeight=600, physics.ppm=50.0
17:40:44.659 [FXGL Background Thread 1 ] DEBUG GameScene            - Game scene initialized: 800x600
17:40:44.677 [FXGL Background Thread 1 ] DEBUG FXGLAssetLoaderServi - Loading from file system: /assets/textures/particles/trace_horizontal.png
17:40:44.710 [FXGL Background Thread 1 ] DEBUG FXGL.DefaultMenu     - createMenuBodyGameMenu()
17:40:44.719 [FXGL Background Thread 1 ] DEBUG FXGL.DefaultMenu     - createOptionsMenu()
17:40:44.722 [FXGL Background Thread 1 ] DEBUG FXGLAssetLoaderServi - Loading from file system: /assets/textures/particles/smoke.png
17:40:44.769 [FXGL Background Thread 1 ] DEBUG GameApplicationServi - Application scenes initialized
17:40:44.776 [FXGL Background Thread 1 ] DEBUG SystemBundleService  - Loading FXGL system data
17:40:44.779 [FXGL Background Thread 1 ] DEBUG FileSystemAccess     - Reading from: C:\Users\Stephens\Documents\University of Brighton\Year 3 2021-2022\Semester 1\Multiplayer Game Development\ci628server-win\bin\system\fxgl.bundle
17:40:44.784 [FXGL Background Thread 1 ] DEBUG SystemBundleService  - Bundle FXGL: {}
17:40:44.784 [FXGL Background Thread 1 ] DEBUG UpdaterService       - Checking for updates
17:40:44.788 [FXGL Background Thread 4 ] DEBUG FXGLApplication      - Loading fonts
17:40:44.788 [FXGL Background Thread 1 ] DEBUG FXGLApplication      - Loading default localization
17:40:44.788 [FXGL Background Thread 4 ] DEBUG FXGLAssetLoaderServi - Loading from file system: /assets/ui/fonts/pong.ttf
17:40:44.788 [FXGL Background Thread 1 ] DEBUG FXGLAssetLoaderServi - Loading from file system: /assets/languages/english.lang
17:40:44.797 [FXGL Background Thread 1 ] INFO  FXGLApplication      - FXGL initialization took: 0.244 sec
17:40:44.804 [JavaFX Application Thread] DEBUG Input                - Registered new binding: Up1 - W
17:40:44.804 [JavaFX Application Thread] DEBUG Input                - Registered new binding: Down1 - S
17:40:44.805 [JavaFX Application Thread] DEBUG Input                - Registered new binding: Up2 - I
17:40:44.805 [JavaFX Application Thread] DEBUG Input                - Registered new binding: Down2 - K
17:40:44.806 [JavaFX Application Thread] DEBUG FXGLAssetLoaderServi - Loading from file system: /assets/textures/fxgl_icon.png
17:40:44.820 [JavaFX Application Thread] DEBUG FXGLAssetLoaderServi - Loading from file system: /assets/ui/cursors/fxgl_default.png
17:40:44.822 [JavaFX Application Thread] DEBUG Input                - Registered new binding: Screenshot - P
17:40:44.822 [JavaFX Application Thread] DEBUG Input                - Registered new binding: System info dump - CTRL+9
17:40:44.823 [JavaFX Application Thread] DEBUG Input                - Registered new binding: Restart - CTRL+R
17:40:44.824 [JavaFX Application Thread] DEBUG Input                - Registered new binding: Toggle Debug Camera - CTRL+C
17:40:44.826 [JavaFX Application Thread] DEBUG LoopRunner           - Starting loop
17:40:44.826 [JavaFX Application Thread] DEBUG GameApplicationServi - Starting new game
17:40:44.827 [JavaFX Application Thread] DEBUG Input                - Clearing active input actions
17:40:44.837 [JavaFX Application Thread] DEBUG GameApplicationServi - Removing overlay from StartupScene and adding to FXGLLoadingScene
17:40:44.838 [JavaFX Application Thread] DEBUG MainWindow           - StartupScene -> FXGLLoadingScene
17:40:44.839 [JavaFX Application Thread] DEBUG GameApplicationServi - Clearing previous game
17:40:44.839 [JavaFX Application Thread] DEBUG GameScene            - Clearing game scene
17:40:44.840 [JavaFX Application Thread] DEBUG GameWorld            - Clearing game world
17:40:44.840 [JavaFX Application Thread] DEBUG PhysicsWorld         - Clearing physics world
17:40:44.842 [FXGL Background Thread 1 ] DEBUG FXGLApplication      - Initializing game
17:40:44.866 [FXGL Background Thread 1 ] DEBUG FXGLAssetLoaderServi - Loading from file system: /assets/ui/main.fxml
17:40:44.875 [Thread-3                 ] DEBUG TCPServer            - Starting to listen at: 55555 type: class java.lang.String
17:40:44.910 [FXGL Background Thread 1 ] INFO  FXGLApplication      - Game initialization took: 0.069 sec
17:40:44.921 [JavaFX Application Thread] DEBUG Input                - Clearing active input actions
17:40:44.928 [JavaFX Application Thread] DEBUG GameApplicationServi - Removing overlay from FXGLLoadingScene and adding to GameScene
17:40:44.930 [JavaFX Application Thread] DEBUG MainWindow           - FXGLLoadingScene -> GameScene
17:40:44.939 [FXGL Background Thread 4 ] DEBUG FXGLAssetLoaderServi - Loading from file system: /assets/ui/fonts/Abel-Regular.ttf
17:40:44.947 [FXGL Background Thread 4 ] DEBUG FXGLAssetLoaderServi - Loading from file system: /assets/ui/fonts/lucida_console.ttf
17:40:44.958 [FXGL Background Thread 4 ] DEBUG FXGLAssetLoaderServi - Loading from file system: /assets/ui/fonts/Courier-Prime.ttf
17:40:44.967 [JavaFX Application Thread] DEBUG FXGLApplication      - Registering font factories with UI factory
17:40:45.073 [FXGL Background Thread 2 ] WARN  UpdaterService       - Failed to find updates: javax.net.ssl.SSLHandshakeException: Received fatal alert: handshake_failure
17:40:47.789 [FXGL Background Thread 3 ] DEBUG Engine               - Logging environment variables
17:40:47.789 [FXGL Background Thread 3 ] DEBUG Engine               - achievements: []
17:40:47.790 [FXGL Background Thread 3 ] DEBUG Engine               - appIcon: fxgl_icon.png
17:40:47.790 [FXGL Background Thread 3 ] DEBUG Engine               - applicationMode: DEBUG
17:40:47.791 [FXGL Background Thread 3 ] DEBUG Engine               - cSSList: [fxgl_dark.css]
17:40:47.791 [FXGL Background Thread 3 ] DEBUG Engine               - configClass: Optional.empty
17:40:47.792 [FXGL Background Thread 3 ] DEBUG Engine               - credits: []
17:40:47.792 [FXGL Background Thread 3 ] DEBUG Engine               - devBBoxColorProperty: ObjectProperty [value: 0xff0000ff]
17:40:47.793 [FXGL Background Thread 3 ] DEBUG Engine               - devEnableDebugCameraProperty: BooleanProperty [value: false]
17:40:47.793 [FXGL Background Thread 3 ] DEBUG Engine               - devSensorColorProperty: ObjectProperty [value: 0xffff00ff]
17:40:47.794 [FXGL Background Thread 3 ] DEBUG Engine               - devShowBBoxProperty: BooleanProperty [value: false]
17:40:47.795 [FXGL Background Thread 3 ] DEBUG Engine               - devShowPositionProperty: BooleanProperty [value: false]
17:40:47.796 [FXGL Background Thread 3 ] DEBUG Engine               - enabledMenuItems: []
17:40:47.796 [FXGL Background Thread 3 ] DEBUG Engine               - engineServices: [class com.almasb.fxgl.app.FXGLApplication$GameApplicationService, class com.almasb.fxgl.app.services.FXGLDialogService, class com.almasb.fxgl.app.services.IOTaskExecutorService, class com.almasb.fxgl.event.EventBusService, class com.almasb.fxgl.io.FileSystemService, class com.almasb.fxgl.localization.LocalizationService, class com.almasb.fxgl.app.services.FXGLAssetLoaderService, class com.almasb.fxgl.app.services.SystemBundleService, class com.almasb.fxgl.profile.SaveLoadService, class com.almasb.fxgl.ui.FXGLUIFactoryServiceProvider, class com.almasb.fxgl.ui.FXGLDialogFactoryServiceProvider, class com.almasb.fxgl.audio.AudioPlayer, class com.almasb.fxgl.notification.impl.NotificationServiceProvider, class com.almasb.fxgl.achievement.AchievementService, class com.almasb.fxgl.cutscene.CutsceneService, class com.almasb.fxgl.minigames.MiniGameService, class com.almasb.fxgl.net.NetService, class com.almasb.fxgl.app.services.UpdaterService, class com.almasb.fxgl.dev.DevService]
17:40:47.797 [FXGL Background Thread 3 ] DEBUG Engine               - fontGame: Abel-Regular.ttf
17:40:47.797 [FXGL Background Thread 3 ] DEBUG Engine               - fontMono: lucida_console.ttf
17:40:47.798 [FXGL Background Thread 3 ] DEBUG Engine               - fontText: Courier-Prime.ttf
17:40:47.798 [FXGL Background Thread 3 ] DEBUG Engine               - fontUI: pong.ttf
17:40:47.798 [FXGL Background Thread 3 ] DEBUG Engine               - fullScreen: BooleanProperty [value: false]
17:40:47.799 [FXGL Background Thread 3 ] DEBUG Engine               - gameDifficulty: MEDIUM
17:40:47.799 [FXGL Background Thread 3 ] DEBUG Engine               - gameDifficultyProperty: ObjectProperty [value: MEDIUM]
17:40:47.800 [FXGL Background Thread 3 ] DEBUG Engine               - globalMusicVolume: 0.5
17:40:47.800 [FXGL Background Thread 3 ] DEBUG Engine               - globalMusicVolumeProperty: DoubleProperty [value: 0.5]
17:40:47.801 [FXGL Background Thread 3 ] DEBUG Engine               - globalSoundVolume: 0.5
17:40:47.801 [FXGL Background Thread 3 ] DEBUG Engine               - globalSoundVolumeProperty: DoubleProperty [value: 0.5]
17:40:47.805 [FXGL Background Thread 3 ] DEBUG Engine               - height: 600
17:40:47.805 [FXGL Background Thread 3 ] DEBUG Engine               - isAndroid: false
17:40:47.805 [FXGL Background Thread 3 ] DEBUG Engine               - isBrowser: false
17:40:47.806 [FXGL Background Thread 3 ] DEBUG Engine               - isClickFeedbackEnabled: false
17:40:47.806 [FXGL Background Thread 3 ] DEBUG Engine               - isCloseConfirmation: false
17:40:47.806 [FXGL Background Thread 3 ] DEBUG Engine               - isDesktop: true
17:40:47.807 [FXGL Background Thread 3 ] DEBUG Engine               - isDeveloperMenuEnabled: false
17:40:47.807 [FXGL Background Thread 3 ] DEBUG Engine               - isEntityPreloadEnabled: true
17:40:47.808 [FXGL Background Thread 3 ] DEBUG Engine               - isExperimentalNative: false
17:40:47.808 [FXGL Background Thread 3 ] DEBUG Engine               - isExperimentalTiledLargeMap: false
17:40:47.809 [FXGL Background Thread 3 ] DEBUG Engine               - isFileSystemWriteAllowed: true
17:40:47.809 [FXGL Background Thread 3 ] DEBUG Engine               - isFullScreenAllowed: false
17:40:47.809 [FXGL Background Thread 3 ] DEBUG Engine               - isFullScreenFromStart: false
17:40:47.810 [FXGL Background Thread 3 ] DEBUG Engine               - isGameMenuEnabled: true
17:40:47.810 [FXGL Background Thread 3 ] DEBUG Engine               - isIOS: false
17:40:47.810 [FXGL Background Thread 3 ] DEBUG Engine               - isIntroEnabled: false
17:40:47.811 [FXGL Background Thread 3 ] DEBUG Engine               - isLinux: false
17:40:47.811 [FXGL Background Thread 3 ] DEBUG Engine               - isMac: false
17:40:47.812 [FXGL Background Thread 3 ] DEBUG Engine               - isMainMenuEnabled: false
17:40:47.812 [FXGL Background Thread 3 ] DEBUG Engine               - isManualResizeEnabled: false
17:40:47.812 [FXGL Background Thread 3 ] DEBUG Engine               - isMobile: false
17:40:47.813 [FXGL Background Thread 3 ] DEBUG Engine               - isPreserveResizeRatio: false
17:40:47.813 [FXGL Background Thread 3 ] DEBUG Engine               - isProfilingEnabled: false
17:40:47.814 [FXGL Background Thread 3 ] DEBUG Engine               - isSingleStep: false
17:40:47.814 [FXGL Background Thread 3 ] DEBUG Engine               - isUserProfileEnabled: false
17:40:47.814 [FXGL Background Thread 3 ] DEBUG Engine               - isWindows: true
17:40:47.815 [FXGL Background Thread 3 ] DEBUG Engine               - language: ObjectProperty [value: ENGLISH]
17:40:47.815 [FXGL Background Thread 3 ] DEBUG Engine               - menuKey: ESCAPE
17:40:47.815 [FXGL Background Thread 3 ] DEBUG Engine               - notificationViewClass: class com.almasb.fxgl.notification.view.XboxNotificationView
17:40:47.816 [FXGL Background Thread 3 ] DEBUG Engine               - pixelsPerMeter: 50.0
17:40:47.817 [FXGL Background Thread 3 ] DEBUG Engine               - platform: WINDOWS
17:40:47.817 [FXGL Background Thread 3 ] DEBUG Engine               - profileDir: profiles/
17:40:47.818 [FXGL Background Thread 3 ] DEBUG Engine               - profileName: StringProperty [value: DEFAULT]
17:40:47.820 [FXGL Background Thread 3 ] DEBUG Engine               - randomSeed: -1
17:40:47.821 [FXGL Background Thread 3 ] DEBUG Engine               - runtimeInfo: RuntimeInfo(platform=WINDOWS, version=dev-SNAPSHOT, build=29.08.2020 12.19)
17:40:47.821 [FXGL Background Thread 3 ] DEBUG Engine               - saveFileExt: sav
17:40:47.822 [FXGL Background Thread 3 ] DEBUG Engine               - sceneFactory: com.almasb.fxgl.app.scene.SceneFactory@a33c11
17:40:47.823 [FXGL Background Thread 3 ] DEBUG Engine               - secondsIn24h: 60
17:40:47.823 [FXGL Background Thread 3 ] DEBUG Engine               - soundMenuBack: menu/back.wav
17:40:47.823 [FXGL Background Thread 3 ] DEBUG Engine               - soundMenuPress: menu/press.wav
17:40:47.824 [FXGL Background Thread 3 ] DEBUG Engine               - soundMenuSelect: menu/select.wav
17:40:47.824 [FXGL Background Thread 3 ] DEBUG Engine               - soundNotification: core/notification.wav
17:40:47.825 [FXGL Background Thread 3 ] DEBUG Engine               - stageStyle: DECORATED
17:40:47.825 [FXGL Background Thread 3 ] DEBUG Engine               - supportedLanguages: [ENGLISH, FRENCH, GERMAN, HUNGARIAN, RUSSIAN]
17:40:47.826 [FXGL Background Thread 3 ] DEBUG Engine               - title: Pong
17:40:47.826 [FXGL Background Thread 3 ] DEBUG Engine               - urlGithub: https://github.com/AlmasB/FXGL
17:40:47.826 [FXGL Background Thread 3 ] DEBUG Engine               - urlLeaderboard: http://fxgl-top.herokuapp.com/
17:40:47.827 [FXGL Background Thread 3 ] DEBUG Engine               - urlPOM: https://raw.githubusercontent.com/AlmasB/FXGL/master/pom.xml
17:40:47.828 [FXGL Background Thread 3 ] DEBUG Engine               - version: 1.0
17:40:47.828 [FXGL Background Thread 3 ] DEBUG Engine               - versionCheckDays: 7
17:40:47.828 [FXGL Background Thread 3 ] DEBUG Engine               - width: 800
17:40:47.829 [FXGL Background Thread 3 ] DEBUG Engine               - Logging services
17:40:47.829 [FXGL Background Thread 3 ] DEBUG Engine               - class com.almasb.fxgl.app.FXGLApplication$GameApplicationService
17:40:47.830 [FXGL Background Thread 3 ] DEBUG Engine               - class com.almasb.fxgl.app.services.FXGLDialogService
17:40:47.830 [FXGL Background Thread 3 ] DEBUG Engine               - class com.almasb.fxgl.app.services.IOTaskExecutorService
17:40:47.831 [FXGL Background Thread 3 ] DEBUG Engine               - class com.almasb.fxgl.event.EventBusService
17:40:47.832 [FXGL Background Thread 3 ] DEBUG Engine               - class com.almasb.fxgl.io.FileSystemService
17:40:47.832 [FXGL Background Thread 3 ] DEBUG Engine               - class com.almasb.fxgl.localization.LocalizationService
17:40:47.833 [FXGL Background Thread 3 ] DEBUG Engine               - class com.almasb.fxgl.app.services.FXGLAssetLoaderService
17:40:47.834 [FXGL Background Thread 3 ] DEBUG Engine               - class com.almasb.fxgl.app.services.SystemBundleService
17:40:47.837 [FXGL Background Thread 3 ] DEBUG Engine               - class com.almasb.fxgl.profile.SaveLoadService
17:40:47.837 [FXGL Background Thread 3 ] DEBUG Engine               - class com.almasb.fxgl.ui.FXGLUIFactoryServiceProvider
17:40:47.838 [FXGL Background Thread 3 ] DEBUG Engine               - class com.almasb.fxgl.ui.FXGLDialogFactoryServiceProvider
17:40:47.839 [FXGL Background Thread 3 ] DEBUG Engine               - class com.almasb.fxgl.audio.AudioPlayer
17:40:47.839 [FXGL Background Thread 3 ] DEBUG Engine               - class com.almasb.fxgl.notification.impl.NotificationServiceProvider
17:40:47.840 [FXGL Background Thread 3 ] DEBUG Engine               - class com.almasb.fxgl.achievement.AchievementService
17:40:47.840 [FXGL Background Thread 3 ] DEBUG Engine               - class com.almasb.fxgl.cutscene.CutsceneService
17:40:47.841 [FXGL Background Thread 3 ] DEBUG Engine               - class com.almasb.fxgl.minigames.MiniGameService
17:40:47.841 [FXGL Background Thread 3 ] DEBUG Engine               - class com.almasb.fxgl.net.NetService
17:40:47.842 [FXGL Background Thread 3 ] DEBUG Engine               - class com.almasb.fxgl.app.services.UpdaterService
17:40:47.842 [FXGL Background Thread 3 ] DEBUG Engine               - class com.almasb.fxgl.dev.DevService
17:40:48.350 [Thread-3                 ] DEBUG Endpoint             - TCPServer opening new connection (1) from /127.0.0.1:53388 type: class java.lang.String
17:40:48.355 [Thread-3                 ] DEBUG Endpoint             - TCPServer successfully opened connection (1)
17:40:48.363 [TCPServer_SendThread-1   ] DEBUG Writers              - Getting MessageWriter for TCP-class java.lang.String
17:40:48.363 [TCPServer_RecvThread-1   ] DEBUG Readers              - Getting MessageReader for class java.lang.String
17:40:48.365 [TCPServer_SendThread-1   ] DEBUG Writers              - Constructed MessageWriter for class java.lang.String: 
17:40:48.366 [TCPServer_RecvThread-1   ] DEBUG Readers              - Constructed MessageReader for class java.lang.String: MessageReaderS
17:41:20.767 [JavaFX Application Thread] DEBUG FXGLApplication      - Exiting FXGL
17:41:20.768 [JavaFX Application Thread] DEBUG LoopRunner           - Stopping loop
17:41:20.768 [JavaFX Application Thread] DEBUG SystemBundleService  - Saving FXGL system data
17:41:20.770 [JavaFX Application Thread] DEBUG FileSystemAccess     - Writing to: C:\Users\Stephens\Documents\University of Brighton\Year 3 2021-2022\Semester 1\Multiplayer Game Development\ci628server-win\bin\system\fxgl.bundle
17:41:20.772 [JavaFX Application Thread] DEBUG Async                - Shutting down background threads
17:41:20.772 [JavaFX Application Thread] DEBUG MainWindow           - Closing main window
17:41:20.781 [JavaFX Application Thread] DEBUG Logger               - Closing Logger
