18:10:05.613 [main                     ] DEBUG Logger               - Configured Logger
18:10:05.631 [main                     ] DEBUG GameApplication      - Logging settings
Title: Pong
Version: 1.0
Width: 800
Height: 600
Fullscreen: false
Intro: false
Profiling: false
Single step:false
App Mode: DEBUG
Menu Key: ESCAPE
Stage Style: DECORATED
Scene Factory: class com.almasb.fxgl.app.scene.SceneFactory

18:10:05.914 [JavaFX Application Thread] DEBUG FXGLApplication      - Initializing FXGL
18:10:05.918 [JavaFX Application Thread] INFO  Engine               - FXGL-dev-SNAPSHOT (29.08.2020 12.19) on WINDOWS (J:12 FX:14)
18:10:05.918 [JavaFX Application Thread] DEBUG Engine               - JRE Vendor Name: Oracle Corporation
18:10:05.918 [JavaFX Application Thread] DEBUG Engine               - Running on OS: Windows 10 version 10.0
18:10:05.918 [JavaFX Application Thread] DEBUG Engine               - Architecture: amd64
18:10:05.919 [JavaFX Application Thread] INFO  Engine               - Source code and latest versions at: https://github.com/AlmasB/FXGL
18:10:05.919 [JavaFX Application Thread] INFO  Engine               -              Join the FXGL chat at: https://gitter.im/AlmasB/FXGL
18:10:05.980 [JavaFX Application Thread] DEBUG MainWindow           - Creating a JavaFX scene
18:10:06.022 [JavaFX Application Thread] DEBUG MainWindow           - Target settings size: 800.0 x 600.0
18:10:06.022 [JavaFX Application Thread] DEBUG MainWindow           - Scaled scene size:    800.0 x 600.0
18:10:06.022 [JavaFX Application Thread] DEBUG MainWindow           - Scaled ratio: (1.0, 1.0)
18:10:06.023 [JavaFX Application Thread] DEBUG MainWindow           - Set initial scene to StartupScene
18:10:06.027 [JavaFX Application Thread] DEBUG MainWindow           - Opening main window
18:10:06.100 [JavaFX Application Thread] DEBUG MainWindow           - Window border size: (14.66668701171875, 37.33331298828125)
18:10:06.102 [JavaFX Application Thread] DEBUG MainWindow           - Scaled size: 800.0 x 600.0
18:10:06.103 [JavaFX Application Thread] DEBUG MainWindow           - Scaled ratio: (1.0, 1.0)
18:10:06.105 [JavaFX Application Thread] DEBUG MainWindow           - Scene size: 800.0 x 600.0
18:10:06.106 [JavaFX Application Thread] DEBUG MainWindow           - Stage size: 814.6666870117188 x 637.3333129882812
18:10:06.112 [FXGL Background Thread 1 ] DEBUG Engine               - Initializing environment variables
18:10:06.129 [FXGL Background Thread 1 ] DEBUG GameApplicationServi - Applying CSS: fxgl_dark.css
18:10:06.130 [FXGL Background Thread 1 ] DEBUG FXGLAssetLoaderServi - Loading from file system: /assets/ui/css/fxgl_dark.css
18:10:06.162 [FXGL Background Thread 1 ] DEBUG GameApplicationServi - Initializing application scenes
18:10:06.181 [FXGL Background Thread 1 ] DEBUG GameWorld            - Game world initialized
18:10:06.213 [FXGL Background Thread 1 ] DEBUG PhysicsWorld         - Physics world initialized: appHeight=600, physics.ppm=50.0
18:10:06.216 [FXGL Background Thread 1 ] DEBUG GameScene            - Game scene initialized: 800x600
18:10:06.233 [FXGL Background Thread 1 ] DEBUG FXGLAssetLoaderServi - Loading from file system: /assets/textures/particles/trace_horizontal.png
18:10:06.266 [FXGL Background Thread 1 ] DEBUG FXGL.DefaultMenu     - createMenuBodyGameMenu()
18:10:06.289 [FXGL Background Thread 1 ] DEBUG FXGL.DefaultMenu     - createOptionsMenu()
18:10:06.292 [FXGL Background Thread 1 ] DEBUG FXGLAssetLoaderServi - Loading from file system: /assets/textures/particles/smoke.png
18:10:06.329 [FXGL Background Thread 1 ] DEBUG GameApplicationServi - Application scenes initialized
18:10:06.336 [FXGL Background Thread 1 ] DEBUG SystemBundleService  - Loading FXGL system data
18:10:06.339 [FXGL Background Thread 1 ] DEBUG FileSystemAccess     - Reading from: C:\Users\Stephens\Documents\University of Brighton\Year 3 2021-2022\Semester 1\Multiplayer Game Development\ci628server-win\bin\system\fxgl.bundle
18:10:06.344 [FXGL Background Thread 1 ] DEBUG SystemBundleService  - Bundle FXGL: {}
18:10:06.344 [FXGL Background Thread 1 ] DEBUG UpdaterService       - Checking for updates
18:10:06.348 [FXGL Background Thread 4 ] DEBUG FXGLApplication      - Loading fonts
18:10:06.348 [FXGL Background Thread 1 ] DEBUG FXGLApplication      - Loading default localization
18:10:06.348 [FXGL Background Thread 4 ] DEBUG FXGLAssetLoaderServi - Loading from file system: /assets/ui/fonts/pong.ttf
18:10:06.349 [FXGL Background Thread 1 ] DEBUG FXGLAssetLoaderServi - Loading from file system: /assets/languages/english.lang
18:10:06.358 [FXGL Background Thread 1 ] INFO  FXGLApplication      - FXGL initialization took: 0.247 sec
18:10:06.367 [JavaFX Application Thread] DEBUG Input                - Registered new binding: Up1 - W
18:10:06.367 [JavaFX Application Thread] DEBUG Input                - Registered new binding: Down1 - S
18:10:06.368 [JavaFX Application Thread] DEBUG Input                - Registered new binding: Up2 - I
18:10:06.368 [JavaFX Application Thread] DEBUG Input                - Registered new binding: Down2 - K
18:10:06.369 [JavaFX Application Thread] DEBUG FXGLAssetLoaderServi - Loading from file system: /assets/textures/fxgl_icon.png
18:10:06.387 [JavaFX Application Thread] DEBUG FXGLAssetLoaderServi - Loading from file system: /assets/ui/cursors/fxgl_default.png
18:10:06.389 [JavaFX Application Thread] DEBUG Input                - Registered new binding: Screenshot - P
18:10:06.389 [JavaFX Application Thread] DEBUG Input                - Registered new binding: System info dump - CTRL+9
18:10:06.390 [JavaFX Application Thread] DEBUG Input                - Registered new binding: Restart - CTRL+R
18:10:06.390 [JavaFX Application Thread] DEBUG Input                - Registered new binding: Toggle Debug Camera - CTRL+C
18:10:06.397 [JavaFX Application Thread] DEBUG LoopRunner           - Starting loop
18:10:06.398 [JavaFX Application Thread] DEBUG GameApplicationServi - Starting new game
18:10:06.399 [JavaFX Application Thread] DEBUG Input                - Clearing active input actions
18:10:06.408 [JavaFX Application Thread] DEBUG GameApplicationServi - Removing overlay from StartupScene and adding to FXGLLoadingScene
18:10:06.409 [JavaFX Application Thread] DEBUG MainWindow           - StartupScene -> FXGLLoadingScene
18:10:06.409 [JavaFX Application Thread] DEBUG GameApplicationServi - Clearing previous game
18:10:06.410 [JavaFX Application Thread] DEBUG GameScene            - Clearing game scene
18:10:06.410 [JavaFX Application Thread] DEBUG GameWorld            - Clearing game world
18:10:06.411 [JavaFX Application Thread] DEBUG PhysicsWorld         - Clearing physics world
18:10:06.412 [FXGL Background Thread 1 ] DEBUG FXGLApplication      - Initializing game
18:10:06.440 [FXGL Background Thread 1 ] DEBUG FXGLAssetLoaderServi - Loading from file system: /assets/ui/main.fxml
18:10:06.442 [Thread-3                 ] DEBUG TCPServer            - Starting to listen at: 55555 type: class java.lang.String
18:10:06.480 [FXGL Background Thread 1 ] INFO  FXGLApplication      - Game initialization took: 0.067 sec
18:10:06.481 [JavaFX Application Thread] DEBUG Input                - Clearing active input actions
18:10:06.490 [JavaFX Application Thread] DEBUG GameApplicationServi - Removing overlay from FXGLLoadingScene and adding to GameScene
18:10:06.491 [JavaFX Application Thread] DEBUG MainWindow           - FXGLLoadingScene -> GameScene
18:10:06.495 [FXGL Background Thread 4 ] DEBUG FXGLAssetLoaderServi - Loading from file system: /assets/ui/fonts/Abel-Regular.ttf
18:10:06.505 [FXGL Background Thread 4 ] DEBUG FXGLAssetLoaderServi - Loading from file system: /assets/ui/fonts/lucida_console.ttf
18:10:06.515 [FXGL Background Thread 4 ] DEBUG FXGLAssetLoaderServi - Loading from file system: /assets/ui/fonts/Courier-Prime.ttf
18:10:06.527 [JavaFX Application Thread] DEBUG FXGLApplication      - Registering font factories with UI factory
18:10:06.590 [FXGL Background Thread 2 ] WARN  UpdaterService       - Failed to find updates: javax.net.ssl.SSLHandshakeException: Received fatal alert: handshake_failure
18:10:09.257 [Thread-3                 ] DEBUG Endpoint             - TCPServer opening new connection (1) from /127.0.0.1:57066 type: class java.lang.String
18:10:09.265 [Thread-3                 ] DEBUG Endpoint             - TCPServer successfully opened connection (1)
18:10:09.267 [TCPServer_SendThread-1   ] DEBUG Writers              - Getting MessageWriter for TCP-class java.lang.String
18:10:09.272 [TCPServer_RecvThread-1   ] DEBUG Readers              - Getting MessageReader for class java.lang.String
18:10:09.273 [TCPServer_SendThread-1   ] DEBUG Writers              - Constructed MessageWriter for class java.lang.String: 
18:10:09.273 [TCPServer_RecvThread-1   ] DEBUG Readers              - Constructed MessageReader for class java.lang.String: MessageReaderS
18:10:09.348 [FXGL Background Thread 3 ] DEBUG Engine               - Logging environment variables
18:10:09.348 [FXGL Background Thread 3 ] DEBUG Engine               - achievements: []
18:10:09.349 [FXGL Background Thread 3 ] DEBUG Engine               - appIcon: fxgl_icon.png
18:10:09.349 [FXGL Background Thread 3 ] DEBUG Engine               - applicationMode: DEBUG
18:10:09.350 [FXGL Background Thread 3 ] DEBUG Engine               - cSSList: [fxgl_dark.css]
18:10:09.350 [FXGL Background Thread 3 ] DEBUG Engine               - configClass: Optional.empty
18:10:09.351 [FXGL Background Thread 3 ] DEBUG Engine               - credits: []
18:10:09.351 [FXGL Background Thread 3 ] DEBUG Engine               - devBBoxColorProperty: ObjectProperty [value: 0xff0000ff]
18:10:09.353 [FXGL Background Thread 3 ] DEBUG Engine               - devEnableDebugCameraProperty: BooleanProperty [value: false]
18:10:09.354 [FXGL Background Thread 3 ] DEBUG Engine               - devSensorColorProperty: ObjectProperty [value: 0xffff00ff]
18:10:09.355 [FXGL Background Thread 3 ] DEBUG Engine               - devShowBBoxProperty: BooleanProperty [value: false]
18:10:09.357 [FXGL Background Thread 3 ] DEBUG Engine               - devShowPositionProperty: BooleanProperty [value: false]
18:10:09.358 [FXGL Background Thread 3 ] DEBUG Engine               - enabledMenuItems: []
18:10:09.358 [FXGL Background Thread 3 ] DEBUG Engine               - engineServices: [class com.almasb.fxgl.app.FXGLApplication$GameApplicationService, class com.almasb.fxgl.app.services.FXGLDialogService, class com.almasb.fxgl.app.services.IOTaskExecutorService, class com.almasb.fxgl.event.EventBusService, class com.almasb.fxgl.io.FileSystemService, class com.almasb.fxgl.localization.LocalizationService, class com.almasb.fxgl.app.services.FXGLAssetLoaderService, class com.almasb.fxgl.app.services.SystemBundleService, class com.almasb.fxgl.profile.SaveLoadService, class com.almasb.fxgl.ui.FXGLUIFactoryServiceProvider, class com.almasb.fxgl.ui.FXGLDialogFactoryServiceProvider, class com.almasb.fxgl.audio.AudioPlayer, class com.almasb.fxgl.notification.impl.NotificationServiceProvider, class com.almasb.fxgl.achievement.AchievementService, class com.almasb.fxgl.cutscene.CutsceneService, class com.almasb.fxgl.minigames.MiniGameService, class com.almasb.fxgl.net.NetService, class com.almasb.fxgl.app.services.UpdaterService, class com.almasb.fxgl.dev.DevService]
18:10:09.359 [FXGL Background Thread 3 ] DEBUG Engine               - fontGame: Abel-Regular.ttf
18:10:09.360 [FXGL Background Thread 3 ] DEBUG Engine               - fontMono: lucida_console.ttf
18:10:09.360 [FXGL Background Thread 3 ] DEBUG Engine               - fontText: Courier-Prime.ttf
18:10:09.360 [FXGL Background Thread 3 ] DEBUG Engine               - fontUI: pong.ttf
18:10:09.361 [FXGL Background Thread 3 ] DEBUG Engine               - fullScreen: BooleanProperty [value: false]
18:10:09.362 [FXGL Background Thread 3 ] DEBUG Engine               - gameDifficulty: MEDIUM
18:10:09.362 [FXGL Background Thread 3 ] DEBUG Engine               - gameDifficultyProperty: ObjectProperty [value: MEDIUM]
18:10:09.363 [FXGL Background Thread 3 ] DEBUG Engine               - globalMusicVolume: 0.5
18:10:09.363 [FXGL Background Thread 3 ] DEBUG Engine               - globalMusicVolumeProperty: DoubleProperty [value: 0.5]
18:10:09.364 [FXGL Background Thread 3 ] DEBUG Engine               - globalSoundVolume: 0.5
18:10:09.365 [FXGL Background Thread 3 ] DEBUG Engine               - globalSoundVolumeProperty: DoubleProperty [value: 0.5]
18:10:09.365 [FXGL Background Thread 3 ] DEBUG Engine               - height: 600
18:10:09.366 [FXGL Background Thread 3 ] DEBUG Engine               - isAndroid: false
18:10:09.366 [FXGL Background Thread 3 ] DEBUG Engine               - isBrowser: false
18:10:09.367 [FXGL Background Thread 3 ] DEBUG Engine               - isClickFeedbackEnabled: false
18:10:09.367 [FXGL Background Thread 3 ] DEBUG Engine               - isCloseConfirmation: false
18:10:09.367 [FXGL Background Thread 3 ] DEBUG Engine               - isDesktop: true
18:10:09.368 [FXGL Background Thread 3 ] DEBUG Engine               - isDeveloperMenuEnabled: false
18:10:09.368 [FXGL Background Thread 3 ] DEBUG Engine               - isEntityPreloadEnabled: true
18:10:09.369 [FXGL Background Thread 3 ] DEBUG Engine               - isExperimentalNative: false
18:10:09.372 [FXGL Background Thread 3 ] DEBUG Engine               - isExperimentalTiledLargeMap: false
18:10:09.373 [FXGL Background Thread 3 ] DEBUG Engine               - isFileSystemWriteAllowed: true
18:10:09.373 [FXGL Background Thread 3 ] DEBUG Engine               - isFullScreenAllowed: false
18:10:09.374 [FXGL Background Thread 3 ] DEBUG Engine               - isFullScreenFromStart: false
18:10:09.374 [FXGL Background Thread 3 ] DEBUG Engine               - isGameMenuEnabled: true
18:10:09.374 [FXGL Background Thread 3 ] DEBUG Engine               - isIOS: false
18:10:09.375 [FXGL Background Thread 3 ] DEBUG Engine               - isIntroEnabled: false
18:10:09.375 [FXGL Background Thread 3 ] DEBUG Engine               - isLinux: false
18:10:09.376 [FXGL Background Thread 3 ] DEBUG Engine               - isMac: false
18:10:09.376 [FXGL Background Thread 3 ] DEBUG Engine               - isMainMenuEnabled: false
18:10:09.376 [FXGL Background Thread 3 ] DEBUG Engine               - isManualResizeEnabled: false
18:10:09.377 [FXGL Background Thread 3 ] DEBUG Engine               - isMobile: false
18:10:09.377 [FXGL Background Thread 3 ] DEBUG Engine               - isPreserveResizeRatio: false
18:10:09.378 [FXGL Background Thread 3 ] DEBUG Engine               - isProfilingEnabled: false
18:10:09.378 [FXGL Background Thread 3 ] DEBUG Engine               - isSingleStep: false
18:10:09.379 [FXGL Background Thread 3 ] DEBUG Engine               - isUserProfileEnabled: false
18:10:09.379 [FXGL Background Thread 3 ] DEBUG Engine               - isWindows: true
18:10:09.379 [FXGL Background Thread 3 ] DEBUG Engine               - language: ObjectProperty [value: ENGLISH]
18:10:09.380 [FXGL Background Thread 3 ] DEBUG Engine               - menuKey: ESCAPE
18:10:09.380 [FXGL Background Thread 3 ] DEBUG Engine               - notificationViewClass: class com.almasb.fxgl.notification.view.XboxNotificationView
18:10:09.381 [FXGL Background Thread 3 ] DEBUG Engine               - pixelsPerMeter: 50.0
18:10:09.382 [FXGL Background Thread 3 ] DEBUG Engine               - platform: WINDOWS
18:10:09.382 [FXGL Background Thread 3 ] DEBUG Engine               - profileDir: profiles/
18:10:09.383 [FXGL Background Thread 3 ] DEBUG Engine               - profileName: StringProperty [value: DEFAULT]
18:10:09.383 [FXGL Background Thread 3 ] DEBUG Engine               - randomSeed: -1
18:10:09.384 [FXGL Background Thread 3 ] DEBUG Engine               - runtimeInfo: RuntimeInfo(platform=WINDOWS, version=dev-SNAPSHOT, build=29.08.2020 12.19)
18:10:09.385 [FXGL Background Thread 3 ] DEBUG Engine               - saveFileExt: sav
18:10:09.389 [FXGL Background Thread 3 ] DEBUG Engine               - sceneFactory: com.almasb.fxgl.app.scene.SceneFactory@289ba785
18:10:09.390 [FXGL Background Thread 3 ] DEBUG Engine               - secondsIn24h: 60
18:10:09.390 [FXGL Background Thread 3 ] DEBUG Engine               - soundMenuBack: menu/back.wav
18:10:09.391 [FXGL Background Thread 3 ] DEBUG Engine               - soundMenuPress: menu/press.wav
18:10:09.391 [FXGL Background Thread 3 ] DEBUG Engine               - soundMenuSelect: menu/select.wav
18:10:09.392 [FXGL Background Thread 3 ] DEBUG Engine               - soundNotification: core/notification.wav
18:10:09.392 [FXGL Background Thread 3 ] DEBUG Engine               - stageStyle: DECORATED
18:10:09.392 [FXGL Background Thread 3 ] DEBUG Engine               - supportedLanguages: [ENGLISH, FRENCH, GERMAN, HUNGARIAN, RUSSIAN]
18:10:09.393 [FXGL Background Thread 3 ] DEBUG Engine               - title: Pong
18:10:09.394 [FXGL Background Thread 3 ] DEBUG Engine               - urlGithub: https://github.com/AlmasB/FXGL
18:10:09.394 [FXGL Background Thread 3 ] DEBUG Engine               - urlLeaderboard: http://fxgl-top.herokuapp.com/
18:10:09.394 [FXGL Background Thread 3 ] DEBUG Engine               - urlPOM: https://raw.githubusercontent.com/AlmasB/FXGL/master/pom.xml
18:10:09.395 [FXGL Background Thread 3 ] DEBUG Engine               - version: 1.0
18:10:09.396 [FXGL Background Thread 3 ] DEBUG Engine               - versionCheckDays: 7
18:10:09.396 [FXGL Background Thread 3 ] DEBUG Engine               - width: 800
18:10:09.396 [FXGL Background Thread 3 ] DEBUG Engine               - Logging services
18:10:09.397 [FXGL Background Thread 3 ] DEBUG Engine               - class com.almasb.fxgl.app.FXGLApplication$GameApplicationService
18:10:09.398 [FXGL Background Thread 3 ] DEBUG Engine               - class com.almasb.fxgl.app.services.FXGLDialogService
18:10:09.398 [FXGL Background Thread 3 ] DEBUG Engine               - class com.almasb.fxgl.app.services.IOTaskExecutorService
18:10:09.399 [FXGL Background Thread 3 ] DEBUG Engine               - class com.almasb.fxgl.event.EventBusService
18:10:09.400 [FXGL Background Thread 3 ] DEBUG Engine               - class com.almasb.fxgl.io.FileSystemService
18:10:09.400 [FXGL Background Thread 3 ] DEBUG Engine               - class com.almasb.fxgl.localization.LocalizationService
18:10:09.401 [FXGL Background Thread 3 ] DEBUG Engine               - class com.almasb.fxgl.app.services.FXGLAssetLoaderService
18:10:09.404 [FXGL Background Thread 3 ] DEBUG Engine               - class com.almasb.fxgl.app.services.SystemBundleService
18:10:09.407 [FXGL Background Thread 3 ] DEBUG Engine               - class com.almasb.fxgl.profile.SaveLoadService
18:10:09.408 [FXGL Background Thread 3 ] DEBUG Engine               - class com.almasb.fxgl.ui.FXGLUIFactoryServiceProvider
18:10:09.409 [FXGL Background Thread 3 ] DEBUG Engine               - class com.almasb.fxgl.ui.FXGLDialogFactoryServiceProvider
18:10:09.410 [FXGL Background Thread 3 ] DEBUG Engine               - class com.almasb.fxgl.audio.AudioPlayer
18:10:09.411 [FXGL Background Thread 3 ] DEBUG Engine               - class com.almasb.fxgl.notification.impl.NotificationServiceProvider
18:10:09.413 [FXGL Background Thread 3 ] DEBUG Engine               - class com.almasb.fxgl.achievement.AchievementService
18:10:09.414 [FXGL Background Thread 3 ] DEBUG Engine               - class com.almasb.fxgl.cutscene.CutsceneService
18:10:09.414 [FXGL Background Thread 3 ] DEBUG Engine               - class com.almasb.fxgl.minigames.MiniGameService
18:10:09.415 [FXGL Background Thread 3 ] DEBUG Engine               - class com.almasb.fxgl.net.NetService
18:10:09.416 [FXGL Background Thread 3 ] DEBUG Engine               - class com.almasb.fxgl.app.services.UpdaterService
18:10:09.416 [FXGL Background Thread 3 ] DEBUG Engine               - class com.almasb.fxgl.dev.DevService
18:10:11.105 [JavaFX Application Thread] DEBUG Input                - Mocking key press: W
18:10:11.338 [JavaFX Application Thread] DEBUG Input                - Mocking key release: W
18:10:11.502 [JavaFX Application Thread] DEBUG Input                - Mocking key press: S
18:10:11.807 [JavaFX Application Thread] DEBUG Input                - Mocking key release: S
18:10:11.918 [JavaFX Application Thread] DEBUG Input                - Mocking key press: W
18:10:12.223 [JavaFX Application Thread] DEBUG Input                - Mocking key release: W
18:10:12.285 [JavaFX Application Thread] DEBUG Input                - Mocking key press: S
18:10:12.593 [JavaFX Application Thread] DEBUG Input                - Mocking key release: S
18:10:12.594 [JavaFX Application Thread] DEBUG Input                - Mocking key press: W
18:10:12.737 [JavaFX Application Thread] DEBUG Input                - Mocking key press: S
18:10:12.785 [JavaFX Application Thread] DEBUG Input                - Mocking key release: W
18:10:13.035 [JavaFX Application Thread] DEBUG Input                - Mocking key press: W
18:10:13.035 [JavaFX Application Thread] DEBUG Input                - Mocking key release: S
18:10:13.285 [JavaFX Application Thread] DEBUG Input                - Mocking key release: W
18:11:31.263 [Thread-3                 ] DEBUG Endpoint             - TCPServer opening new connection (2) from /127.0.0.1:57200 type: class java.lang.String
18:11:31.265 [Thread-3                 ] DEBUG Endpoint             - TCPServer successfully opened connection (2)
18:11:31.267 [TCPServer_SendThread-2   ] DEBUG Writers              - Getting MessageWriter for TCP-class java.lang.String
18:11:31.267 [TCPServer_RecvThread-2   ] DEBUG Readers              - Getting MessageReader for class java.lang.String
18:11:31.267 [TCPServer_SendThread-2   ] DEBUG Writers              - Constructed MessageWriter for class java.lang.String: 
18:11:31.268 [TCPServer_RecvThread-2   ] DEBUG Readers              - Constructed MessageReader for class java.lang.String: MessageReaderS
18:12:30.803 [Thread-3                 ] DEBUG Endpoint             - TCPServer opening new connection (3) from /127.0.0.1:57316 type: class java.lang.String
18:12:30.805 [Thread-3                 ] DEBUG Endpoint             - TCPServer successfully opened connection (3)
18:12:30.806 [TCPServer_RecvThread-3   ] DEBUG Readers              - Getting MessageReader for class java.lang.String
18:12:30.806 [TCPServer_SendThread-3   ] DEBUG Writers              - Getting MessageWriter for TCP-class java.lang.String
18:12:30.806 [TCPServer_RecvThread-3   ] DEBUG Readers              - Constructed MessageReader for class java.lang.String: MessageReaderS
18:12:30.807 [TCPServer_SendThread-3   ] DEBUG Writers              - Constructed MessageWriter for class java.lang.String: 
18:12:32.803 [JavaFX Application Thread] DEBUG Input                - Mocking key press: W
18:12:32.874 [JavaFX Application Thread] DEBUG Input                - Mocking key press: S
18:12:32.946 [JavaFX Application Thread] DEBUG Input                - Mocking key release: S
18:12:32.969 [JavaFX Application Thread] DEBUG Input                - Mocking key release: W
18:12:32.985 [JavaFX Application Thread] DEBUG Input                - Mocking key press: W
18:12:33.185 [JavaFX Application Thread] DEBUG Input                - Mocking key press: S
18:12:33.272 [JavaFX Application Thread] DEBUG Input                - Mocking key release: W
18:12:33.385 [JavaFX Application Thread] DEBUG Input                - Mocking key release: S
18:12:33.385 [JavaFX Application Thread] DEBUG Input                - Mocking key press: W
18:12:33.650 [JavaFX Application Thread] DEBUG Input                - Mocking key release: W
18:12:33.740 [JavaFX Application Thread] DEBUG Input                - Mocking key press: W
18:12:33.758 [JavaFX Application Thread] DEBUG Input                - Mocking key press: S
18:12:33.819 [JavaFX Application Thread] DEBUG Input                - Mocking key release: W
18:12:33.902 [JavaFX Application Thread] DEBUG Input                - Mocking key release: S
18:12:33.920 [JavaFX Application Thread] DEBUG Input                - Mocking key press: W
18:12:34.201 [JavaFX Application Thread] DEBUG Input                - Mocking key press: S
18:12:34.201 [JavaFX Application Thread] DEBUG Input                - Mocking key release: W
18:12:34.285 [JavaFX Application Thread] DEBUG Input                - Mocking key release: S
18:12:34.286 [JavaFX Application Thread] DEBUG Input                - Mocking key press: W
18:12:34.462 [JavaFX Application Thread] DEBUG Input                - Mocking key press: S
18:12:34.480 [JavaFX Application Thread] DEBUG Input                - Mocking key release: W
18:12:34.608 [JavaFX Application Thread] DEBUG Input                - Mocking key release: S
18:12:34.651 [JavaFX Application Thread] DEBUG Input                - Mocking key press: W
18:12:34.785 [JavaFX Application Thread] DEBUG Input                - Mocking key release: W
18:13:41.679 [Thread-3                 ] DEBUG Endpoint             - TCPServer opening new connection (4) from /127.0.0.1:57409 type: class java.lang.String
18:13:41.683 [Thread-3                 ] DEBUG Endpoint             - TCPServer successfully opened connection (4)
18:13:41.684 [TCPServer_RecvThread-4   ] DEBUG Readers              - Getting MessageReader for class java.lang.String
18:13:41.684 [TCPServer_SendThread-4   ] DEBUG Writers              - Getting MessageWriter for TCP-class java.lang.String
18:13:41.685 [TCPServer_RecvThread-4   ] DEBUG Readers              - Constructed MessageReader for class java.lang.String: MessageReaderS
18:13:41.690 [TCPServer_SendThread-4   ] DEBUG Writers              - Constructed MessageWriter for class java.lang.String: 
18:13:43.420 [JavaFX Application Thread] DEBUG Input                - Mocking key press: S
18:13:43.689 [JavaFX Application Thread] DEBUG Input                - Mocking key release: S
18:13:43.801 [JavaFX Application Thread] DEBUG Input                - Mocking key press: W
18:13:44.085 [JavaFX Application Thread] DEBUG Input                - Mocking key press: S
18:13:44.103 [JavaFX Application Thread] DEBUG Input                - Mocking key release: W
18:13:45.052 [JavaFX Application Thread] DEBUG Input                - Mocking key press: W
18:13:45.052 [JavaFX Application Thread] DEBUG Input                - Mocking key release: S
18:13:45.785 [JavaFX Application Thread] DEBUG Input                - Mocking key press: S
18:13:45.785 [JavaFX Application Thread] DEBUG Input                - Mocking key release: W
18:13:46.178 [JavaFX Application Thread] DEBUG Input                - Mocking key press: W
18:13:46.202 [JavaFX Application Thread] DEBUG Input                - Mocking key release: S
18:13:46.486 [JavaFX Application Thread] DEBUG Input                - Mocking key press: S
18:13:46.540 [JavaFX Application Thread] DEBUG Input                - Mocking key release: W
18:13:46.735 [JavaFX Application Thread] DEBUG Input                - Mocking key press: W
18:13:46.769 [JavaFX Application Thread] DEBUG Input                - Mocking key release: S
18:13:47.086 [JavaFX Application Thread] DEBUG Input                - Mocking key release: W
18:13:47.169 [JavaFX Application Thread] DEBUG Input                - Mocking key press: S
18:13:47.202 [JavaFX Application Thread] DEBUG Input                - Mocking key release: S
18:13:47.269 [JavaFX Application Thread] DEBUG Input                - Mocking key press: S
18:13:47.468 [JavaFX Application Thread] DEBUG Input                - Mocking key release: S
18:13:47.601 [JavaFX Application Thread] DEBUG Input                - Mocking key press: W
18:13:48.068 [JavaFX Application Thread] DEBUG Input                - Mocking key release: W
18:13:48.462 [JavaFX Application Thread] DEBUG Input                - Mocking key press: S
18:13:48.768 [JavaFX Application Thread] DEBUG Input                - Mocking key release: S
18:13:49.385 [JavaFX Application Thread] DEBUG Input                - Mocking key press: W
18:13:49.653 [JavaFX Application Thread] DEBUG Input                - Mocking key release: W
18:13:49.886 [JavaFX Application Thread] DEBUG Input                - Mocking key press: S
18:13:50.843 [JavaFX Application Thread] DEBUG Input                - Mocking key release: S
18:13:51.068 [JavaFX Application Thread] DEBUG Input                - Mocking key press: W
18:13:51.871 [JavaFX Application Thread] DEBUG Input                - Mocking key release: W
18:13:51.952 [JavaFX Application Thread] DEBUG Input                - Mocking key press: S
18:13:52.269 [JavaFX Application Thread] DEBUG Input                - Mocking key press: W
18:13:52.303 [JavaFX Application Thread] DEBUG Input                - Mocking key release: S
18:21:14.193 [Thread-3                 ] DEBUG Endpoint             - TCPServer opening new connection (5) from /127.0.0.1:57751 type: class java.lang.String
18:21:14.196 [Thread-3                 ] DEBUG Endpoint             - TCPServer successfully opened connection (5)
18:21:14.197 [TCPServer_RecvThread-5   ] DEBUG Readers              - Getting MessageReader for class java.lang.String
18:21:14.197 [TCPServer_SendThread-5   ] DEBUG Writers              - Getting MessageWriter for TCP-class java.lang.String
18:21:14.197 [TCPServer_RecvThread-5   ] DEBUG Readers              - Constructed MessageReader for class java.lang.String: MessageReaderS
18:21:14.200 [TCPServer_SendThread-5   ] DEBUG Writers              - Constructed MessageWriter for class java.lang.String: 
18:21:16.062 [JavaFX Application Thread] DEBUG Input                - Mocking key press: S
18:21:16.440 [JavaFX Application Thread] DEBUG Input                - Mocking key release: S
18:21:17.805 [JavaFX Application Thread] DEBUG Input                - Mocking key press: S
18:21:18.019 [JavaFX Application Thread] DEBUG Input                - Mocking key release: S
18:21:18.453 [JavaFX Application Thread] DEBUG Input                - Mocking key press: S
18:21:18.941 [JavaFX Application Thread] DEBUG Input                - Mocking key release: S
18:21:19.569 [JavaFX Application Thread] DEBUG Input                - Mocking key press: S
18:21:19.969 [JavaFX Application Thread] DEBUG Input                - Mocking key release: S
18:21:20.113 [JavaFX Application Thread] DEBUG Input                - Mocking key press: W
18:21:20.239 [JavaFX Application Thread] DEBUG Input                - Mocking key release: W
18:21:20.602 [JavaFX Application Thread] DEBUG Input                - Mocking key press: S
18:21:20.602 [JavaFX Application Thread] DEBUG Input                - Mocking key release: S
18:21:21.018 [JavaFX Application Thread] DEBUG Input                - Mocking key press: S
18:21:21.135 [JavaFX Application Thread] DEBUG Input                - Mocking key release: S
18:21:21.230 [JavaFX Application Thread] DEBUG Input                - Mocking key press: S
18:21:21.302 [JavaFX Application Thread] DEBUG Input                - Mocking key release: S
18:21:21.392 [JavaFX Application Thread] DEBUG Input                - Mocking key press: S
18:21:21.452 [JavaFX Application Thread] DEBUG Input                - Mocking key release: S
18:21:21.719 [JavaFX Application Thread] DEBUG Input                - Mocking key press: W
18:21:21.806 [JavaFX Application Thread] DEBUG Input                - Mocking key release: W
18:21:22.095 [JavaFX Application Thread] DEBUG Input                - Mocking key press: S
18:21:22.768 [JavaFX Application Thread] DEBUG Input                - Mocking key release: S
18:21:22.976 [JavaFX Application Thread] DEBUG Input                - Mocking key press: W
18:21:23.068 [JavaFX Application Thread] DEBUG Input                - Mocking key release: W
18:21:23.601 [JavaFX Application Thread] DEBUG Input                - Mocking key press: W
18:21:23.652 [JavaFX Application Thread] DEBUG Input                - Mocking key release: W
18:21:23.722 [JavaFX Application Thread] DEBUG Input                - Mocking key press: W
18:21:23.836 [JavaFX Application Thread] DEBUG Input                - Mocking key release: W
18:21:24.119 [JavaFX Application Thread] DEBUG Input                - Mocking key press: S
18:21:24.174 [JavaFX Application Thread] DEBUG Input                - Mocking key release: S
18:21:24.252 [JavaFX Application Thread] DEBUG Input                - Mocking key press: S
18:21:24.319 [JavaFX Application Thread] DEBUG Input                - Mocking key release: S
18:21:24.402 [JavaFX Application Thread] DEBUG Input                - Mocking key press: S
18:21:24.461 [JavaFX Application Thread] DEBUG Input                - Mocking key release: S
18:21:24.519 [JavaFX Application Thread] DEBUG Input                - Mocking key press: S
18:21:24.587 [JavaFX Application Thread] DEBUG Input                - Mocking key release: S
18:21:24.605 [JavaFX Application Thread] DEBUG Input                - Mocking key press: S
18:21:24.686 [JavaFX Application Thread] DEBUG Input                - Mocking key release: S
18:21:24.819 [JavaFX Application Thread] DEBUG Input                - Mocking key press: S
18:21:24.952 [JavaFX Application Thread] DEBUG Input                - Mocking key release: S
18:21:25.152 [JavaFX Application Thread] DEBUG Input                - Mocking key press: W
18:21:25.852 [JavaFX Application Thread] DEBUG Input                - Mocking key release: W
18:21:25.919 [JavaFX Application Thread] DEBUG Input                - Mocking key press: S
18:21:26.335 [JavaFX Application Thread] DEBUG Input                - Mocking key press: W
18:21:26.635 [JavaFX Application Thread] DEBUG Input                - Mocking key release: S
18:21:26.902 [JavaFX Application Thread] DEBUG Input                - Mocking key press: S
18:21:26.956 [JavaFX Application Thread] DEBUG Input                - Mocking key release: W
18:21:27.485 [JavaFX Application Thread] DEBUG Input                - Mocking key press: W
18:21:27.501 [JavaFX Application Thread] DEBUG Input                - Mocking key release: S
18:21:27.968 [JavaFX Application Thread] DEBUG Input                - Mocking key press: S
18:21:27.985 [JavaFX Application Thread] DEBUG Input                - Mocking key release: W
18:21:28.127 [JavaFX Application Thread] DEBUG Input                - Mocking key release: S
18:21:28.169 [JavaFX Application Thread] DEBUG Input                - Mocking key press: W
18:21:28.271 [JavaFX Application Thread] DEBUG Input                - Mocking key release: W
18:21:28.272 [JavaFX Application Thread] DEBUG Input                - Mocking key press: S
18:21:28.369 [JavaFX Application Thread] DEBUG Input                - Mocking key release: S
18:21:28.386 [JavaFX Application Thread] DEBUG Input                - Mocking key press: W
18:21:28.453 [JavaFX Application Thread] DEBUG Input                - Mocking key press: S
18:21:28.469 [JavaFX Application Thread] DEBUG Input                - Mocking key release: W
18:21:28.577 [JavaFX Application Thread] DEBUG Input                - Mocking key press: W
18:21:28.602 [JavaFX Application Thread] DEBUG Input                - Mocking key release: S
18:21:28.669 [JavaFX Application Thread] DEBUG Input                - Mocking key release: W
18:22:26.185 [Thread-3                 ] DEBUG Endpoint             - TCPServer opening new connection (6) from /127.0.0.1:55043 type: class java.lang.String
18:22:26.188 [Thread-3                 ] DEBUG Endpoint             - TCPServer successfully opened connection (6)
18:22:26.190 [TCPServer_RecvThread-6   ] DEBUG Readers              - Getting MessageReader for class java.lang.String
18:22:26.190 [TCPServer_SendThread-6   ] DEBUG Writers              - Getting MessageWriter for TCP-class java.lang.String
18:22:26.191 [TCPServer_SendThread-6   ] DEBUG Writers              - Constructed MessageWriter for class java.lang.String: 
18:22:26.198 [TCPServer_RecvThread-6   ] DEBUG Readers              - Constructed MessageReader for class java.lang.String: MessageReaderS
18:22:32.273 [JavaFX Application Thread] DEBUG FXGLApplication      - Exiting FXGL
18:22:32.273 [JavaFX Application Thread] DEBUG LoopRunner           - Stopping loop
18:22:32.274 [JavaFX Application Thread] DEBUG SystemBundleService  - Saving FXGL system data
18:22:32.275 [JavaFX Application Thread] DEBUG FileSystemAccess     - Writing to: C:\Users\Stephens\Documents\University of Brighton\Year 3 2021-2022\Semester 1\Multiplayer Game Development\ci628server-win\bin\system\fxgl.bundle
18:22:32.277 [JavaFX Application Thread] DEBUG Async                - Shutting down background threads
18:22:32.278 [JavaFX Application Thread] DEBUG MainWindow           - Closing main window
18:22:32.289 [JavaFX Application Thread] DEBUG Logger               - Closing Logger
