18:07:22.970 [main                     ] DEBUG Logger               - Configured Logger
18:07:22.988 [main                     ] DEBUG GameApplication      - Logging settings
Title: Pong
Version: 1.0
Width: 800
Height: 600
Fullscreen: false
Intro: false
Profiling: false
Single step:false
App Mode: DEBUG
Menu Key: ESCAPE
Stage Style: DECORATED
Scene Factory: class com.almasb.fxgl.app.scene.SceneFactory

18:07:23.263 [JavaFX Application Thread] DEBUG FXGLApplication      - Initializing FXGL
18:07:23.267 [JavaFX Application Thread] INFO  Engine               - FXGL-dev-SNAPSHOT (29.08.2020 12.19) on WINDOWS (J:12 FX:14)
18:07:23.268 [JavaFX Application Thread] DEBUG Engine               - JRE Vendor Name: Oracle Corporation
18:07:23.268 [JavaFX Application Thread] DEBUG Engine               - Running on OS: Windows 10 version 10.0
18:07:23.268 [JavaFX Application Thread] DEBUG Engine               - Architecture: amd64
18:07:23.268 [JavaFX Application Thread] INFO  Engine               - Source code and latest versions at: https://github.com/AlmasB/FXGL
18:07:23.269 [JavaFX Application Thread] INFO  Engine               -              Join the FXGL chat at: https://gitter.im/AlmasB/FXGL
18:07:23.329 [JavaFX Application Thread] DEBUG MainWindow           - Creating a JavaFX scene
18:07:23.370 [JavaFX Application Thread] DEBUG MainWindow           - Target settings size: 800.0 x 600.0
18:07:23.371 [JavaFX Application Thread] DEBUG MainWindow           - Scaled scene size:    800.0 x 600.0
18:07:23.371 [JavaFX Application Thread] DEBUG MainWindow           - Scaled ratio: (1.0, 1.0)
18:07:23.372 [JavaFX Application Thread] DEBUG MainWindow           - Set initial scene to StartupScene
18:07:23.376 [JavaFX Application Thread] DEBUG MainWindow           - Opening main window
18:07:23.435 [JavaFX Application Thread] DEBUG MainWindow           - Window border size: (14.66668701171875, 37.33331298828125)
18:07:23.437 [JavaFX Application Thread] DEBUG MainWindow           - Scaled size: 800.0 x 600.0
18:07:23.438 [JavaFX Application Thread] DEBUG MainWindow           - Scaled ratio: (1.0, 1.0)
18:07:23.440 [JavaFX Application Thread] DEBUG MainWindow           - Scene size: 800.0 x 600.0
18:07:23.441 [JavaFX Application Thread] DEBUG MainWindow           - Stage size: 814.6666870117188 x 637.3333129882812
18:07:23.446 [FXGL Background Thread 1 ] DEBUG Engine               - Initializing environment variables
18:07:23.463 [FXGL Background Thread 1 ] DEBUG GameApplicationServi - Applying CSS: fxgl_dark.css
18:07:23.463 [FXGL Background Thread 1 ] DEBUG FXGLAssetLoaderServi - Loading from file system: /assets/ui/css/fxgl_dark.css
18:07:23.494 [FXGL Background Thread 1 ] DEBUG GameApplicationServi - Initializing application scenes
18:07:23.513 [FXGL Background Thread 1 ] DEBUG GameWorld            - Game world initialized
18:07:23.547 [FXGL Background Thread 1 ] DEBUG PhysicsWorld         - Physics world initialized: appHeight=600, physics.ppm=50.0
18:07:23.550 [FXGL Background Thread 1 ] DEBUG GameScene            - Game scene initialized: 800x600
18:07:23.567 [FXGL Background Thread 1 ] DEBUG FXGLAssetLoaderServi - Loading from file system: /assets/textures/particles/trace_horizontal.png
18:07:23.602 [FXGL Background Thread 1 ] DEBUG FXGL.DefaultMenu     - createMenuBodyGameMenu()
18:07:23.624 [FXGL Background Thread 1 ] DEBUG FXGL.DefaultMenu     - createOptionsMenu()
18:07:23.628 [FXGL Background Thread 1 ] DEBUG FXGLAssetLoaderServi - Loading from file system: /assets/textures/particles/smoke.png
18:07:23.663 [FXGL Background Thread 1 ] DEBUG GameApplicationServi - Application scenes initialized
18:07:23.671 [FXGL Background Thread 1 ] DEBUG SystemBundleService  - Loading FXGL system data
18:07:23.675 [FXGL Background Thread 1 ] DEBUG FileSystemAccess     - Reading from: C:\Users\Stephens\Documents\University of Brighton\Year 3 2021-2022\Semester 1\Multiplayer Game Development\ci628server-win\bin\system\fxgl.bundle
18:07:23.680 [FXGL Background Thread 1 ] DEBUG SystemBundleService  - Bundle FXGL: {}
18:07:23.680 [FXGL Background Thread 1 ] DEBUG UpdaterService       - Checking for updates
18:07:23.684 [FXGL Background Thread 4 ] DEBUG FXGLApplication      - Loading fonts
18:07:23.684 [FXGL Background Thread 1 ] DEBUG FXGLApplication      - Loading default localization
18:07:23.684 [FXGL Background Thread 4 ] DEBUG FXGLAssetLoaderServi - Loading from file system: /assets/ui/fonts/pong.ttf
18:07:23.684 [FXGL Background Thread 1 ] DEBUG FXGLAssetLoaderServi - Loading from file system: /assets/languages/english.lang
18:07:23.695 [FXGL Background Thread 1 ] INFO  FXGLApplication      - FXGL initialization took: 0.249 sec
18:07:23.703 [JavaFX Application Thread] DEBUG Input                - Registered new binding: Up1 - W
18:07:23.703 [JavaFX Application Thread] DEBUG Input                - Registered new binding: Down1 - S
18:07:23.704 [JavaFX Application Thread] DEBUG Input                - Registered new binding: Up2 - I
18:07:23.704 [JavaFX Application Thread] DEBUG Input                - Registered new binding: Down2 - K
18:07:23.705 [JavaFX Application Thread] DEBUG FXGLAssetLoaderServi - Loading from file system: /assets/textures/fxgl_icon.png
18:07:23.718 [JavaFX Application Thread] DEBUG FXGLAssetLoaderServi - Loading from file system: /assets/ui/cursors/fxgl_default.png
18:07:23.720 [JavaFX Application Thread] DEBUG Input                - Registered new binding: Screenshot - P
18:07:23.721 [JavaFX Application Thread] DEBUG Input                - Registered new binding: System info dump - CTRL+9
18:07:23.721 [JavaFX Application Thread] DEBUG Input                - Registered new binding: Restart - CTRL+R
18:07:23.722 [JavaFX Application Thread] DEBUG Input                - Registered new binding: Toggle Debug Camera - CTRL+C
18:07:23.724 [JavaFX Application Thread] DEBUG LoopRunner           - Starting loop
18:07:23.725 [JavaFX Application Thread] DEBUG GameApplicationServi - Starting new game
18:07:23.725 [JavaFX Application Thread] DEBUG Input                - Clearing active input actions
18:07:23.735 [JavaFX Application Thread] DEBUG GameApplicationServi - Removing overlay from StartupScene and adding to FXGLLoadingScene
18:07:23.737 [JavaFX Application Thread] DEBUG MainWindow           - StartupScene -> FXGLLoadingScene
18:07:23.738 [JavaFX Application Thread] DEBUG GameApplicationServi - Clearing previous game
18:07:23.739 [JavaFX Application Thread] DEBUG GameScene            - Clearing game scene
18:07:23.739 [JavaFX Application Thread] DEBUG GameWorld            - Clearing game world
18:07:23.740 [JavaFX Application Thread] DEBUG PhysicsWorld         - Clearing physics world
18:07:23.741 [FXGL Background Thread 1 ] DEBUG FXGLApplication      - Initializing game
18:07:23.764 [FXGL Background Thread 1 ] DEBUG FXGLAssetLoaderServi - Loading from file system: /assets/ui/main.fxml
18:07:23.772 [Thread-3                 ] DEBUG TCPServer            - Starting to listen at: 55555 type: class java.lang.String
18:07:23.808 [FXGL Background Thread 1 ] INFO  FXGLApplication      - Game initialization took: 0.067 sec
18:07:23.813 [JavaFX Application Thread] DEBUG Input                - Clearing active input actions
18:07:23.820 [JavaFX Application Thread] DEBUG GameApplicationServi - Removing overlay from FXGLLoadingScene and adding to GameScene
18:07:23.821 [JavaFX Application Thread] DEBUG MainWindow           - FXGLLoadingScene -> GameScene
18:07:23.832 [FXGL Background Thread 4 ] DEBUG FXGLAssetLoaderServi - Loading from file system: /assets/ui/fonts/Abel-Regular.ttf
18:07:23.841 [FXGL Background Thread 4 ] DEBUG FXGLAssetLoaderServi - Loading from file system: /assets/ui/fonts/lucida_console.ttf
18:07:23.851 [FXGL Background Thread 4 ] DEBUG FXGLAssetLoaderServi - Loading from file system: /assets/ui/fonts/Courier-Prime.ttf
18:07:23.862 [JavaFX Application Thread] DEBUG FXGLApplication      - Registering font factories with UI factory
18:07:23.954 [FXGL Background Thread 2 ] WARN  UpdaterService       - Failed to find updates: javax.net.ssl.SSLHandshakeException: Received fatal alert: handshake_failure
18:07:26.684 [FXGL Background Thread 3 ] DEBUG Engine               - Logging environment variables
18:07:26.684 [FXGL Background Thread 3 ] DEBUG Engine               - achievements: []
18:07:26.685 [FXGL Background Thread 3 ] DEBUG Engine               - appIcon: fxgl_icon.png
18:07:26.685 [FXGL Background Thread 3 ] DEBUG Engine               - applicationMode: DEBUG
18:07:26.686 [FXGL Background Thread 3 ] DEBUG Engine               - cSSList: [fxgl_dark.css]
18:07:26.686 [FXGL Background Thread 3 ] DEBUG Engine               - configClass: Optional.empty
18:07:26.687 [FXGL Background Thread 3 ] DEBUG Engine               - credits: []
18:07:26.687 [FXGL Background Thread 3 ] DEBUG Engine               - devBBoxColorProperty: ObjectProperty [value: 0xff0000ff]
18:07:26.688 [FXGL Background Thread 3 ] DEBUG Engine               - devEnableDebugCameraProperty: BooleanProperty [value: false]
18:07:26.689 [FXGL Background Thread 3 ] DEBUG Engine               - devSensorColorProperty: ObjectProperty [value: 0xffff00ff]
18:07:26.690 [FXGL Background Thread 3 ] DEBUG Engine               - devShowBBoxProperty: BooleanProperty [value: false]
18:07:26.690 [FXGL Background Thread 3 ] DEBUG Engine               - devShowPositionProperty: BooleanProperty [value: false]
18:07:26.691 [FXGL Background Thread 3 ] DEBUG Engine               - enabledMenuItems: []
18:07:26.691 [FXGL Background Thread 3 ] DEBUG Engine               - engineServices: [class com.almasb.fxgl.app.FXGLApplication$GameApplicationService, class com.almasb.fxgl.app.services.FXGLDialogService, class com.almasb.fxgl.app.services.IOTaskExecutorService, class com.almasb.fxgl.event.EventBusService, class com.almasb.fxgl.io.FileSystemService, class com.almasb.fxgl.localization.LocalizationService, class com.almasb.fxgl.app.services.FXGLAssetLoaderService, class com.almasb.fxgl.app.services.SystemBundleService, class com.almasb.fxgl.profile.SaveLoadService, class com.almasb.fxgl.ui.FXGLUIFactoryServiceProvider, class com.almasb.fxgl.ui.FXGLDialogFactoryServiceProvider, class com.almasb.fxgl.audio.AudioPlayer, class com.almasb.fxgl.notification.impl.NotificationServiceProvider, class com.almasb.fxgl.achievement.AchievementService, class com.almasb.fxgl.cutscene.CutsceneService, class com.almasb.fxgl.minigames.MiniGameService, class com.almasb.fxgl.net.NetService, class com.almasb.fxgl.app.services.UpdaterService, class com.almasb.fxgl.dev.DevService]
18:07:26.692 [FXGL Background Thread 3 ] DEBUG Engine               - fontGame: Abel-Regular.ttf
18:07:26.693 [FXGL Background Thread 3 ] DEBUG Engine               - fontMono: lucida_console.ttf
18:07:26.693 [FXGL Background Thread 3 ] DEBUG Engine               - fontText: Courier-Prime.ttf
18:07:26.693 [FXGL Background Thread 3 ] DEBUG Engine               - fontUI: pong.ttf
18:07:26.694 [FXGL Background Thread 3 ] DEBUG Engine               - fullScreen: BooleanProperty [value: false]
18:07:26.694 [FXGL Background Thread 3 ] DEBUG Engine               - gameDifficulty: MEDIUM
18:07:26.695 [FXGL Background Thread 3 ] DEBUG Engine               - gameDifficultyProperty: ObjectProperty [value: MEDIUM]
18:07:26.695 [FXGL Background Thread 3 ] DEBUG Engine               - globalMusicVolume: 0.5
18:07:26.696 [FXGL Background Thread 3 ] DEBUG Engine               - globalMusicVolumeProperty: DoubleProperty [value: 0.5]
18:07:26.696 [FXGL Background Thread 3 ] DEBUG Engine               - globalSoundVolume: 0.5
18:07:26.697 [FXGL Background Thread 3 ] DEBUG Engine               - globalSoundVolumeProperty: DoubleProperty [value: 0.5]
18:07:26.697 [FXGL Background Thread 3 ] DEBUG Engine               - height: 600
18:07:26.698 [FXGL Background Thread 3 ] DEBUG Engine               - isAndroid: false
18:07:26.698 [FXGL Background Thread 3 ] DEBUG Engine               - isBrowser: false
18:07:26.699 [FXGL Background Thread 3 ] DEBUG Engine               - isClickFeedbackEnabled: false
18:07:26.699 [FXGL Background Thread 3 ] DEBUG Engine               - isCloseConfirmation: false
18:07:26.699 [FXGL Background Thread 3 ] DEBUG Engine               - isDesktop: true
18:07:26.700 [FXGL Background Thread 3 ] DEBUG Engine               - isDeveloperMenuEnabled: false
18:07:26.700 [FXGL Background Thread 3 ] DEBUG Engine               - isEntityPreloadEnabled: true
18:07:26.701 [FXGL Background Thread 3 ] DEBUG Engine               - isExperimentalNative: false
18:07:26.701 [FXGL Background Thread 3 ] DEBUG Engine               - isExperimentalTiledLargeMap: false
18:07:26.701 [FXGL Background Thread 3 ] DEBUG Engine               - isFileSystemWriteAllowed: true
18:07:26.702 [FXGL Background Thread 3 ] DEBUG Engine               - isFullScreenAllowed: false
18:07:26.702 [FXGL Background Thread 3 ] DEBUG Engine               - isFullScreenFromStart: false
18:07:26.706 [FXGL Background Thread 3 ] DEBUG Engine               - isGameMenuEnabled: true
18:07:26.706 [FXGL Background Thread 3 ] DEBUG Engine               - isIOS: false
18:07:26.706 [FXGL Background Thread 3 ] DEBUG Engine               - isIntroEnabled: false
18:07:26.707 [FXGL Background Thread 3 ] DEBUG Engine               - isLinux: false
18:07:26.707 [FXGL Background Thread 3 ] DEBUG Engine               - isMac: false
18:07:26.708 [FXGL Background Thread 3 ] DEBUG Engine               - isMainMenuEnabled: false
18:07:26.709 [FXGL Background Thread 3 ] DEBUG Engine               - isManualResizeEnabled: false
18:07:26.709 [FXGL Background Thread 3 ] DEBUG Engine               - isMobile: false
18:07:26.710 [FXGL Background Thread 3 ] DEBUG Engine               - isPreserveResizeRatio: false
18:07:26.710 [FXGL Background Thread 3 ] DEBUG Engine               - isProfilingEnabled: false
18:07:26.711 [FXGL Background Thread 3 ] DEBUG Engine               - isSingleStep: false
18:07:26.711 [FXGL Background Thread 3 ] DEBUG Engine               - isUserProfileEnabled: false
18:07:26.711 [FXGL Background Thread 3 ] DEBUG Engine               - isWindows: true
18:07:26.712 [FXGL Background Thread 3 ] DEBUG Engine               - language: ObjectProperty [value: ENGLISH]
18:07:26.712 [FXGL Background Thread 3 ] DEBUG Engine               - menuKey: ESCAPE
18:07:26.713 [FXGL Background Thread 3 ] DEBUG Engine               - notificationViewClass: class com.almasb.fxgl.notification.view.XboxNotificationView
18:07:26.713 [FXGL Background Thread 3 ] DEBUG Engine               - pixelsPerMeter: 50.0
18:07:26.714 [FXGL Background Thread 3 ] DEBUG Engine               - platform: WINDOWS
18:07:26.714 [FXGL Background Thread 3 ] DEBUG Engine               - profileDir: profiles/
18:07:26.715 [FXGL Background Thread 3 ] DEBUG Engine               - profileName: StringProperty [value: DEFAULT]
18:07:26.715 [FXGL Background Thread 3 ] DEBUG Engine               - randomSeed: -1
18:07:26.716 [FXGL Background Thread 3 ] DEBUG Engine               - runtimeInfo: RuntimeInfo(platform=WINDOWS, version=dev-SNAPSHOT, build=29.08.2020 12.19)
18:07:26.716 [FXGL Background Thread 3 ] DEBUG Engine               - saveFileExt: sav
18:07:26.717 [FXGL Background Thread 3 ] DEBUG Engine               - sceneFactory: com.almasb.fxgl.app.scene.SceneFactory@3d8d404b
18:07:26.719 [FXGL Background Thread 3 ] DEBUG Engine               - secondsIn24h: 60
18:07:26.721 [FXGL Background Thread 3 ] DEBUG Engine               - soundMenuBack: menu/back.wav
18:07:26.722 [FXGL Background Thread 3 ] DEBUG Engine               - soundMenuPress: menu/press.wav
18:07:26.722 [FXGL Background Thread 3 ] DEBUG Engine               - soundMenuSelect: menu/select.wav
18:07:26.723 [FXGL Background Thread 3 ] DEBUG Engine               - soundNotification: core/notification.wav
18:07:26.723 [FXGL Background Thread 3 ] DEBUG Engine               - stageStyle: DECORATED
18:07:26.723 [FXGL Background Thread 3 ] DEBUG Engine               - supportedLanguages: [ENGLISH, FRENCH, GERMAN, HUNGARIAN, RUSSIAN]
18:07:26.724 [FXGL Background Thread 3 ] DEBUG Engine               - title: Pong
18:07:26.724 [FXGL Background Thread 3 ] DEBUG Engine               - urlGithub: https://github.com/AlmasB/FXGL
18:07:26.725 [FXGL Background Thread 3 ] DEBUG Engine               - urlLeaderboard: http://fxgl-top.herokuapp.com/
18:07:26.725 [FXGL Background Thread 3 ] DEBUG Engine               - urlPOM: https://raw.githubusercontent.com/AlmasB/FXGL/master/pom.xml
18:07:26.726 [FXGL Background Thread 3 ] DEBUG Engine               - version: 1.0
18:07:26.726 [FXGL Background Thread 3 ] DEBUG Engine               - versionCheckDays: 7
18:07:26.727 [FXGL Background Thread 3 ] DEBUG Engine               - width: 800
18:07:26.727 [FXGL Background Thread 3 ] DEBUG Engine               - Logging services
18:07:26.727 [FXGL Background Thread 3 ] DEBUG Engine               - class com.almasb.fxgl.app.FXGLApplication$GameApplicationService
18:07:26.728 [FXGL Background Thread 3 ] DEBUG Engine               - class com.almasb.fxgl.app.services.FXGLDialogService
18:07:26.729 [FXGL Background Thread 3 ] DEBUG Engine               - class com.almasb.fxgl.app.services.IOTaskExecutorService
18:07:26.731 [FXGL Background Thread 3 ] DEBUG Engine               - class com.almasb.fxgl.event.EventBusService
18:07:26.732 [FXGL Background Thread 3 ] DEBUG Engine               - class com.almasb.fxgl.io.FileSystemService
18:07:26.732 [FXGL Background Thread 3 ] DEBUG Engine               - class com.almasb.fxgl.localization.LocalizationService
18:07:26.733 [FXGL Background Thread 3 ] DEBUG Engine               - class com.almasb.fxgl.app.services.FXGLAssetLoaderService
18:07:26.736 [FXGL Background Thread 3 ] DEBUG Engine               - class com.almasb.fxgl.app.services.SystemBundleService
18:07:26.737 [FXGL Background Thread 3 ] DEBUG Engine               - class com.almasb.fxgl.profile.SaveLoadService
18:07:26.737 [FXGL Background Thread 3 ] DEBUG Engine               - class com.almasb.fxgl.ui.FXGLUIFactoryServiceProvider
18:07:26.738 [FXGL Background Thread 3 ] DEBUG Engine               - class com.almasb.fxgl.ui.FXGLDialogFactoryServiceProvider
18:07:26.739 [FXGL Background Thread 3 ] DEBUG Engine               - class com.almasb.fxgl.audio.AudioPlayer
18:07:26.739 [FXGL Background Thread 3 ] DEBUG Engine               - class com.almasb.fxgl.notification.impl.NotificationServiceProvider
18:07:26.740 [FXGL Background Thread 3 ] DEBUG Engine               - class com.almasb.fxgl.achievement.AchievementService
18:07:26.741 [FXGL Background Thread 3 ] DEBUG Engine               - class com.almasb.fxgl.cutscene.CutsceneService
18:07:26.741 [FXGL Background Thread 3 ] DEBUG Engine               - class com.almasb.fxgl.minigames.MiniGameService
18:07:26.742 [FXGL Background Thread 3 ] DEBUG Engine               - class com.almasb.fxgl.net.NetService
18:07:26.742 [FXGL Background Thread 3 ] DEBUG Engine               - class com.almasb.fxgl.app.services.UpdaterService
18:07:26.742 [FXGL Background Thread 3 ] DEBUG Engine               - class com.almasb.fxgl.dev.DevService
18:08:30.984 [Thread-3                 ] DEBUG Endpoint             - TCPServer opening new connection (1) from /127.0.0.1:56904 type: class java.lang.String
18:08:30.987 [Thread-3                 ] DEBUG Endpoint             - TCPServer successfully opened connection (1)
18:08:30.989 [TCPServer_SendThread-1   ] DEBUG Writers              - Getting MessageWriter for TCP-class java.lang.String
18:08:30.990 [TCPServer_RecvThread-1   ] DEBUG Readers              - Getting MessageReader for class java.lang.String
18:08:30.990 [TCPServer_SendThread-1   ] DEBUG Writers              - Constructed MessageWriter for class java.lang.String: 
18:08:30.991 [TCPServer_RecvThread-1   ] DEBUG Readers              - Constructed MessageReader for class java.lang.String: MessageReaderS
18:08:35.586 [JavaFX Application Thread] DEBUG Input                - Mocking key press: S
18:08:35.925 [JavaFX Application Thread] DEBUG Input                - Mocking key release: S
18:08:36.034 [JavaFX Application Thread] DEBUG Input                - Mocking key press: S
18:08:36.184 [JavaFX Application Thread] DEBUG Input                - Mocking key release: S
18:08:36.501 [JavaFX Application Thread] DEBUG Input                - Mocking key press: W
18:08:36.663 [JavaFX Application Thread] DEBUG Input                - Mocking key release: W
18:08:36.851 [JavaFX Application Thread] DEBUG Input                - Mocking key press: S
18:08:36.971 [JavaFX Application Thread] DEBUG Input                - Mocking key release: S
18:08:42.221 [JavaFX Application Thread] DEBUG FXGLApplication      - Exiting FXGL
18:08:42.221 [JavaFX Application Thread] DEBUG LoopRunner           - Stopping loop
18:08:42.222 [JavaFX Application Thread] DEBUG SystemBundleService  - Saving FXGL system data
18:08:42.223 [JavaFX Application Thread] DEBUG FileSystemAccess     - Writing to: C:\Users\Stephens\Documents\University of Brighton\Year 3 2021-2022\Semester 1\Multiplayer Game Development\ci628server-win\bin\system\fxgl.bundle
18:08:42.225 [JavaFX Application Thread] DEBUG Async                - Shutting down background threads
18:08:42.226 [JavaFX Application Thread] DEBUG MainWindow           - Closing main window
18:08:42.237 [JavaFX Application Thread] DEBUG Logger               - Closing Logger
